<?xml version="1.0" encoding="UTF-8"?>
<robot generator="Robot 4.1.3 (Python 3.10.2 on win32)" generated="20220316 10:11:28.801" rpa="false" schemaversion="2">
<suite id="s1" name="Task2 Openemr Suite" source="D:\ROBOT\Robot_Project\selenium_suite\task2_openemr_suite.robot">
<test id="s1-t1" name="TC1">
<kw name="Open Browser" library="SeleniumLibrary">
<arg>browser=chrome</arg>
<arg>executable_path=${EXECDIR}${/}driver${/}chromedriver.exe</arg>
<doc>Opens a new browser instance to the optional ``url``.</doc>
<msg timestamp="20220316 10:11:29.419" level="INFO">Opening browser 'chrome' to base url 'None'.</msg>
<status status="PASS" starttime="20220316 10:11:29.418" endtime="20220316 10:11:32.434"/>
</kw>
<kw name="Maximize Browser Window" library="SeleniumLibrary">
<doc>Maximizes current browser window.</doc>
<status status="PASS" starttime="20220316 10:11:32.451" endtime="20220316 10:11:32.620"/>
</kw>
<kw name="Set Selenium Implicit Wait" library="SeleniumLibrary">
<arg>20s</arg>
<doc>Sets the implicit wait value used by Selenium.</doc>
<status status="PASS" starttime="20220316 10:11:32.621" endtime="20220316 10:11:32.624"/>
</kw>
<kw name="Go To" library="SeleniumLibrary">
<arg>url=http://demo.openemr.io/b/openemr</arg>
<doc>Navigates the current browser window to the provided ``url``.</doc>
<msg timestamp="20220316 10:11:32.625" level="INFO">Opening url 'http://demo.openemr.io/b/openemr'</msg>
<status status="PASS" starttime="20220316 10:11:32.624" endtime="20220316 10:11:37.762"/>
</kw>
<kw name="Input Text" library="SeleniumLibrary">
<arg>id=authUser</arg>
<arg>admin</arg>
<doc>Types the given ``text`` into the text field identified by ``locator``.</doc>
<msg timestamp="20220316 10:11:37.765" level="INFO">Typing text 'admin' into text field 'id=authUser'.</msg>
<status status="PASS" starttime="20220316 10:11:37.763" endtime="20220316 10:11:38.118"/>
</kw>
<kw name="Input Text" library="SeleniumLibrary">
<arg>id=clearPass</arg>
<arg>pass</arg>
<doc>Types the given ``text`` into the text field identified by ``locator``.</doc>
<msg timestamp="20220316 10:11:38.119" level="INFO">Typing text 'pass' into text field 'id=clearPass'.</msg>
<status status="PASS" starttime="20220316 10:11:38.118" endtime="20220316 10:11:38.340"/>
</kw>
<kw name="Select From List By Label" library="SeleniumLibrary">
<arg>xpath=//select[@name="languageChoice"]</arg>
<arg>English (Indian)</arg>
<doc>Selects options from selection list ``locator`` by ``labels``.</doc>
<msg timestamp="20220316 10:11:38.343" level="INFO">Selecting options from selection list 'xpath=//select[@name="languageChoice"]' by label English (Indian).</msg>
<status status="PASS" starttime="20220316 10:11:38.342" endtime="20220316 10:11:38.538"/>
</kw>
<kw name="Click Element" library="SeleniumLibrary">
<arg>xpath=//button[contains(text(),'Login')]</arg>
<doc>Click the element identified by ``locator``.</doc>
<msg timestamp="20220316 10:11:38.542" level="INFO">Clicking element 'xpath=//button[contains(text(),'Login')]'.</msg>
<status status="PASS" starttime="20220316 10:11:38.540" endtime="20220316 10:11:42.877"/>
</kw>
<kw name="Click Element" library="SeleniumLibrary">
<arg>xpath=//div[contains(text(),'Messages')]</arg>
<doc>Click the element identified by ``locator``.</doc>
<msg timestamp="20220316 10:11:42.880" level="INFO">Clicking element 'xpath=//div[contains(text(),'Messages')]'.</msg>
<status status="PASS" starttime="20220316 10:11:42.879" endtime="20220316 10:11:43.017"/>
</kw>
<kw name="Select Frame" library="SeleniumLibrary">
<arg>xpath=//iframe[@name='msg']</arg>
<doc>Sets frame identified by ``locator`` as the current frame.</doc>
<msg timestamp="20220316 10:11:43.019" level="INFO">Selecting frame 'xpath=//iframe[@name='msg']'.</msg>
<status status="PASS" starttime="20220316 10:11:43.019" endtime="20220316 10:11:43.816"/>
</kw>
<kw name="Click Element" library="SeleniumLibrary">
<arg>partial link=Add New</arg>
<doc>Click the element identified by ``locator``.</doc>
<msg timestamp="20220316 10:11:43.818" level="INFO">Clicking element 'partial link=Add New'.</msg>
<status status="PASS" starttime="20220316 10:11:43.817" endtime="20220316 10:11:44.846"/>
</kw>
<kw name="Input Text" library="SeleniumLibrary">
<arg>id=note</arg>
<arg>Hello</arg>
<doc>Types the given ``text`` into the text field identified by ``locator``.</doc>
<msg timestamp="20220316 10:11:44.850" level="INFO">Typing text 'Hello' into text field 'id=note'.</msg>
<status status="PASS" starttime="20220316 10:11:44.849" endtime="20220316 10:11:44.976"/>
</kw>
<kw name="Select From List By Label" library="SeleniumLibrary">
<arg>id=form_note_type</arg>
<arg>Pharmacy</arg>
<doc>Selects options from selection list ``locator`` by ``labels``.</doc>
<msg timestamp="20220316 10:11:44.977" level="INFO">Selecting options from selection list 'id=form_note_type' by label Pharmacy.</msg>
<status status="PASS" starttime="20220316 10:11:44.977" endtime="20220316 10:11:45.105"/>
</kw>
<kw name="Select From List By Label" library="SeleniumLibrary">
<arg>id=form_message_status</arg>
<arg>Forwarded</arg>
<doc>Selects options from selection list ``locator`` by ``labels``.</doc>
<msg timestamp="20220316 10:11:45.107" level="INFO">Selecting options from selection list 'id=form_message_status' by label Forwarded.</msg>
<status status="PASS" starttime="20220316 10:11:45.106" endtime="20220316 10:11:45.238"/>
</kw>
<kw name="Select From List By Index" library="SeleniumLibrary">
<arg>id=users</arg>
<arg>1</arg>
<doc>Selects options from selection list ``locator`` by ``indexes``.</doc>
<msg timestamp="20220316 10:11:45.239" level="INFO">Selecting options from selection list 'id=users' by index 1.</msg>
<status status="PASS" starttime="20220316 10:11:45.239" endtime="20220316 10:11:45.406"/>
</kw>
<kw name="Click Element" library="SeleniumLibrary">
<arg>id=newnote</arg>
<doc>Click the element identified by ``locator``.</doc>
<msg timestamp="20220316 10:11:45.408" level="INFO">Clicking element 'id=newnote'.</msg>
<status status="PASS" starttime="20220316 10:11:45.407" endtime="20220316 10:11:45.651"/>
</kw>
<kw name="Element Text Should Be" library="SeleniumLibrary">
<arg>//span[@id='error_reply_to']</arg>
<arg>Please choose a patient</arg>
<doc>Verifies that element ``locator`` contains exact the text ``expected``.</doc>
<msg timestamp="20220316 10:11:45.719" level="INFO">Verifying element '//span[@id='error_reply_to']' contains exact text 'Please choose a patient'.</msg>
<status status="PASS" starttime="20220316 10:11:45.718" endtime="20220316 10:11:45.944"/>
</kw>
<kw name="Unselect Frame" library="SeleniumLibrary">
<doc>Sets the main frame as the current frame.</doc>
<status status="PASS" starttime="20220316 10:11:45.946" endtime="20220316 10:11:45.950"/>
</kw>
<kw name="Close Browser" library="SeleniumLibrary" type="TEARDOWN">
<doc>Closes the current browser.</doc>
<status status="PASS" starttime="20220316 10:11:45.952" endtime="20220316 10:11:48.847"/>
</kw>
<status status="PASS" starttime="20220316 10:11:29.416" endtime="20220316 10:11:48.848"/>
</test>
<status status="PASS" starttime="20220316 10:11:28.806" endtime="20220316 10:11:48.850"/>
</suite>
<statistics>
<total>
<stat pass="1" fail="0" skip="0">All Tests</stat>
</total>
<tag>
</tag>
<suite>
<stat pass="1" fail="0" skip="0" id="s1" name="Task2 Openemr Suite">Task2 Openemr Suite</stat>
</suite>
</statistics>
<errors>
</errors>
</robot>
