<?xml version="1.0" encoding="UTF-8"?>
<robot generator="Robot 4.1.3 (Python 3.10.2 on win32)" generated="20220321 11:23:50.622" rpa="false" schemaversion="2">
<suite id="s1" name="Demo1 Login Suite" source="D:\ROBOT\Robot_Project\appium_suite\demo1_login_suite.robot">
<test id="s1-t1" name="TC1">
<kw name="Open Application" library="AppiumLibrary">
<arg>remote_url=http://hub-cloud.browserstack.com/wd/hub</arg>
<arg>browserstack.user=anupriyas_WVpBtl</arg>
<arg>browserstack.key=yCZbbsxYqzodMsqBppGA</arg>
<arg>app=bs://4fe8b9a263c1dac4a33cbdba5266ad74ac43fd58</arg>
<arg>device=Google Pixel 3</arg>
<arg>os_version=9.0</arg>
<arg>project=LT5 Appium Concept</arg>
<arg>build=LT5 Appium Build</arg>
<arg>name=khan academy</arg>
<doc>Opens a new application to given Appium server.
Capabilities of appium server, Android and iOS,
Please check https://github.com/appium/appium/blob/master/docs/en/writing-running-appium/server-args.md
| *Option*            | *Man.* | *Description*     |
| remote_url          | Yes    | Appium server url |
| alias               | no     | alias             |</doc>
<status status="PASS" starttime="20220321 11:23:53.721" endtime="20220321 11:24:34.771"/>
</kw>
<kw name="Sleep" library="BuiltIn">
<arg>2s</arg>
<doc>Pauses the test executed for the given time.</doc>
<msg timestamp="20220321 11:24:36.778" level="INFO">Slept 2 seconds</msg>
<status status="PASS" starttime="20220321 11:24:34.773" endtime="20220321 11:24:36.778"/>
</kw>
<kw name="Close Application" library="AppiumLibrary">
<doc>Closes the current application and also close webdriver session.</doc>
<status status="PASS" starttime="20220321 11:24:36.779" endtime="20220321 11:24:38.322"/>
</kw>
<status status="PASS" starttime="20220321 11:23:53.721" endtime="20220321 11:24:38.323"/>
</test>
<status status="PASS" starttime="20220321 11:23:50.661" endtime="20220321 11:24:38.326"/>
</suite>
<statistics>
<total>
<stat pass="1" fail="0" skip="0">All Tests</stat>
</total>
<tag>
</tag>
<suite>
<stat pass="1" fail="0" skip="0" id="s1" name="Demo1 Login Suite">Demo1 Login Suite</stat>
</suite>
</statistics>
<errors>
</errors>
</robot>
