<?xml version="1.0" encoding="UTF-8"?>
<robot generator="Robot 4.1.3 (Python 3.10.2 on win32)" generated="20220311 15:32:15.522" rpa="false" schemaversion="2">
<suite id="s1" name="Demo2 Suite" source="D:\ROBOT\Robot_Project\robot_suite\demo2_suite.robot">
<test id="s1-t1" name="TC1">
<kw name="Get Current Date" library="DateTime">
<var>${current_date}</var>
<doc>Returns current local or UTC time with an optional increment.</doc>
<msg timestamp="20220311 15:32:15.593" level="INFO">${current_date} = 2022-03-11 15:32:15.593</msg>
<status status="PASS" starttime="20220311 15:32:15.593" endtime="20220311 15:32:15.594"/>
</kw>
<kw name="Log To Console" library="BuiltIn">
<arg>${current_date}</arg>
<doc>Logs the given message to the console.</doc>
<status status="PASS" starttime="20220311 15:32:15.594" endtime="20220311 15:32:15.596"/>
</kw>
<kw name="Log" library="BuiltIn">
<arg>${current_date}</arg>
<doc>Logs the given message with the given level.</doc>
<msg timestamp="20220311 15:32:15.598" level="INFO">2022-03-11 15:32:15.593</msg>
<status status="PASS" starttime="20220311 15:32:15.597" endtime="20220311 15:32:15.598"/>
</kw>
<status status="PASS" starttime="20220311 15:32:15.592" endtime="20220311 15:32:15.600"/>
</test>
<status status="PASS" starttime="20220311 15:32:15.525" endtime="20220311 15:32:15.602"/>
</suite>
<statistics>
<total>
<stat pass="1" fail="0" skip="0">All Tests</stat>
</total>
<tag>
</tag>
<suite>
<stat pass="1" fail="0" skip="0" id="s1" name="Demo2 Suite">Demo2 Suite</stat>
</suite>
</statistics>
<errors>
</errors>
</robot>
