<?xml version="1.0" encoding="UTF-8"?>
<robot generator="Robot 4.1.3 (Python 3.10.2 on win32)" generated="20220316 10:27:36.566" rpa="false" schemaversion="2">
<suite id="s1" name="Demo8 Hdfc Suite" source="D:\ROBOT\Robot_Project\selenium_suite\demo8_hdfc_suite.robot">
<test id="s1-t1" name="TC1">
<kw name="Open Browser" library="SeleniumLibrary">
<arg>browser=chrome</arg>
<arg>executable_path=${EXECDIR}${/}driver${/}chromedriver.exe</arg>
<doc>Opens a new browser instance to the optional ``url``.</doc>
<msg timestamp="20220316 10:27:37.188" level="INFO">Opening browser 'chrome' to base url 'None'.</msg>
<status status="PASS" starttime="20220316 10:27:37.188" endtime="20220316 10:27:47.369"/>
</kw>
<kw name="Maximize Browser Window" library="SeleniumLibrary">
<doc>Maximizes current browser window.</doc>
<status status="PASS" starttime="20220316 10:27:47.370" endtime="20220316 10:27:47.507"/>
</kw>
<kw name="Set Selenium Implicit Wait" library="SeleniumLibrary">
<arg>20s</arg>
<doc>Sets the implicit wait value used by Selenium.</doc>
<status status="PASS" starttime="20220316 10:27:47.508" endtime="20220316 10:27:47.535"/>
</kw>
<kw name="Go To" library="SeleniumLibrary">
<arg>url=https://netbanking.hdfcbank.com/netbanking/IpinResetUsingOTP.htm</arg>
<doc>Navigates the current browser window to the provided ``url``.</doc>
<msg timestamp="20220316 10:27:47.536" level="INFO">Opening url 'https://netbanking.hdfcbank.com/netbanking/IpinResetUsingOTP.htm'</msg>
<status status="PASS" starttime="20220316 10:27:47.536" endtime="20220316 10:27:48.557"/>
</kw>
<kw name="Click Element" library="SeleniumLibrary">
<arg>xpath=//img[@alt='Go']</arg>
<doc>Click the element identified by ``locator``.</doc>
<msg timestamp="20220316 10:27:48.571" level="INFO">Clicking element 'xpath=//img[@alt='Go']'.</msg>
<status status="PASS" starttime="20220316 10:27:48.569" endtime="20220316 10:27:48.919"/>
</kw>
<kw name="Handle Alert" library="SeleniumLibrary">
<var>${alert_text}</var>
<arg>action=ACCEPT</arg>
<arg>timeout=50s</arg>
<doc>Handles the current alert and returns its message.</doc>
<msg timestamp="20220316 10:27:48.977" level="INFO">HANDLE::&lt;class 'datetime.timedelta'&gt;::0:00:50</msg>
<msg timestamp="20220316 10:27:49.036" level="INFO">${alert_text} = Customer ID  cannot be left blank.</msg>
<status status="PASS" starttime="20220316 10:27:48.924" endtime="20220316 10:27:49.036"/>
</kw>
<kw name="Log To Console" library="BuiltIn">
<arg>${alert_text}</arg>
<doc>Logs the given message to the console.</doc>
<status status="PASS" starttime="20220316 10:27:49.038" endtime="20220316 10:27:49.041"/>
</kw>
<kw name="Close Browser" library="SeleniumLibrary" type="TEARDOWN">
<doc>Closes the current browser.</doc>
<status status="PASS" starttime="20220316 10:27:49.043" endtime="20220316 10:27:51.701"/>
</kw>
<status status="PASS" starttime="20220316 10:27:37.186" endtime="20220316 10:27:51.702"/>
</test>
<test id="s1-t2" name="TC2">
<kw name="Open Browser" library="SeleniumLibrary">
<arg>browser=chrome</arg>
<arg>executable_path=${EXECDIR}${/}driver${/}chromedriver.exe</arg>
<doc>Opens a new browser instance to the optional ``url``.</doc>
<msg timestamp="20220316 10:27:51.707" level="INFO">Opening browser 'chrome' to base url 'None'.</msg>
<status status="PASS" starttime="20220316 10:27:51.706" endtime="20220316 10:27:54.885"/>
</kw>
<kw name="Maximize Browser Window" library="SeleniumLibrary">
<doc>Maximizes current browser window.</doc>
<status status="PASS" starttime="20220316 10:27:54.894" endtime="20220316 10:27:55.094"/>
</kw>
<kw name="Set Selenium Implicit Wait" library="SeleniumLibrary">
<arg>20s</arg>
<doc>Sets the implicit wait value used by Selenium.</doc>
<status status="PASS" starttime="20220316 10:27:55.098" endtime="20220316 10:27:55.112"/>
</kw>
<kw name="Go To" library="SeleniumLibrary">
<arg>url=https://nasscom.in/nasscom-membership</arg>
<doc>Navigates the current browser window to the provided ``url``.</doc>
<msg timestamp="20220316 10:27:55.141" level="INFO">Opening url 'https://nasscom.in/nasscom-membership'</msg>
<msg timestamp="20220316 10:28:00.913" level="WARN">Keyword 'Capture Page Screenshot' could not be run on failure: Message: chrome not reachable
  (Session info: chrome=99.0.4844.51)
Stacktrace:
Backtrace:
	Ordinal0 [0x011E9943+2595139]
	Ordinal0 [0x0117C9F1+2148849]
	Ordinal0 [0x010743F0+1065968]
	Ordinal0 [0x010687C2+1017794]
	Ordinal0 [0x01068FF8+1019896]
	Ordinal0 [0x0106A892+1026194]
	Ordinal0 [0x01064219+999961]
	Ordinal0 [0x01075860+1071200]
	Ordinal0 [0x010CB2D2+1422034]
	Ordinal0 [0x010BB806+1357830]
	Ordinal0 [0x01096086+1204358]
	Ordinal0 [0x01096F96+1208214]
	GetHandleVerifier [0x0138B232+1658114]
	GetHandleVerifier [0x0144312C+2411516]
	GetHandleVerifier [0x0127F261+560433]
	GetHandleVerifier [0x0127E366+556598]
	Ordinal0 [0x0118286B+2173035]
	Ordinal0 [0x011875F8+2192888]
	Ordinal0 [0x011876E5+2193125]
	Ordinal0 [0x011911FC+2232828]
	BaseThreadInitThunk [0x7594FA29+25]
	RtlGetAppContainerNamedObjectPath [0x77987A7E+286]
	RtlGetAppContainerNamedObjectPath [0x77987A4E+238]
</msg>
<msg timestamp="20220316 10:28:01.244" level="FAIL">WebDriverException: Message: unknown error: cannot determine loading status
from disconnected: unable to send message to renderer
  (Session info: chrome=99.0.4844.51)
Stacktrace:
Backtrace:
	Ordinal0 [0x011E9943+2595139]
	Ordinal0 [0x0117C9F1+2148849]
	Ordinal0 [0x01074528+1066280]
	Ordinal0 [0x01064CC1+1002689]
	Ordinal0 [0x010650D8+1003736]
	Ordinal0 [0x01070AAC+1051308]
	Ordinal0 [0x010663BD+1008573]
	Ordinal0 [0x01066F7C+1011580]
	Ordinal0 [0x010665CA+1009098]
	Ordinal0 [0x01065BC6+1006534]
	Ordinal0 [0x01064AD0+1002192]
	Ordinal0 [0x01064FAD+1003437]
	Ordinal0 [0x01075C4A+1072202]
	Ordinal0 [0x010CC19D+1425821]
	Ordinal0 [0x010BB9EC+1358316]
	Ordinal0 [0x010CBAF2+1424114]
	Ordinal0 [0x010BB806+1357830]
	Ordinal0 [0x01096086+1204358]
	Ordinal0 [0x01096F96+1208214]
	GetHandleVerifier [0x0138B232+1658114]
	GetHandleVerifier [0x0144312C+2411516]
	GetHandleVerifier [0x0127F261+560433]
	GetHandleVerifier [0x0127E366+556598]
	Ordinal0 [0x0118286B+2173035]
	Ordinal0 [0x011875F8+2192888]
	Ordinal0 [0x011876E5+2193125]
	Ordinal0 [0x011911FC+2232828]
	BaseThreadInitThunk [0x7594FA29+25]
	RtlGetAppContainerNamedObjectPath [0x77987A7E+286]
	RtlGetAppContainerNamedObjectPath [0x77987A4E+238]
</msg>
<status status="FAIL" starttime="20220316 10:27:55.140" endtime="20220316 10:28:01.244"/>
</kw>
<kw name="Click Element" library="SeleniumLibrary">
<arg>id=edit-submitted-contact-person-for-nasscom-email-id-cp</arg>
<doc>Click the element identified by ``locator``.</doc>
<status status="NOT RUN" starttime="20220316 10:28:01.264" endtime="20220316 10:28:01.264"/>
</kw>
<kw name="Close Browser" library="SeleniumLibrary" type="TEARDOWN">
<doc>Closes the current browser.</doc>
<status status="PASS" starttime="20220316 10:28:01.268" endtime="20220316 10:28:03.438"/>
</kw>
<status status="FAIL" starttime="20220316 10:27:51.705" endtime="20220316 10:28:03.439">WebDriverException: Message: unknown error: cannot determine loading status
from disconnected: unable to send message to renderer
  (Session info: chrome=99.0.4844.51)
Stacktrace:
Backtrace:
	Ordinal0 [0x011E9943+2595139]
	Ordinal0 [0x0117C9F1+2148849]
	Ordinal0 [0x01074528+1066280]
	Ordinal0 [0x01064CC1+1002689]
	Ordinal0 [0x010650D8+1003736]
	Ordinal0 [0x01070AAC+1051308]
	Ordinal0 [0x010663BD+1008573]
	Ordinal0 [0x01066F7C+1011580]
	Ordinal0 [0x010665CA+1009098]
	Ordinal0 [0x01065BC6+1006534]
	Ordinal0 [0x01064AD0+1002192]
	Ordinal0 [0x01064FAD+1003437]
	Ordinal0 [0x01075C4A+1072202]
	Ordinal0 [0x010CC19D+1425821]
	Ordinal0 [0x010BB9EC+1358316]
	Ordinal0 [0x010CBAF2+1424114]
	Ordinal0 [0x010BB806+1357830]
	Ordinal0 [0x01096086+1204358]
	Ordinal0 [0x01096F96+1208214]
	GetHandleVerifier [0x0138B232+1658114]
	GetHandleVerifier [0x0144312C+2411516]
	GetHandleVerifier [0x0127F261+560433]
	GetHandleVerifier [0x0127E366+556598]
	Ordinal0 [0x0118286B+2173035]
	Ordinal0 [0x011875F8+2192888]
	Ordinal0 [0x011876E5+2193125]
	Ordinal0 [0x011911FC+2232828]
	BaseThreadInitThunk [0x7594FA29+25]
	RtlGetAppContainerNamedObjectPath [0x77987A7E+286]
	RtlGetAppContainerNamedObjectPath [0x77987A4E+238]
</status>
</test>
<status status="FAIL" starttime="20220316 10:27:36.569" endtime="20220316 10:28:03.449"/>
</suite>
<statistics>
<total>
<stat pass="1" fail="1" skip="0">All Tests</stat>
</total>
<tag>
</tag>
<suite>
<stat pass="1" fail="1" skip="0" id="s1" name="Demo8 Hdfc Suite">Demo8 Hdfc Suite</stat>
</suite>
</statistics>
<errors>
<msg timestamp="20220316 10:28:00.913" level="WARN">Keyword 'Capture Page Screenshot' could not be run on failure: Message: chrome not reachable
  (Session info: chrome=99.0.4844.51)
Stacktrace:
Backtrace:
	Ordinal0 [0x011E9943+2595139]
	Ordinal0 [0x0117C9F1+2148849]
	Ordinal0 [0x010743F0+1065968]
	Ordinal0 [0x010687C2+1017794]
	Ordinal0 [0x01068FF8+1019896]
	Ordinal0 [0x0106A892+1026194]
	Ordinal0 [0x01064219+999961]
	Ordinal0 [0x01075860+1071200]
	Ordinal0 [0x010CB2D2+1422034]
	Ordinal0 [0x010BB806+1357830]
	Ordinal0 [0x01096086+1204358]
	Ordinal0 [0x01096F96+1208214]
	GetHandleVerifier [0x0138B232+1658114]
	GetHandleVerifier [0x0144312C+2411516]
	GetHandleVerifier [0x0127F261+560433]
	GetHandleVerifier [0x0127E366+556598]
	Ordinal0 [0x0118286B+2173035]
	Ordinal0 [0x011875F8+2192888]
	Ordinal0 [0x011876E5+2193125]
	Ordinal0 [0x011911FC+2232828]
	BaseThreadInitThunk [0x7594FA29+25]
	RtlGetAppContainerNamedObjectPath [0x77987A7E+286]
	RtlGetAppContainerNamedObjectPath [0x77987A4E+238]
</msg>
</errors>
</robot>
