<?xml version="1.0" encoding="UTF-8"?>
<robot generator="Robot 4.1.3 (Python 3.10.2 on win32)" generated="20220314 11:15:11.868" rpa="false" schemaversion="2">
<suite id="s1" name="Demo3 Suite" source="D:\ROBOT\Robot_Project\robot_suite\demo3_suite.robot">
<test id="s1-t1" name="TC1">
<kw name="Log To Console" library="BuiltIn">
<arg>D:\\ROBOT\\Robot_Project\\robot_suite</arg>
<doc>Logs the given message to the console.</doc>
<status status="PASS" starttime="20220314 11:15:12.326" endtime="20220314 11:15:12.326"/>
</kw>
<kw name="Log To Console" library="BuiltIn">
<arg>${EXECDIR}</arg>
<doc>Logs the given message to the console.</doc>
<status status="PASS" starttime="20220314 11:15:12.326" endtime="20220314 11:15:12.326"/>
</kw>
<kw name="Log To Console" library="BuiltIn">
<arg>${OUTPUT_DIR}</arg>
<doc>Logs the given message to the console.</doc>
<status status="PASS" starttime="20220314 11:15:12.326" endtime="20220314 11:15:12.326"/>
</kw>
<kw name="Log To Console" library="BuiltIn">
<arg>${TEMPDIR}</arg>
<doc>Logs the given message to the console.</doc>
<status status="PASS" starttime="20220314 11:15:12.326" endtime="20220314 11:15:12.326"/>
</kw>
<kw name="Log To Console" library="BuiltIn">
<arg>${TEST_NAME}</arg>
<doc>Logs the given message to the console.</doc>
<status status="PASS" starttime="20220314 11:15:12.326" endtime="20220314 11:15:12.326"/>
</kw>
<kw name="Log To Console" library="BuiltIn">
<arg>${SUITE_NAME}</arg>
<doc>Logs the given message to the console.</doc>
<status status="PASS" starttime="20220314 11:15:12.326" endtime="20220314 11:15:12.326"/>
</kw>
<status status="PASS" starttime="20220314 11:15:12.326" endtime="20220314 11:15:12.326"/>
</test>
<test id="s1-t2" name="TC2">
<kw name="Create Directory" library="OperatingSystem">
<arg>E:${/}Temp${/}My_Folder</arg>
<doc>Creates the specified directory.</doc>
<msg timestamp="20220314 11:15:12.343" level="INFO" html="true">Created directory '&lt;a href="file://E:\Temp\My_Folder"&gt;E:\Temp\My_Folder&lt;/a&gt;'.</msg>
<status status="PASS" starttime="20220314 11:15:12.342" endtime="20220314 11:15:12.343"/>
</kw>
<kw name="Create File" library="OperatingSystem">
<arg>E:${/}Temp${/}My_Folder${/}notes.txt</arg>
<arg>Anupriya S</arg>
<doc>Creates a file with the given content and encoding.</doc>
<msg timestamp="20220314 11:15:12.346" level="INFO" html="true">Created file '&lt;a href="file://E:\Temp\My_Folder\notes.txt"&gt;E:\Temp\My_Folder\notes.txt&lt;/a&gt;'.</msg>
<status status="PASS" starttime="20220314 11:15:12.343" endtime="20220314 11:15:12.346"/>
</kw>
<kw name="Copy File" library="OperatingSystem">
<arg>E:${/}Temp${/}My_Folder${/}notes.txt</arg>
<arg>E:${/}Temp${/}notes_copy.txt</arg>
<doc>Copies the source file into the destination.</doc>
<msg timestamp="20220314 11:15:12.351" level="INFO" html="true">Copied file from '&lt;a href="file://E:\Temp\My_Folder\notes.txt"&gt;E:\Temp\My_Folder\notes.txt&lt;/a&gt;' to '&lt;a href="file://E:\Temp\notes_copy.txt"&gt;E:\Temp\notes_copy.txt&lt;/a&gt;'.</msg>
<status status="PASS" starttime="20220314 11:15:12.346" endtime="20220314 11:15:12.351"/>
</kw>
<kw name="Sleep" library="BuiltIn">
<arg>5s</arg>
<doc>Pauses the test executed for the given time.</doc>
<msg timestamp="20220314 11:15:17.428" level="INFO">Slept 5 seconds</msg>
<status status="PASS" starttime="20220314 11:15:12.351" endtime="20220314 11:15:17.428"/>
</kw>
<kw name="Remove File" library="OperatingSystem">
<arg>E:${/}Temp${/}My_Folder${/}notes.txt</arg>
<doc>Removes a file with the given path.</doc>
<msg timestamp="20220314 11:15:17.428" level="INFO" html="true">Removed file '&lt;a href="file://E:\Temp\My_Folder\notes.txt"&gt;E:\Temp\My_Folder\notes.txt&lt;/a&gt;'.</msg>
<status status="PASS" starttime="20220314 11:15:17.428" endtime="20220314 11:15:17.428"/>
</kw>
<kw name="Remove Directory" library="OperatingSystem">
<arg>E:${/}Temp${/}My_Folder</arg>
<arg>True</arg>
<doc>Removes the directory pointed to by the given ``path``.</doc>
<msg timestamp="20220314 11:15:17.428" level="INFO" html="true">Removed directory '&lt;a href="file://E:\Temp\My_Folder"&gt;E:\Temp\My_Folder&lt;/a&gt;'.</msg>
<status status="PASS" starttime="20220314 11:15:17.428" endtime="20220314 11:15:17.428"/>
</kw>
<status status="PASS" starttime="20220314 11:15:12.340" endtime="20220314 11:15:17.444"/>
</test>
<test id="s1-t3" name="TC3">
<kw name="Create Directory" library="OperatingSystem">
<arg>${EXECDIR}{/}my_folder</arg>
<doc>Creates the specified directory.</doc>
<msg timestamp="20220314 11:15:17.448" level="INFO" html="true">Created directory '&lt;a href="file://D:\ROBOT\Robot_Project{\}my_folder"&gt;D:\ROBOT\Robot_Project{\}my_folder&lt;/a&gt;'.</msg>
<status status="PASS" starttime="20220314 11:15:17.444" endtime="20220314 11:15:17.448"/>
</kw>
<kw name="Create File" library="OperatingSystem">
<arg>${EXECDIR}{/}my_folder${/}notes.txt</arg>
<arg>Anupriya S</arg>
<doc>Creates a file with the given content and encoding.</doc>
<msg timestamp="20220314 11:15:17.451" level="INFO" html="true">Created file '&lt;a href="file://D:\ROBOT\Robot_Project{\}my_folder\notes.txt"&gt;D:\ROBOT\Robot_Project{\}my_folder\notes.txt&lt;/a&gt;'.</msg>
<status status="PASS" starttime="20220314 11:15:17.448" endtime="20220314 11:15:17.451"/>
</kw>
<kw name="File Should Exist" library="OperatingSystem">
<arg>${EXECDIR}{/}my_folder${/}notes.txt</arg>
<doc>Fails unless the given ``path`` points to an existing file.</doc>
<msg timestamp="20220314 11:15:17.452" level="INFO" html="true">File '&lt;a href="file://D:\ROBOT\Robot_Project{\}my_folder\notes.txt"&gt;D:\ROBOT\Robot_Project{\}my_folder\notes.txt&lt;/a&gt;' exists.</msg>
<status status="PASS" starttime="20220314 11:15:17.451" endtime="20220314 11:15:17.452"/>
</kw>
<kw name="File Should Exist" library="OperatingSystem">
<arg>${EXECDIR}{/}my_folder${/}notes1.txt</arg>
<doc>Fails unless the given ``path`` points to an existing file.</doc>
<msg timestamp="20220314 11:15:17.452" level="FAIL">File 'D:\ROBOT\Robot_Project{\}my_folder\notes1.txt' does not exist.</msg>
<status status="FAIL" starttime="20220314 11:15:17.452" endtime="20220314 11:15:17.452"/>
</kw>
<status status="FAIL" starttime="20220314 11:15:17.444" endtime="20220314 11:15:17.452">File 'D:\ROBOT\Robot_Project{\}my_folder\notes1.txt' does not exist.</status>
</test>
<status status="FAIL" starttime="20220314 11:15:11.899" endtime="20220314 11:15:17.452"/>
</suite>
<statistics>
<total>
<stat pass="2" fail="1" skip="0">All Tests</stat>
</total>
<tag>
</tag>
<suite>
<stat pass="2" fail="1" skip="0" id="s1" name="Demo3 Suite">Demo3 Suite</stat>
</suite>
</statistics>
<errors>
</errors>
</robot>
