<?xml version="1.0" encoding="UTF-8"?>
<robot generator="Robot 4.1.3 (Python 3.10.2 on win32)" generated="20220321 11:50:10.838" rpa="false" schemaversion="2">
<suite id="s1" name="Demo2 Installapp Suite" source="D:\ROBOT\Robot_Project\appium_suite\demo2_installapp_suite.robot">
<test id="s1-t1" name="TC1">
<kw name="Open Application" library="AppiumLibrary">
<arg>remote_url=http://hub-cloud.browserstack.com/wd/hub</arg>
<arg>browserstack.user=anupriyas_WVpBtl</arg>
<arg>browserstack.key=yCZbbsxYqzodMsqBppGA</arg>
<arg>app=bs://e0e3c7351ad185c9e4e15094534338260bbd8a62</arg>
<arg>device=Google Pixel 3</arg>
<arg>os_version=9.0</arg>
<arg>project=LT5 Appium Concept</arg>
<arg>build=LT5 Appium Build</arg>
<arg>name=Car Info Test</arg>
<doc>Opens a new application to given Appium server.
Capabilities of appium server, Android and iOS,
Please check https://github.com/appium/appium/blob/master/docs/en/writing-running-appium/server-args.md
| *Option*            | *Man.* | *Description*     |
| remote_url          | Yes    | Appium server url |
| alias               | no     | alias             |</doc>
<status status="PASS" starttime="20220321 11:50:11.705" endtime="20220321 11:50:36.960"/>
</kw>
<kw name="Sleep" library="BuiltIn">
<arg>4s</arg>
<doc>Pauses the test executed for the given time.</doc>
<msg timestamp="20220321 11:50:40.970" level="INFO">Slept 4 seconds</msg>
<status status="PASS" starttime="20220321 11:50:36.960" endtime="20220321 11:50:40.970"/>
</kw>
<kw name="Get Source" library="AppiumLibrary">
<var>${src}</var>
<doc>Returns the entire source of the current page.</doc>
<msg timestamp="20220321 11:50:41.716" level="INFO">${src} = &lt;?xml version='1.0' encoding='UTF-8' standalone='yes' ?&gt;
&lt;hierarchy index="0" class="hierarchy" rotation="0" width="1080" height="2028"&gt;
  &lt;android.widget.FrameLayout index="0" package="com.cuvora.c...</msg>
<status status="PASS" starttime="20220321 11:50:40.971" endtime="20220321 11:50:41.716"/>
</kw>
<kw name="Log To Console" library="BuiltIn">
<arg>${src}</arg>
<doc>Logs the given message to the console.</doc>
<status status="PASS" starttime="20220321 11:50:41.716" endtime="20220321 11:50:41.735"/>
</kw>
<kw name="Close Application" library="AppiumLibrary" type="TEARDOWN">
<doc>Closes the current application and also close webdriver session.</doc>
<status status="PASS" starttime="20220321 11:50:41.736" endtime="20220321 11:50:43.222"/>
</kw>
<status status="PASS" starttime="20220321 11:50:11.705" endtime="20220321 11:50:43.223"/>
</test>
<status status="PASS" starttime="20220321 11:50:10.853" endtime="20220321 11:50:43.225"/>
</suite>
<statistics>
<total>
<stat pass="1" fail="0" skip="0">All Tests</stat>
</total>
<tag>
</tag>
<suite>
<stat pass="1" fail="0" skip="0" id="s1" name="Demo2 Installapp Suite">Demo2 Installapp Suite</stat>
</suite>
</statistics>
<errors>
</errors>
</robot>
