<?xml version="1.0" encoding="UTF-8"?>
<robot generator="Robot 4.1.3 (Python 3.10.2 on win32)" generated="20220318 16:03:46.216" rpa="false" schemaversion="2">
<suite id="s1" name="Demo12 Autoit Suite" source="D:\ROBOT\Robot_Project\selenium_suite\demo12_autoit_suite.robot">
<test id="s1-t1" name="TC1">
<kw name="Open Browser" library="SeleniumLibrary">
<arg>browser=chrome</arg>
<arg>executable_path=${EXECDIR}${/}driver${/}chromedriver.exe</arg>
<doc>Opens a new browser instance to the optional ``url``.</doc>
<msg timestamp="20220318 16:03:48.209" level="INFO">Opening browser 'chrome' to base url 'None'.</msg>
<status status="PASS" starttime="20220318 16:03:48.207" endtime="20220318 16:03:52.632"/>
</kw>
<kw name="Maximize Browser Window" library="SeleniumLibrary">
<doc>Maximizes current browser window.</doc>
<status status="PASS" starttime="20220318 16:03:52.633" endtime="20220318 16:03:52.771"/>
</kw>
<kw name="Set Selenium Implicit Wait" library="SeleniumLibrary">
<arg>20s</arg>
<doc>Sets the implicit wait value used by Selenium.</doc>
<status status="PASS" starttime="20220318 16:03:52.772" endtime="20220318 16:03:52.852"/>
</kw>
<kw name="Go To" library="SeleniumLibrary">
<arg>url=https://www.ilovepdf.com/pdf_to_word</arg>
<doc>Navigates the current browser window to the provided ``url``.</doc>
<msg timestamp="20220318 16:03:52.853" level="INFO">Opening url 'https://www.ilovepdf.com/pdf_to_word'</msg>
<status status="PASS" starttime="20220318 16:03:52.853" endtime="20220318 16:04:01.328"/>
</kw>
<kw name="Click Element" library="SeleniumLibrary">
<arg>xpath=//span[text()='Select PDF file']</arg>
<doc>Click the element identified by ``locator``.</doc>
<msg timestamp="20220318 16:04:01.331" level="INFO">Clicking element 'xpath=//span[text()='Select PDF file']'.</msg>
<status status="PASS" starttime="20220318 16:04:01.330" endtime="20220318 16:04:01.449"/>
</kw>
<kw name="Sleep" library="BuiltIn">
<arg>1s</arg>
<doc>Pauses the test executed for the given time.</doc>
<msg timestamp="20220318 16:04:02.471" level="INFO">Slept 1 second</msg>
<status status="PASS" starttime="20220318 16:04:01.458" endtime="20220318 16:04:02.471"/>
</kw>
<kw name="Control Focus" library="AutoItLibrary">
<arg>Open</arg>
<arg>${EMPTY}</arg>
<arg>Edit1</arg>
<doc>method ControlFocus</doc>
<status status="PASS" starttime="20220318 16:04:02.472" endtime="20220318 16:04:02.687"/>
</kw>
<kw name="Sleep" library="BuiltIn">
<arg>1s</arg>
<doc>Pauses the test executed for the given time.</doc>
<msg timestamp="20220318 16:04:03.704" level="INFO">Slept 1 second</msg>
<status status="PASS" starttime="20220318 16:04:02.688" endtime="20220318 16:04:03.704"/>
</kw>
<kw name="Control Set Text" library="AutoItLibrary">
<arg>Open</arg>
<arg>${EMPTY}</arg>
<arg>Edit1</arg>
<arg>D:${/}NASSCOM _ The trade association of Indian IT BPM industry.pdf</arg>
<doc>method ControlSetText</doc>
<status status="PASS" starttime="20220318 16:04:03.729" endtime="20220318 16:04:03.747"/>
</kw>
<kw name="Sleep" library="BuiltIn">
<arg>1s</arg>
<doc>Pauses the test executed for the given time.</doc>
<msg timestamp="20220318 16:04:04.803" level="INFO">Slept 1 second</msg>
<status status="PASS" starttime="20220318 16:04:03.793" endtime="20220318 16:04:04.803"/>
</kw>
<kw name="Control Click" library="AutoItLibrary">
<arg>Open</arg>
<arg>${EMPTY}</arg>
<arg>Button1</arg>
<doc>method ControlClick</doc>
<status status="PASS" starttime="20220318 16:04:04.805" endtime="20220318 16:04:04.818"/>
</kw>
<status status="PASS" starttime="20220318 16:03:48.207" endtime="20220318 16:04:04.820"/>
</test>
<status status="PASS" starttime="20220318 16:03:46.220" endtime="20220318 16:04:04.823"/>
</suite>
<statistics>
<total>
<stat pass="1" fail="0" skip="0">All Tests</stat>
</total>
<tag>
</tag>
<suite>
<stat pass="1" fail="0" skip="0" id="s1" name="Demo12 Autoit Suite">Demo12 Autoit Suite</stat>
</suite>
</statistics>
<errors>
</errors>
</robot>
