<?xml version="1.0" encoding="UTF-8"?>
<robot generator="Robot 4.1.3 (Python 3.10.2 on win32)" generated="20220315 11:17:37.119" rpa="false" schemaversion="2">
<suite id="s1" name="Task1 Goto Suite" source="D:\ROBOT\Robot_Project\selenium_suite\task1_goto_suite.robot">
<test id="s1-t1" name="TC1">
<kw name="Open Browser" library="SeleniumLibrary">
<arg>url=https://www.goto.com/meeting</arg>
<arg>browser=chrome</arg>
<arg>executable_path=${EXECDIR}${/}driver${/}chromedriver.exe</arg>
<doc>Opens a new browser instance to the optional ``url``.</doc>
<msg timestamp="20220315 11:17:37.665" level="INFO">Opening browser 'chrome' to base url 'https://www.goto.com/meeting'.</msg>
<status status="PASS" starttime="20220315 11:17:37.664" endtime="20220315 11:17:54.296"/>
</kw>
<kw name="Maximize Browser Window" library="SeleniumLibrary">
<doc>Maximizes current browser window.</doc>
<status status="PASS" starttime="20220315 11:17:54.304" endtime="20220315 11:17:54.675"/>
</kw>
<kw name="Set Selenium Implicit Wait" library="SeleniumLibrary">
<arg>0s</arg>
<doc>Sets the implicit wait value used by Selenium.</doc>
<status status="PASS" starttime="20220315 11:17:54.676" endtime="20220315 11:17:54.721"/>
</kw>
<kw name="Click Element" library="SeleniumLibrary">
<arg>id=truste-consent-button</arg>
<doc>Click the element identified by ``locator``.</doc>
<msg timestamp="20220315 11:17:54.722" level="INFO">Clicking element 'id=truste-consent-button'.</msg>
<status status="PASS" starttime="20220315 11:17:54.721" endtime="20220315 11:17:55.223"/>
</kw>
<kw name="Click Element" library="SeleniumLibrary">
<arg>link=Get a Demo</arg>
<doc>Click the element identified by ``locator``.</doc>
<msg timestamp="20220315 11:17:55.225" level="INFO">Clicking element 'link=Get a Demo'.</msg>
<status status="PASS" starttime="20220315 11:17:55.223" endtime="20220315 11:17:58.941"/>
</kw>
<kw name="Input Text" library="SeleniumLibrary">
<arg>xpath=//input[@data-sc-field-name="firstName"]</arg>
<arg>Anupriya</arg>
<doc>Types the given ``text`` into the text field identified by ``locator``.</doc>
<msg timestamp="20220315 11:17:58.943" level="INFO">Typing text 'Anupriya' into text field 'xpath=//input[@data-sc-field-name="firstName"]'.</msg>
<status status="PASS" starttime="20220315 11:17:58.943" endtime="20220315 11:17:59.726"/>
</kw>
<kw name="Input Text" library="SeleniumLibrary">
<arg>xpath=//input[@data-sc-field-name="lastName"]</arg>
<arg>S</arg>
<doc>Types the given ``text`` into the text field identified by ``locator``.</doc>
<msg timestamp="20220315 11:17:59.728" level="INFO">Typing text 'S' into text field 'xpath=//input[@data-sc-field-name="lastName"]'.</msg>
<status status="PASS" starttime="20220315 11:17:59.728" endtime="20220315 11:18:00.005"/>
</kw>
<kw name="Input Text" library="SeleniumLibrary">
<arg>xpath=//input[@data-sc-field-name="email"]</arg>
<arg>anupriya@gmail.com</arg>
<doc>Types the given ``text`` into the text field identified by ``locator``.</doc>
<msg timestamp="20220315 11:18:00.011" level="INFO">Typing text 'anupriya@gmail.com' into text field 'xpath=//input[@data-sc-field-name="email"]'.</msg>
<status status="PASS" starttime="20220315 11:18:00.010" endtime="20220315 11:18:00.355"/>
</kw>
<kw name="Select From List By Label" library="SeleniumLibrary">
<arg>xpath=//select[@data-sc-field-name="employees"]</arg>
<arg>10 - 99</arg>
<doc>Selects options from selection list ``locator`` by ``labels``.</doc>
<msg timestamp="20220315 11:18:00.400" level="INFO">Selecting options from selection list 'xpath=//select[@data-sc-field-name="employees"]' by label 10 - 99.</msg>
<status status="PASS" starttime="20220315 11:18:00.400" endtime="20220315 11:18:00.780"/>
</kw>
<kw name="Click Element" library="SeleniumLibrary">
<arg>xpath=//input[@type="submit"]</arg>
<doc>Click the element identified by ``locator``.</doc>
<msg timestamp="20220315 11:18:00.782" level="INFO">Clicking element 'xpath=//input[@type="submit"]'.</msg>
<status status="PASS" starttime="20220315 11:18:00.781" endtime="20220315 11:18:01.003"/>
</kw>
<kw name="Get Selected List Label" library="SeleniumLibrary">
<var>${lable}</var>
<arg>xpath=//select[@data-sc-field-name="employees"]</arg>
<doc>Returns the label of selected option from selection list ``locator``.</doc>
<msg timestamp="20220315 11:18:01.269" level="INFO">${lable} = 10 - 99</msg>
<status status="PASS" starttime="20220315 11:18:01.007" endtime="20220315 11:18:01.269"/>
</kw>
<kw name="Log To Console" library="BuiltIn">
<arg>${lable}</arg>
<doc>Logs the given message to the console.</doc>
<status status="PASS" starttime="20220315 11:18:01.270" endtime="20220315 11:18:01.271"/>
</kw>
<kw name="Close Browser" library="SeleniumLibrary" type="TEARDOWN">
<doc>Closes the current browser.</doc>
<status status="PASS" starttime="20220315 11:18:01.272" endtime="20220315 11:18:03.875"/>
</kw>
<status status="PASS" starttime="20220315 11:17:37.663" endtime="20220315 11:18:03.876"/>
</test>
<status status="PASS" starttime="20220315 11:17:37.122" endtime="20220315 11:18:03.878"/>
</suite>
<statistics>
<total>
<stat pass="1" fail="0" skip="0">All Tests</stat>
</total>
<tag>
</tag>
<suite>
<stat pass="1" fail="0" skip="0" id="s1" name="Task1 Goto Suite">Task1 Goto Suite</stat>
</suite>
</statistics>
<errors>
</errors>
</robot>
