<?xml version="1.0" encoding="UTF-8"?>
<robot generator="Robot 4.1.3 (Python 3.10.2 on win32)" generated="20220314 16:53:30.131" rpa="false" schemaversion="2">
<suite id="s1" name="Demo1 Orangehrm Suite" source="D:\ROBOT\Robot_Project\selenium_suite\demo1_orangehrm_suite.robot">
<test id="s1-t1" name="TC1">
<kw name="Append To Environment Variable" library="OperatingSystem">
<arg>Path</arg>
<arg>${EXECDIR}${/}driver${/}</arg>
<doc>Appends given ``values`` to environment variable ``name``.</doc>
<msg timestamp="20220314 16:53:30.582" level="INFO">Environment variable 'Path' set to value 'C:\Program Files\Python310\Scripts\;C:\Program Files\Python310\;C:\Windows\system32;C:\Windows;C:\Windows\System32\Wbem;C:\Windows\System32\WindowsPowerShell\v1.0\;C:\Windows\System32\OpenSSH\;C:\Users\anupr\anaconda3\Scripts;C:\Users\anupr\anaconda3\Library\bin;C:\Users\anupr\AppData\Roaming\Python\Python39\Scripts;C:\Program Files\Git\cmd;C:\Users\anupr\AppData\Local\Microsoft\WindowsApps1;C:\Users\anupr\AppData\Local\Programs\Microsoft VS Code\bin;;D:\ROBOT\Robot_Project\driver\'.</msg>
<status status="PASS" starttime="20220314 16:53:30.582" endtime="20220314 16:53:30.582"/>
</kw>
<kw name="Open Browser" library="SeleniumLibrary">
<arg>url=https://opensource-demo.orangehrmlive.com/</arg>
<arg>browser=chrome</arg>
<doc>Opens a new browser instance to the optional ``url``.</doc>
<msg timestamp="20220314 16:53:30.582" level="INFO">Opening browser 'chrome' to base url 'https://opensource-demo.orangehrmlive.com/'.</msg>
<status status="PASS" starttime="20220314 16:53:30.582" endtime="20220314 16:53:41.994"/>
</kw>
<kw name="Maximize Browser Window" library="SeleniumLibrary">
<doc>Maximizes current browser window.</doc>
<status status="PASS" starttime="20220314 16:53:41.995" endtime="20220314 16:53:42.117"/>
</kw>
<kw name="Input Text" library="SeleniumLibrary">
<arg>id=txtUsername</arg>
<arg>Admin</arg>
<doc>Types the given ``text`` into the text field identified by ``locator``.</doc>
<msg timestamp="20220314 16:53:42.119" level="INFO">Typing text 'Admin' into text field 'id=txtUsername'.</msg>
<status status="PASS" starttime="20220314 16:53:42.118" endtime="20220314 16:53:42.301"/>
</kw>
<kw name="Input Password" library="SeleniumLibrary">
<arg>id=txtPassword</arg>
<arg>admin123</arg>
<doc>Types the given password into the text field identified by ``locator``.</doc>
<msg timestamp="20220314 16:53:42.305" level="INFO">Typing password into text field 'id=txtPassword'.</msg>
<msg timestamp="20220314 16:53:42.385" level="INFO">Temporally setting log level to: NONE</msg>
<msg timestamp="20220314 16:53:42.481" level="INFO">Log level changed from NONE to INFO.</msg>
<status status="PASS" starttime="20220314 16:53:42.303" endtime="20220314 16:53:42.481"/>
</kw>
<kw name="Click Element" library="SeleniumLibrary">
<arg>id=btnLogin</arg>
<doc>Click the element identified by ``locator``.</doc>
<msg timestamp="20220314 16:53:42.487" level="INFO">Clicking element 'id=btnLogin'.</msg>
<status status="PASS" starttime="20220314 16:53:42.485" endtime="20220314 16:53:48.051"/>
</kw>
<kw name="Page Should Contain" library="SeleniumLibrary">
<arg>My Info</arg>
<doc>Verifies that current page contains ``text``.</doc>
<msg timestamp="20220314 16:53:48.086" level="INFO">Current page contains text 'My Info'.</msg>
<status status="PASS" starttime="20220314 16:53:48.052" endtime="20220314 16:53:48.086"/>
</kw>
<kw name="Click Element" library="SeleniumLibrary">
<arg>id=welcome</arg>
<doc>Click the element identified by ``locator``.</doc>
<msg timestamp="20220314 16:53:48.087" level="INFO">Clicking element 'id=welcome'.</msg>
<status status="PASS" starttime="20220314 16:53:48.087" endtime="20220314 16:53:48.159"/>
</kw>
<kw name="Sleep" library="BuiltIn">
<arg>5s</arg>
<doc>Pauses the test executed for the given time.</doc>
<msg timestamp="20220314 16:53:53.216" level="INFO">Slept 5 seconds</msg>
<status status="PASS" starttime="20220314 16:53:48.160" endtime="20220314 16:53:53.216"/>
</kw>
<kw name="Click Element" library="SeleniumLibrary">
<arg>link=Logout</arg>
<doc>Click the element identified by ``locator``.</doc>
<msg timestamp="20220314 16:53:53.218" level="INFO">Clicking element 'link=Logout'.</msg>
<status status="PASS" starttime="20220314 16:53:53.218" endtime="20220314 16:53:54.401"/>
</kw>
<kw name="Close Browser" library="SeleniumLibrary">
<doc>Closes the current browser.</doc>
<status status="PASS" starttime="20220314 16:53:54.402" endtime="20220314 16:53:56.880"/>
</kw>
<status status="PASS" starttime="20220314 16:53:30.582" endtime="20220314 16:53:56.880"/>
</test>
<test id="s1-t2" name="TC2">
<kw name="Log To Console" library="BuiltIn">
<arg>Add contact</arg>
<doc>Logs the given message to the console.</doc>
<status status="PASS" starttime="20220314 16:53:56.880" endtime="20220314 16:53:56.880"/>
</kw>
<status status="PASS" starttime="20220314 16:53:56.880" endtime="20220314 16:53:56.880"/>
</test>
<status status="PASS" starttime="20220314 16:53:30.137" endtime="20220314 16:53:56.880"/>
</suite>
<statistics>
<total>
<stat pass="2" fail="0" skip="0">All Tests</stat>
</total>
<tag>
</tag>
<suite>
<stat pass="2" fail="0" skip="0" id="s1" name="Demo1 Orangehrm Suite">Demo1 Orangehrm Suite</stat>
</suite>
</statistics>
<errors>
</errors>
</robot>
