<?xml version="1.0" encoding="UTF-8"?>
<robot generator="Robot 4.1.3 (Python 3.10.2 on win32)" generated="20220315 12:03:24.479" rpa="false" schemaversion="2">
<suite id="s1" name="Demo2 Medibuddy Tabs Suite" source="D:\ROBOT\Robot_Project\selenium_suite\demo2_medibuddy_tabs_suite.robot">
<test id="s1-t1" name="TC1">
<kw name="Open Browser" library="SeleniumLibrary">
<arg>browser=chrome</arg>
<arg>executable_path=${EXECDIR}${/}driver${/}chromedriver.exe</arg>
<doc>Opens a new browser instance to the optional ``url``.</doc>
<msg timestamp="20220315 12:03:25.092" level="INFO">Opening browser 'chrome' to base url 'None'.</msg>
<status status="PASS" starttime="20220315 12:03:25.091" endtime="20220315 12:03:29.716"/>
</kw>
<kw name="Maximize Browser Window" library="SeleniumLibrary">
<doc>Maximizes current browser window.</doc>
<status status="PASS" starttime="20220315 12:03:29.717" endtime="20220315 12:03:29.869"/>
</kw>
<kw name="Set Selenium Implicit Wait" library="SeleniumLibrary">
<arg>30s</arg>
<doc>Sets the implicit wait value used by Selenium.</doc>
<status status="PASS" starttime="20220315 12:03:29.870" endtime="20220315 12:03:29.873"/>
</kw>
<kw name="Go To" library="SeleniumLibrary">
<arg>url=https://www.medibuddy.in/</arg>
<doc>Navigates the current browser window to the provided ``url``.</doc>
<msg timestamp="20220315 12:03:29.874" level="INFO">Opening url 'https://www.medibuddy.in/'</msg>
<status status="PASS" starttime="20220315 12:03:29.874" endtime="20220315 12:03:36.213"/>
</kw>
<kw name="Click Element" library="SeleniumLibrary">
<arg>xpath=//button[text()="Not Now"]</arg>
<doc>Click the element identified by ``locator``.</doc>
<msg timestamp="20220315 12:03:36.220" level="INFO">Clicking element 'xpath=//button[text()="Not Now"]'.</msg>
<status status="PASS" starttime="20220315 12:03:36.218" endtime="20220315 12:03:47.947"/>
</kw>
<kw name="Click Element" library="SeleniumLibrary">
<arg>link=For Employer</arg>
<doc>Click the element identified by ``locator``.</doc>
<msg timestamp="20220315 12:03:47.949" level="INFO">Clicking element 'link=For Employer'.</msg>
<status status="PASS" starttime="20220315 12:03:47.948" endtime="20220315 12:03:48.601"/>
</kw>
<kw name="Switch Window" library="SeleniumLibrary">
<arg>MediBuddy LaunchPad</arg>
<doc>Switches to browser window matching ``locator``.</doc>
<status status="PASS" starttime="20220315 12:03:48.602" endtime="20220315 12:03:54.580"/>
</kw>
<kw name="Input Text" library="SeleniumLibrary">
<arg>id=getInTouchName</arg>
<arg>Anupriya</arg>
<doc>Types the given ``text`` into the text field identified by ``locator``.</doc>
<msg timestamp="20220315 12:03:54.584" level="INFO">Typing text 'Anupriya' into text field 'id=getInTouchName'.</msg>
<status status="PASS" starttime="20220315 12:03:54.582" endtime="20220315 12:03:55.160"/>
</kw>
<kw name="Input Text" library="SeleniumLibrary">
<arg>id=getInTouchEmail</arg>
<arg>anupriya@gmail.com</arg>
<doc>Types the given ``text`` into the text field identified by ``locator``.</doc>
<msg timestamp="20220315 12:03:55.161" level="INFO">Typing text 'anupriya@gmail.com' into text field 'id=getInTouchEmail'.</msg>
<status status="PASS" starttime="20220315 12:03:55.160" endtime="20220315 12:03:55.439"/>
</kw>
<kw name="Input Text" library="SeleniumLibrary">
<arg>id=getInTouchMobile</arg>
<arg>6969</arg>
<doc>Types the given ``text`` into the text field identified by ``locator``.</doc>
<msg timestamp="20220315 12:03:55.441" level="INFO">Typing text '6969' into text field 'id=getInTouchMobile'.</msg>
<status status="PASS" starttime="20220315 12:03:55.440" endtime="20220315 12:03:55.761"/>
</kw>
<kw name="Input Text" library="SeleniumLibrary">
<arg>id=getInTouchEmpCount</arg>
<arg>5</arg>
<doc>Types the given ``text`` into the text field identified by ``locator``.</doc>
<msg timestamp="20220315 12:03:55.762" level="INFO">Typing text '5' into text field 'id=getInTouchEmpCount'.</msg>
<status status="PASS" starttime="20220315 12:03:55.762" endtime="20220315 12:03:56.027"/>
</kw>
<kw name="Close Browser" library="SeleniumLibrary" type="TEARDOWN">
<doc>Closes the current browser.</doc>
<status status="PASS" starttime="20220315 12:03:56.029" endtime="20220315 12:03:59.624"/>
</kw>
<status status="PASS" starttime="20220315 12:03:25.090" endtime="20220315 12:03:59.625"/>
</test>
<status status="PASS" starttime="20220315 12:03:24.482" endtime="20220315 12:03:59.628"/>
</suite>
<statistics>
<total>
<stat pass="1" fail="0" skip="0">All Tests</stat>
</total>
<tag>
</tag>
<suite>
<stat pass="1" fail="0" skip="0" id="s1" name="Demo2 Medibuddy Tabs Suite">Demo2 Medibuddy Tabs Suite</stat>
</suite>
</statistics>
<errors>
</errors>
</robot>
