<?xml version="1.0" encoding="UTF-8"?>
<robot generator="Robot 4.1.3 (Python 3.10.2 on win32)" generated="20220316 15:20:02.262" rpa="false" schemaversion="2">
<suite id="s1" name="Demo10 Selenium Suite" source="D:\ROBOT\Robot_Project\selenium_suite\demo10_selenium_suite.robot">
<test id="s1-t1" name="TC1 Sign Up">
<kw name="Open Browser" library="SeleniumLibrary">
<arg>browser=chrome</arg>
<arg>executable_path=${EXECDIR}${/}driver${/}chromedriver.exe</arg>
<doc>Opens a new browser instance to the optional ``url``.</doc>
<msg timestamp="20220316 15:20:02.894" level="INFO">Opening browser 'chrome' to base url 'None'.</msg>
<status status="PASS" starttime="20220316 15:20:02.892" endtime="20220316 15:20:06.731"/>
</kw>
<kw name="Maximize Browser Window" library="SeleniumLibrary">
<doc>Maximizes current browser window.</doc>
<status status="PASS" starttime="20220316 15:20:06.743" endtime="20220316 15:20:06.952"/>
</kw>
<kw name="Set Selenium Implicit Wait" library="SeleniumLibrary">
<arg>20s</arg>
<doc>Sets the implicit wait value used by Selenium.</doc>
<status status="PASS" starttime="20220316 15:20:06.953" endtime="20220316 15:20:06.955"/>
</kw>
<kw name="Set Selenium Speed" library="SeleniumLibrary">
<arg>1s</arg>
<doc>Sets the delay that is waited after each Selenium command.</doc>
<status status="PASS" starttime="20220316 15:20:06.956" endtime="20220316 15:20:06.956"/>
</kw>
<kw name="Go To" library="SeleniumLibrary">
<arg>url=https://www.google.com</arg>
<doc>Navigates the current browser window to the provided ``url``.</doc>
<msg timestamp="20220316 15:20:06.958" level="INFO">Opening url 'https://www.google.com'</msg>
<status status="PASS" starttime="20220316 15:20:06.957" endtime="20220316 15:20:11.959"/>
</kw>
<kw name="Get Title" library="SeleniumLibrary">
<var>${title}</var>
<doc>Returns the title of the current page.</doc>
<msg timestamp="20220316 15:20:12.978" level="INFO">${title} = Google</msg>
<status status="PASS" starttime="20220316 15:20:11.960" endtime="20220316 15:20:12.978"/>
</kw>
<kw name="Log To Console" library="BuiltIn">
<arg>${title}</arg>
<doc>Logs the given message to the console.</doc>
<status status="PASS" starttime="20220316 15:20:12.979" endtime="20220316 15:20:12.980"/>
</kw>
<kw name="Get Location" library="SeleniumLibrary">
<var>${url}</var>
<doc>Returns the current browser window URL.</doc>
<msg timestamp="20220316 15:20:13.996" level="INFO">${url} = https://www.google.com/</msg>
<status status="PASS" starttime="20220316 15:20:12.981" endtime="20220316 15:20:13.997"/>
</kw>
<kw name="Log To Console" library="BuiltIn">
<arg>${url}</arg>
<doc>Logs the given message to the console.</doc>
<status status="PASS" starttime="20220316 15:20:13.998" endtime="20220316 15:20:13.999"/>
</kw>
<kw name="Press Keys" library="SeleniumLibrary">
<arg>name=q</arg>
<arg>hello world</arg>
<doc>Simulates the user pressing key(s) to an element or on the active browser.</doc>
<msg timestamp="20220316 15:20:14.001" level="INFO">Sending key(s) ('hello world',) to name=q element.</msg>
<msg timestamp="20220316 15:20:16.535" level="INFO">Sending keys hello world</msg>
<status status="PASS" starttime="20220316 15:20:14.000" endtime="20220316 15:20:17.737"/>
</kw>
<kw name="Press Keys" library="SeleniumLibrary">
<arg>None</arg>
<arg>ARROW_DOWN</arg>
<doc>Simulates the user pressing key(s) to an element or on the active browser.</doc>
<msg timestamp="20220316 15:20:17.739" level="INFO">Sending key(s) ('ARROW_DOWN',) to page.</msg>
<msg timestamp="20220316 15:20:17.739" level="INFO">Pressing special key ARROW_DOWN to browser.</msg>
<msg timestamp="20220316 15:20:17.739" level="INFO">Releasing special key ARROW_DOWN.</msg>
<status status="PASS" starttime="20220316 15:20:17.738" endtime="20220316 15:20:18.752"/>
</kw>
<kw name="Press Keys" library="SeleniumLibrary">
<arg>None</arg>
<arg>ARROW_DOWN</arg>
<doc>Simulates the user pressing key(s) to an element or on the active browser.</doc>
<msg timestamp="20220316 15:20:18.754" level="INFO">Sending key(s) ('ARROW_DOWN',) to page.</msg>
<msg timestamp="20220316 15:20:18.754" level="INFO">Pressing special key ARROW_DOWN to browser.</msg>
<msg timestamp="20220316 15:20:18.755" level="INFO">Releasing special key ARROW_DOWN.</msg>
<status status="PASS" starttime="20220316 15:20:18.753" endtime="20220316 15:20:19.788"/>
</kw>
<kw name="Press Keys" library="SeleniumLibrary">
<arg>None</arg>
<arg>ARROW_DOWN</arg>
<doc>Simulates the user pressing key(s) to an element or on the active browser.</doc>
<msg timestamp="20220316 15:20:19.789" level="INFO">Sending key(s) ('ARROW_DOWN',) to page.</msg>
<msg timestamp="20220316 15:20:19.789" level="INFO">Pressing special key ARROW_DOWN to browser.</msg>
<msg timestamp="20220316 15:20:19.789" level="INFO">Releasing special key ARROW_DOWN.</msg>
<status status="PASS" starttime="20220316 15:20:19.788" endtime="20220316 15:20:20.803"/>
</kw>
<kw name="Press Keys" library="SeleniumLibrary">
<arg>None</arg>
<arg>ENTER</arg>
<doc>Simulates the user pressing key(s) to an element or on the active browser.</doc>
<msg timestamp="20220316 15:20:20.805" level="INFO">Sending key(s) ('ENTER',) to page.</msg>
<msg timestamp="20220316 15:20:20.805" level="INFO">Pressing special key ENTER to browser.</msg>
<msg timestamp="20220316 15:20:20.805" level="INFO">Releasing special key ENTER.</msg>
<status status="PASS" starttime="20220316 15:20:20.804" endtime="20220316 15:20:25.226"/>
</kw>
<kw name="Close Browser" library="SeleniumLibrary" type="TEARDOWN">
<doc>Closes the current browser.</doc>
<status status="PASS" starttime="20220316 15:20:25.228" endtime="20220316 15:20:29.678"/>
</kw>
<status status="PASS" starttime="20220316 15:20:02.891" endtime="20220316 15:20:29.680"/>
</test>
<status status="PASS" starttime="20220316 15:20:02.266" endtime="20220316 15:20:29.683"/>
</suite>
<statistics>
<total>
<stat pass="1" fail="0" skip="0">All Tests</stat>
</total>
<tag>
</tag>
<suite>
<stat pass="1" fail="0" skip="0" id="s1" name="Demo10 Selenium Suite">Demo10 Selenium Suite</stat>
</suite>
</statistics>
<errors>
</errors>
</robot>
