<?xml version="1.0" encoding="UTF-8"?>
<robot generator="Robot 4.1.3 (Python 3.10.2 on win32)" generated="20220315 12:34:45.036" rpa="false" schemaversion="2">
<suite id="s1" name="Demo2 Medibuddy Tabs Suite" source="D:\ROBOT\Robot_Project\selenium_suite\demo2_medibuddy_tabs_suite.robot">
<test id="s1-t1" name="TC1">
<kw name="Open Browser" library="SeleniumLibrary">
<arg>browser=chrome</arg>
<arg>executable_path=${EXECDIR}${/}driver${/}chromedriver.exe</arg>
<doc>Opens a new browser instance to the optional ``url``.</doc>
<msg timestamp="20220315 12:34:45.587" level="INFO">Opening browser 'chrome' to base url 'None'.</msg>
<status status="PASS" starttime="20220315 12:34:45.586" endtime="20220315 12:34:49.257"/>
</kw>
<kw name="Maximize Browser Window" library="SeleniumLibrary">
<doc>Maximizes current browser window.</doc>
<status status="PASS" starttime="20220315 12:34:49.258" endtime="20220315 12:34:49.395"/>
</kw>
<kw name="Set Selenium Implicit Wait" library="SeleniumLibrary">
<arg>30s</arg>
<doc>Sets the implicit wait value used by Selenium.</doc>
<status status="PASS" starttime="20220315 12:34:49.396" endtime="20220315 12:34:49.398"/>
</kw>
<kw name="Go To" library="SeleniumLibrary">
<arg>url=https://www.medibuddy.in/</arg>
<doc>Navigates the current browser window to the provided ``url``.</doc>
<msg timestamp="20220315 12:34:49.399" level="INFO">Opening url 'https://www.medibuddy.in/'</msg>
<status status="PASS" starttime="20220315 12:34:49.399" endtime="20220315 12:34:52.996"/>
</kw>
<kw name="Click Element" library="SeleniumLibrary">
<arg>xpath=//button[text()="Not Now"]</arg>
<doc>Click the element identified by ``locator``.</doc>
<msg timestamp="20220315 12:34:52.998" level="INFO">Clicking element 'xpath=//button[text()="Not Now"]'.</msg>
<status status="PASS" starttime="20220315 12:34:52.997" endtime="20220315 12:35:02.823"/>
</kw>
<kw name="Click Element" library="SeleniumLibrary">
<arg>link=For Employer</arg>
<doc>Click the element identified by ``locator``.</doc>
<msg timestamp="20220315 12:35:02.824" level="INFO">Clicking element 'link=For Employer'.</msg>
<status status="PASS" starttime="20220315 12:35:02.824" endtime="20220315 12:35:03.358"/>
</kw>
<kw name="Switch Window" library="SeleniumLibrary">
<arg>MediBuddy LaunchPad</arg>
<doc>Switches to browser window matching ``locator``.</doc>
<status status="PASS" starttime="20220315 12:35:03.359" endtime="20220315 12:35:08.841"/>
</kw>
<kw name="Input Text" library="SeleniumLibrary">
<arg>id=getInTouchName</arg>
<arg>Anupriya</arg>
<doc>Types the given ``text`` into the text field identified by ``locator``.</doc>
<msg timestamp="20220315 12:35:08.843" level="INFO">Typing text 'Anupriya' into text field 'id=getInTouchName'.</msg>
<status status="PASS" starttime="20220315 12:35:08.842" endtime="20220315 12:35:09.262"/>
</kw>
<kw name="Input Text" library="SeleniumLibrary">
<arg>id=getInTouchEmail</arg>
<arg>anupriya@gmail.com</arg>
<doc>Types the given ``text`` into the text field identified by ``locator``.</doc>
<msg timestamp="20220315 12:35:09.263" level="INFO">Typing text 'anupriya@gmail.com' into text field 'id=getInTouchEmail'.</msg>
<status status="PASS" starttime="20220315 12:35:09.263" endtime="20220315 12:35:09.732"/>
</kw>
<kw name="Input Text" library="SeleniumLibrary">
<arg>id=getInTouchMobile</arg>
<arg>123456</arg>
<doc>Types the given ``text`` into the text field identified by ``locator``.</doc>
<msg timestamp="20220315 12:35:09.734" level="INFO">Typing text '123456' into text field 'id=getInTouchMobile'.</msg>
<status status="PASS" starttime="20220315 12:35:09.733" endtime="20220315 12:35:10.021"/>
</kw>
<kw name="Input Text" library="SeleniumLibrary">
<arg>id=getInTouchDesignation</arg>
<arg>employee</arg>
<doc>Types the given ``text`` into the text field identified by ``locator``.</doc>
<msg timestamp="20220315 12:35:10.027" level="INFO">Typing text 'employee' into text field 'id=getInTouchDesignation'.</msg>
<status status="PASS" starttime="20220315 12:35:10.027" endtime="20220315 12:35:10.293"/>
</kw>
<kw name="Input Text" library="SeleniumLibrary">
<arg>id=getInTouchEmpCount</arg>
<arg>5</arg>
<doc>Types the given ``text`` into the text field identified by ``locator``.</doc>
<msg timestamp="20220315 12:35:10.295" level="INFO">Typing text '5' into text field 'id=getInTouchEmpCount'.</msg>
<status status="PASS" starttime="20220315 12:35:10.294" endtime="20220315 12:35:10.492"/>
</kw>
<kw name="Click Element" library="SeleniumLibrary">
<arg>xpath=//button[text()='Get In Touch']</arg>
<doc>Click the element identified by ``locator``.</doc>
<msg timestamp="20220315 12:35:10.496" level="INFO">Clicking element 'xpath=//button[text()='Get In Touch']'.</msg>
<msg timestamp="20220315 12:35:40.792" level="INFO" html="true">&lt;/td&gt;&lt;/tr&gt;&lt;tr&gt;&lt;td colspan="3"&gt;&lt;a href="selenium-screenshot-9.png"&gt;&lt;img src="selenium-screenshot-9.png" width="800px"&gt;&lt;/a&gt;</msg>
<msg timestamp="20220315 12:35:40.845" level="FAIL">Element with locator 'xpath=//button[text()='Get In Touch']' not found.</msg>
<status status="FAIL" starttime="20220315 12:35:10.495" endtime="20220315 12:35:40.845"/>
</kw>
<kw name="Element Text Should Be" library="SeleniumLibrary">
<arg>//div[contains(text(),'digits')]</arg>
<arg>Mobile Number should be 10 digits</arg>
<doc>Verifies that element ``locator`` contains exact the text ``expected``.</doc>
<status status="NOT RUN" starttime="20220315 12:35:40.846" endtime="20220315 12:35:40.846"/>
</kw>
<kw name="Close Browser" library="SeleniumLibrary" type="TEARDOWN">
<doc>Closes the current browser.</doc>
<status status="PASS" starttime="20220315 12:35:40.847" endtime="20220315 12:35:43.495"/>
</kw>
<doc>Validates whether user gets error message for mobile number or not Mobile Number should be 10 digits</doc>
<status status="FAIL" starttime="20220315 12:34:45.585" endtime="20220315 12:35:43.495">Element with locator 'xpath=//button[text()='Get In Touch']' not found.</status>
</test>
<status status="FAIL" starttime="20220315 12:34:45.039" endtime="20220315 12:35:43.499"/>
</suite>
<statistics>
<total>
<stat pass="0" fail="1" skip="0">All Tests</stat>
</total>
<tag>
</tag>
<suite>
<stat pass="0" fail="1" skip="0" id="s1" name="Demo2 Medibuddy Tabs Suite">Demo2 Medibuddy Tabs Suite</stat>
</suite>
</statistics>
<errors>
</errors>
</robot>
