<?xml version="1.0" encoding="UTF-8"?>
<robot generator="Robot 4.1.3 (Python 3.10.2 on win32)" generated="20220316 17:38:21.422" rpa="false" schemaversion="2">
<suite id="s1" name="Demo6 Suite" source="D:\ROBOT\Robot_Project\robot_suite\demo6_suite.robot">
<test id="s1-t1" name="TC1">
<kw name="Log To Console" library="BuiltIn">
<arg>${PERSONAL_DETAILS}</arg>
<doc>Logs the given message to the console.</doc>
<status status="PASS" starttime="20220316 17:38:21.514" endtime="20220316 17:38:21.516"/>
</kw>
<kw name="Log To Console" library="BuiltIn">
<arg>${PERSONAL_DETAILS}{firstname}</arg>
<doc>Logs the given message to the console.</doc>
<status status="PASS" starttime="20220316 17:38:21.516" endtime="20220316 17:38:21.518"/>
</kw>
<kw name="Log To Console" library="BuiltIn">
<arg>${PERSONAL_DETAILS}{lastname}</arg>
<doc>Logs the given message to the console.</doc>
<status status="PASS" starttime="20220316 17:38:21.518" endtime="20220316 17:38:21.521"/>
</kw>
<status status="PASS" starttime="20220316 17:38:21.513" endtime="20220316 17:38:21.522"/>
</test>
<test id="s1-t2" name="TC2">
<kw name="Create Directory" library="OperatingSystem">
<var>&amp;{emp_dic}</var>
<arg>empname=Anupriya</arg>
<doc>Creates the specified directory.</doc>
<msg timestamp="20220316 17:38:21.526" level="INFO" html="true">Created directory '&lt;a href="file://D:\ROBOT\Robot_Project\empname=Anupriya"&gt;D:\ROBOT\Robot_Project\empname=Anupriya&lt;/a&gt;'.</msg>
<msg timestamp="20220316 17:38:21.526" level="INFO">&amp;{emp_dic} = { }</msg>
<status status="PASS" starttime="20220316 17:38:21.524" endtime="20220316 17:38:21.526"/>
</kw>
<kw name="Log To Console" library="BuiltIn">
<arg>${emp_dic}</arg>
<doc>Logs the given message to the console.</doc>
<status status="PASS" starttime="20220316 17:38:21.527" endtime="20220316 17:38:21.530"/>
</kw>
<kw name="Log To Console" library="BuiltIn">
<arg>${emp_dic}{empname}</arg>
<doc>Logs the given message to the console.</doc>
<status status="PASS" starttime="20220316 17:38:21.530" endtime="20220316 17:38:21.531"/>
</kw>
<status status="PASS" starttime="20220316 17:38:21.523" endtime="20220316 17:38:21.532"/>
</test>
<status status="PASS" starttime="20220316 17:38:21.426" endtime="20220316 17:38:21.534"/>
</suite>
<statistics>
<total>
<stat pass="2" fail="0" skip="0">All Tests</stat>
</total>
<tag>
</tag>
<suite>
<stat pass="2" fail="0" skip="0" id="s1" name="Demo6 Suite">Demo6 Suite</stat>
</suite>
</statistics>
<errors>
</errors>
</robot>
