<?xml version="1.0" encoding="UTF-8"?>
<robot generator="Robot 4.1.3 (Python 3.10.2 on win32)" generated="20220315 16:59:45.114" rpa="false" schemaversion="2">
<suite id="s1" name="Demo7 Nasscom Suite" source="D:\ROBOT\Robot_Project\selenium_suite\demo7_nasscom_suite.robot">
<test id="s1-t1" name="TC1">
<kw name="Open Browser" library="SeleniumLibrary">
<arg>browser=chrome</arg>
<arg>executable_path=${EXECDIR}${/}driver${/}chromedriver.exe</arg>
<doc>Opens a new browser instance to the optional ``url``.</doc>
<msg timestamp="20220315 16:59:45.931" level="INFO">Opening browser 'chrome' to base url 'None'.</msg>
<status status="PASS" starttime="20220315 16:59:45.929" endtime="20220315 16:59:51.800"/>
</kw>
<kw name="Maximize Browser Window" library="SeleniumLibrary">
<doc>Maximizes current browser window.</doc>
<status status="PASS" starttime="20220315 16:59:51.808" endtime="20220315 16:59:51.966"/>
</kw>
<kw name="Set Selenium Implicit Wait" library="SeleniumLibrary">
<arg>20s</arg>
<doc>Sets the implicit wait value used by Selenium.</doc>
<status status="PASS" starttime="20220315 16:59:51.967" endtime="20220315 16:59:51.971"/>
</kw>
<kw name="Go To" library="SeleniumLibrary">
<arg>url=https://nasscom.in/nasscom-membership</arg>
<doc>Navigates the current browser window to the provided ``url``.</doc>
<msg timestamp="20220315 16:59:51.974" level="INFO">Opening url 'https://nasscom.in/nasscom-membership'</msg>
<status status="PASS" starttime="20220315 16:59:51.974" endtime="20220315 16:59:56.617"/>
</kw>
<kw name="Click Element" library="SeleniumLibrary">
<arg>id=edit-field-membership-type-und-1203</arg>
<doc>Click the element identified by ``locator``.</doc>
<msg timestamp="20220315 16:59:56.620" level="INFO">Clicking element 'id=edit-field-membership-type-und-1203'.</msg>
<status status="PASS" starttime="20220315 16:59:56.618" endtime="20220315 16:59:56.741"/>
</kw>
<kw name="Click Element" library="SeleniumLibrary">
<arg>id=edit-field-business-focus-inst-und-970</arg>
<doc>Click the element identified by ``locator``.</doc>
<msg timestamp="20220315 16:59:56.743" level="INFO">Clicking element 'id=edit-field-business-focus-inst-und-970'.</msg>
<status status="PASS" starttime="20220315 16:59:56.742" endtime="20220315 16:59:57.124"/>
</kw>
<kw name="Click Element" library="SeleniumLibrary">
<arg>id=edit-field-business-focus-inst-und-968</arg>
<doc>Click the element identified by ``locator``.</doc>
<msg timestamp="20220315 16:59:57.125" level="INFO">Clicking element 'id=edit-field-business-focus-inst-und-968'.</msg>
<status status="PASS" starttime="20220315 16:59:57.125" endtime="20220315 16:59:57.224"/>
</kw>
<kw name="Input Text" library="SeleniumLibrary">
<arg>id=edit-title</arg>
<arg>LT</arg>
<doc>Types the given ``text`` into the text field identified by ``locator``.</doc>
<msg timestamp="20220315 16:59:57.226" level="INFO">Typing text 'LT' into text field 'id=edit-title'.</msg>
<status status="PASS" starttime="20220315 16:59:57.225" endtime="20220315 16:59:57.554"/>
</kw>
<kw name="Input Text" library="SeleniumLibrary">
<arg>id=edit-field-address-line-1-und-0-value</arg>
<arg>20,Chennai</arg>
<doc>Types the given ``text`` into the text field identified by ``locator``.</doc>
<msg timestamp="20220315 16:59:57.556" level="INFO">Typing text '20,Chennai' into text field 'id=edit-field-address-line-1-und-0-value'.</msg>
<status status="PASS" starttime="20220315 16:59:57.555" endtime="20220315 16:59:57.829"/>
</kw>
<kw name="Select From List By Label" library="SeleniumLibrary">
<arg>xpath=//select[@id="edit-field-state-member-und"]</arg>
<arg>Tamil Nadu</arg>
<doc>Selects options from selection list ``locator`` by ``labels``.</doc>
<msg timestamp="20220315 16:59:57.836" level="INFO">Selecting options from selection list 'xpath=//select[@id="edit-field-state-member-und"]' by label Tamil Nadu.</msg>
<status status="PASS" starttime="20220315 16:59:57.834" endtime="20220315 16:59:58.009"/>
</kw>
<kw name="Select From List By Label" library="SeleniumLibrary">
<arg>xpath=//select[@id="edit-field-city-membership-und"]</arg>
<arg>Chennai</arg>
<doc>Selects options from selection list ``locator`` by ``labels``.</doc>
<msg timestamp="20220315 16:59:58.010" level="INFO">Selecting options from selection list 'xpath=//select[@id="edit-field-city-membership-und"]' by label Chennai.</msg>
<status status="PASS" starttime="20220315 16:59:58.009" endtime="20220315 16:59:58.272"/>
</kw>
<kw name="Click Element" library="SeleniumLibrary">
<arg>id=edit-field-mode-of-payment-und-1</arg>
<doc>Click the element identified by ``locator``.</doc>
<msg timestamp="20220315 16:59:58.275" level="INFO">Clicking element 'id=edit-field-mode-of-payment-und-1'.</msg>
<status status="PASS" starttime="20220315 16:59:58.274" endtime="20220315 16:59:58.414"/>
</kw>
<kw name="Click Element" library="SeleniumLibrary">
<arg>id=edit-field-code-of-conduct-und-0</arg>
<doc>Click the element identified by ``locator``.</doc>
<msg timestamp="20220315 16:59:58.416" level="INFO">Clicking element 'id=edit-field-code-of-conduct-und-0'.</msg>
<status status="PASS" starttime="20220315 16:59:58.415" endtime="20220315 16:59:58.537"/>
</kw>
<kw name="Click Element" library="SeleniumLibrary">
<arg>id=edit-preview</arg>
<doc>Click the element identified by ``locator``.</doc>
<msg timestamp="20220315 16:59:58.539" level="INFO">Clicking element 'id=edit-preview'.</msg>
<status status="PASS" starttime="20220315 16:59:58.538" endtime="20220315 16:59:58.815"/>
</kw>
<status status="PASS" starttime="20220315 16:59:45.928" endtime="20220315 16:59:58.815"/>
</test>
<status status="PASS" starttime="20220315 16:59:45.203" endtime="20220315 16:59:58.818"/>
</suite>
<statistics>
<total>
<stat pass="1" fail="0" skip="0">All Tests</stat>
</total>
<tag>
</tag>
<suite>
<stat pass="1" fail="0" skip="0" id="s1" name="Demo7 Nasscom Suite">Demo7 Nasscom Suite</stat>
</suite>
</statistics>
<errors>
</errors>
</robot>
