<?xml version="1.0" encoding="UTF-8"?>
<robot generator="Robot 4.1.3 (Python 3.10.2 on win32)" generated="20220314 17:07:05.683" rpa="false" schemaversion="2">
<suite id="s1" name="Demo1 Orangehrm Suite" source="D:\ROBOT\Robot_Project\selenium_suite\demo1_orangehrm_suite.robot">
<test id="s1-t1" name="TC1">
<kw name="Append To Environment Variable" library="OperatingSystem">
<arg>Path</arg>
<arg>${EXECDIR}${/}driver${/}</arg>
<doc>Appends given ``values`` to environment variable ``name``.</doc>
<msg timestamp="20220314 17:07:06.231" level="INFO">Environment variable 'Path' set to value 'C:\Program Files\Python310\Scripts\;C:\Program Files\Python310\;C:\Windows\system32;C:\Windows;C:\Windows\System32\Wbem;C:\Windows\System32\WindowsPowerShell\v1.0\;C:\Windows\System32\OpenSSH\;C:\Users\anupr\anaconda3\Scripts;C:\Users\anupr\anaconda3\Library\bin;C:\Users\anupr\AppData\Roaming\Python\Python39\Scripts;C:\Program Files\Git\cmd;C:\Users\anupr\AppData\Local\Microsoft\WindowsApps1;C:\Users\anupr\AppData\Local\Programs\Microsoft VS Code\bin;;D:\ROBOT\Robot_Project\driver\'.</msg>
<status status="PASS" starttime="20220314 17:07:06.231" endtime="20220314 17:07:06.231"/>
</kw>
<kw name="Open Browser" library="SeleniumLibrary">
<arg>url=https://opensource-demo.orangehrmlive.com/</arg>
<arg>browser=chrome</arg>
<doc>Opens a new browser instance to the optional ``url``.</doc>
<msg timestamp="20220314 17:07:06.231" level="INFO">Opening browser 'chrome' to base url 'https://opensource-demo.orangehrmlive.com/'.</msg>
<status status="PASS" starttime="20220314 17:07:06.231" endtime="20220314 17:07:19.409"/>
</kw>
<kw name="Maximize Browser Window" library="SeleniumLibrary">
<doc>Maximizes current browser window.</doc>
<status status="PASS" starttime="20220314 17:07:19.409" endtime="20220314 17:07:19.540"/>
</kw>
<kw name="Input Text" library="SeleniumLibrary">
<arg>id=txtUsername</arg>
<arg>Admin</arg>
<doc>Types the given ``text`` into the text field identified by ``locator``.</doc>
<msg timestamp="20220314 17:07:19.542" level="INFO">Typing text 'Admin' into text field 'id=txtUsername'.</msg>
<status status="PASS" starttime="20220314 17:07:19.541" endtime="20220314 17:07:20.085"/>
</kw>
<kw name="Input Password" library="SeleniumLibrary">
<arg>id=txtPassword</arg>
<arg>admin123</arg>
<doc>Types the given password into the text field identified by ``locator``.</doc>
<msg timestamp="20220314 17:07:20.086" level="INFO">Typing password into text field 'id=txtPassword'.</msg>
<msg timestamp="20220314 17:07:20.144" level="INFO">Temporally setting log level to: NONE</msg>
<msg timestamp="20220314 17:07:20.215" level="INFO">Log level changed from NONE to INFO.</msg>
<status status="PASS" starttime="20220314 17:07:20.085" endtime="20220314 17:07:20.215"/>
</kw>
<kw name="Click Element" library="SeleniumLibrary">
<arg>id=btnLogin</arg>
<doc>Click the element identified by ``locator``.</doc>
<msg timestamp="20220314 17:07:20.216" level="INFO">Clicking element 'id=btnLogin'.</msg>
<status status="PASS" starttime="20220314 17:07:20.216" endtime="20220314 17:07:28.065"/>
</kw>
<kw name="Page Should Contain" library="SeleniumLibrary">
<arg>My Info</arg>
<doc>Verifies that current page contains ``text``.</doc>
<msg timestamp="20220314 17:07:28.102" level="INFO">Current page contains text 'My Info'.</msg>
<status status="PASS" starttime="20220314 17:07:28.067" endtime="20220314 17:07:28.102"/>
</kw>
<kw name="Click Element" library="SeleniumLibrary">
<arg>id=welcome</arg>
<doc>Click the element identified by ``locator``.</doc>
<msg timestamp="20220314 17:07:28.104" level="INFO">Clicking element 'id=welcome'.</msg>
<status status="PASS" starttime="20220314 17:07:28.104" endtime="20220314 17:07:28.168"/>
</kw>
<kw name="Sleep" library="BuiltIn">
<arg>5s</arg>
<doc>Pauses the test executed for the given time.</doc>
<msg timestamp="20220314 17:07:33.185" level="INFO">Slept 5 seconds</msg>
<status status="PASS" starttime="20220314 17:07:28.169" endtime="20220314 17:07:33.185"/>
</kw>
<kw name="Click Element" library="SeleniumLibrary">
<arg>link=Logout</arg>
<doc>Click the element identified by ``locator``.</doc>
<msg timestamp="20220314 17:07:33.186" level="INFO">Clicking element 'link=Logout'.</msg>
<status status="PASS" starttime="20220314 17:07:33.186" endtime="20220314 17:07:34.759"/>
</kw>
<kw name="Close Browser" library="SeleniumLibrary">
<doc>Closes the current browser.</doc>
<status status="PASS" starttime="20220314 17:07:34.760" endtime="20220314 17:07:37.657"/>
</kw>
<status status="PASS" starttime="20220314 17:07:06.231" endtime="20220314 17:07:37.657"/>
</test>
<test id="s1-t2" name="TC2">
<kw name="Append To Environment Variable" library="OperatingSystem">
<arg>Path</arg>
<arg>${EXECDIR}${/}driver${/}</arg>
<doc>Appends given ``values`` to environment variable ``name``.</doc>
<msg timestamp="20220314 17:07:37.657" level="INFO">Environment variable 'Path' set to value 'C:\Program Files\Python310\Scripts\;C:\Program Files\Python310\;C:\Windows\system32;C:\Windows;C:\Windows\System32\Wbem;C:\Windows\System32\WindowsPowerShell\v1.0\;C:\Windows\System32\OpenSSH\;C:\Users\anupr\anaconda3\Scripts;C:\Users\anupr\anaconda3\Library\bin;C:\Users\anupr\AppData\Roaming\Python\Python39\Scripts;C:\Program Files\Git\cmd;C:\Users\anupr\AppData\Local\Microsoft\WindowsApps1;C:\Users\anupr\AppData\Local\Programs\Microsoft VS Code\bin;;D:\ROBOT\Robot_Project\driver\;D:\ROBOT\Robot_Project\driver\'.</msg>
<status status="PASS" starttime="20220314 17:07:37.657" endtime="20220314 17:07:37.657"/>
</kw>
<kw name="Open Browser" library="SeleniumLibrary">
<arg>url=https://opensource-demo.orangehrmlive.com/</arg>
<arg>browser=chrome</arg>
<doc>Opens a new browser instance to the optional ``url``.</doc>
<msg timestamp="20220314 17:07:37.657" level="INFO">Opening browser 'chrome' to base url 'https://opensource-demo.orangehrmlive.com/'.</msg>
<status status="PASS" starttime="20220314 17:07:37.657" endtime="20220314 17:07:49.316"/>
</kw>
<kw name="Maximize Browser Window" library="SeleniumLibrary">
<doc>Maximizes current browser window.</doc>
<status status="PASS" starttime="20220314 17:07:49.317" endtime="20220314 17:07:49.463"/>
</kw>
<kw name="Set Selenium Implicit Wait" library="SeleniumLibrary">
<arg>20s</arg>
<doc>Sets the implicit wait value used by Selenium.</doc>
<status status="PASS" starttime="20220314 17:07:49.464" endtime="20220314 17:07:49.465"/>
</kw>
<kw name="Input Text" library="SeleniumLibrary">
<arg>id=txtUsername</arg>
<arg>Admin</arg>
<doc>Types the given ``text`` into the text field identified by ``locator``.</doc>
<msg timestamp="20220314 17:07:49.467" level="INFO">Typing text 'Admin' into text field 'id=txtUsername'.</msg>
<status status="PASS" starttime="20220314 17:07:49.467" endtime="20220314 17:07:49.676"/>
</kw>
<kw name="Input Password" library="SeleniumLibrary">
<arg>id=txtPassword</arg>
<arg>admin123</arg>
<doc>Types the given password into the text field identified by ``locator``.</doc>
<msg timestamp="20220314 17:07:49.677" level="INFO">Typing password into text field 'id=txtPassword'.</msg>
<msg timestamp="20220314 17:07:49.758" level="INFO">Temporally setting log level to: NONE</msg>
<msg timestamp="20220314 17:07:49.846" level="INFO">Log level changed from NONE to INFO.</msg>
<status status="PASS" starttime="20220314 17:07:49.676" endtime="20220314 17:07:49.846"/>
</kw>
<kw name="Click Element" library="SeleniumLibrary">
<arg>id=btnLogin</arg>
<doc>Click the element identified by ``locator``.</doc>
<msg timestamp="20220314 17:07:49.847" level="INFO">Clicking element 'id=btnLogin'.</msg>
<status status="PASS" starttime="20220314 17:07:49.847" endtime="20220314 17:08:00.485"/>
</kw>
<kw name="Page Should Contain" library="SeleniumLibrary">
<arg>My Info</arg>
<doc>Verifies that current page contains ``text``.</doc>
<msg timestamp="20220314 17:08:00.517" level="INFO">Current page contains text 'My Info'.</msg>
<status status="PASS" starttime="20220314 17:08:00.486" endtime="20220314 17:08:00.517"/>
</kw>
<kw name="Click Element" library="SeleniumLibrary">
<arg>id=welcome</arg>
<doc>Click the element identified by ``locator``.</doc>
<msg timestamp="20220314 17:08:00.518" level="INFO">Clicking element 'id=welcome'.</msg>
<status status="PASS" starttime="20220314 17:08:00.518" endtime="20220314 17:08:00.595"/>
</kw>
<kw name="Click Element" library="SeleniumLibrary">
<arg>link=Logout</arg>
<doc>Click the element identified by ``locator``.</doc>
<msg timestamp="20220314 17:08:00.597" level="INFO">Clicking element 'link=Logout'.</msg>
<status status="PASS" starttime="20220314 17:08:00.596" endtime="20220314 17:08:03.930"/>
</kw>
<kw name="Close Browser" library="SeleniumLibrary">
<doc>Closes the current browser.</doc>
<status status="PASS" starttime="20220314 17:08:03.931" endtime="20220314 17:08:06.290"/>
</kw>
<status status="PASS" starttime="20220314 17:07:37.657" endtime="20220314 17:08:06.291"/>
</test>
<status status="PASS" starttime="20220314 17:07:05.705" endtime="20220314 17:08:06.296"/>
</suite>
<statistics>
<total>
<stat pass="2" fail="0" skip="0">All Tests</stat>
</total>
<tag>
</tag>
<suite>
<stat pass="2" fail="0" skip="0" id="s1" name="Demo1 Orangehrm Suite">Demo1 Orangehrm Suite</stat>
</suite>
</statistics>
<errors>
</errors>
</robot>
