<?xml version="1.0" encoding="UTF-8"?>
<robot generator="Robot 4.1.3 (Python 3.10.2 on win32)" generated="20220316 12:06:25.025" rpa="false" schemaversion="2">
<suite id="s1" name="Demo9 Royal Suite" source="D:\ROBOT\Robot_Project\selenium_suite\demo9_royal_suite.robot">
<test id="s1-t1" name="TC1 Sign Up">
<kw name="Open Browser" library="SeleniumLibrary">
<arg>browser=chrome</arg>
<arg>executable_path=${EXECDIR}${/}driver${/}chromedriver.exe</arg>
<doc>Opens a new browser instance to the optional ``url``.</doc>
<msg timestamp="20220316 12:06:26.053" level="INFO">Opening browser 'chrome' to base url 'None'.</msg>
<status status="PASS" starttime="20220316 12:06:26.052" endtime="20220316 12:06:29.042"/>
</kw>
<kw name="Maximize Browser Window" library="SeleniumLibrary">
<doc>Maximizes current browser window.</doc>
<status status="PASS" starttime="20220316 12:06:29.112" endtime="20220316 12:06:29.611"/>
</kw>
<kw name="Set Selenium Implicit Wait" library="SeleniumLibrary">
<arg>20s</arg>
<doc>Sets the implicit wait value used by Selenium.</doc>
<status status="PASS" starttime="20220316 12:06:29.624" endtime="20220316 12:06:29.635"/>
</kw>
<kw name="Go To" library="SeleniumLibrary">
<arg>url=https://www.royalcaribbean.com/account/</arg>
<doc>Navigates the current browser window to the provided ``url``.</doc>
<msg timestamp="20220316 12:06:29.637" level="INFO">Opening url 'https://www.royalcaribbean.com/account/'</msg>
<status status="PASS" starttime="20220316 12:06:29.637" endtime="20220316 12:06:35.380"/>
</kw>
<kw name="Click Element" library="SeleniumLibrary">
<arg>link=Create an account</arg>
<doc>Click the element identified by ``locator``.</doc>
<msg timestamp="20220316 12:06:35.383" level="INFO">Clicking element 'link=Create an account'.</msg>
<status status="PASS" starttime="20220316 12:06:35.382" endtime="20220316 12:06:40.820"/>
</kw>
<kw name="Input Text" library="SeleniumLibrary">
<arg>xpath=//input[@data-placeholder="First name/Given name"]</arg>
<arg>Anupriya</arg>
<doc>Types the given ``text`` into the text field identified by ``locator``.</doc>
<msg timestamp="20220316 12:06:40.822" level="INFO">Typing text 'Anupriya' into text field 'xpath=//input[@data-placeholder="First name/Given name"]'.</msg>
<status status="PASS" starttime="20220316 12:06:40.821" endtime="20220316 12:06:46.366"/>
</kw>
<kw name="Input Text" library="SeleniumLibrary">
<arg>xpath=//input[@data-placeholder="Last name/Surname"]</arg>
<arg>S</arg>
<doc>Types the given ``text`` into the text field identified by ``locator``.</doc>
<msg timestamp="20220316 12:06:46.370" level="INFO">Typing text 'S' into text field 'xpath=//input[@data-placeholder="Last name/Surname"]'.</msg>
<status status="PASS" starttime="20220316 12:06:46.369" endtime="20220316 12:06:46.854"/>
</kw>
<kw name="Click Element" library="SeleniumLibrary">
<arg>xpath=//span[text()='Month']</arg>
<doc>Click the element identified by ``locator``.</doc>
<msg timestamp="20220316 12:06:46.856" level="INFO">Clicking element 'xpath=//span[text()='Month']'.</msg>
<status status="PASS" starttime="20220316 12:06:46.855" endtime="20220316 12:06:47.250"/>
</kw>
<kw name="Click Element" library="SeleniumLibrary">
<arg>xpath=//span[contains(text(),' June ')]</arg>
<doc>Click the element identified by ``locator``.</doc>
<msg timestamp="20220316 12:06:47.370" level="INFO">Clicking element 'xpath=//span[contains(text(),' June ')]'.</msg>
<status status="PASS" starttime="20220316 12:06:47.368" endtime="20220316 12:06:47.720"/>
</kw>
<kw name="Click Element" library="SeleniumLibrary">
<arg>xpath=//span[text()='Day']</arg>
<doc>Click the element identified by ``locator``.</doc>
<msg timestamp="20220316 12:06:47.722" level="INFO">Clicking element 'xpath=//span[text()='Day']'.</msg>
<status status="PASS" starttime="20220316 12:06:47.721" endtime="20220316 12:06:48.066"/>
</kw>
<kw name="Click Element" library="SeleniumLibrary">
<arg>xpath=//span[contains(text(),' 20 ')]</arg>
<doc>Click the element identified by ``locator``.</doc>
<msg timestamp="20220316 12:06:48.068" level="INFO">Clicking element 'xpath=//span[contains(text(),' 20 ')]'.</msg>
<msg timestamp="20220316 12:06:49.433" level="INFO" html="true">&lt;/td&gt;&lt;/tr&gt;&lt;tr&gt;&lt;td colspan="3"&gt;&lt;a href="selenium-screenshot-11.png"&gt;&lt;img src="selenium-screenshot-11.png" width="800px"&gt;&lt;/a&gt;</msg>
<msg timestamp="20220316 12:06:49.440" level="FAIL">ElementClickInterceptedException: Message: element click intercepted: Element &lt;span class="mat-option-text"&gt;...&lt;/span&gt; is not clickable at point (649, 602). Other element would receive the click: &lt;div class="cdk-overlay-backdrop cdk-overlay-transparent-backdrop cdk-overlay-backdrop-showing"&gt;&lt;/div&gt;
  (Session info: chrome=99.0.4844.51)
Stacktrace:
Backtrace:
	Ordinal0 [0x01179943+2595139]
	Ordinal0 [0x0110C9F1+2148849]
	Ordinal0 [0x01004528+1066280]
	Ordinal0 [0x01037621+1275425]
	Ordinal0 [0x01035657+1267287]
	Ordinal0 [0x0103333B+1258299]
	Ordinal0 [0x0103207D+1253501]
	Ordinal0 [0x01027AB3+1211059]
	Ordinal0 [0x0104B9EC+1358316]
	Ordinal0 [0x01027474+1209460]
	Ordinal0 [0x0104BC04+1358852]
	Ordinal0 [0x0105BAF2+1424114]
	Ordinal0 [0x0104B806+1357830]
	Ordinal0 [0x01026086+1204358]
	Ordinal0 [0x01026F96+1208214]
	GetHandleVerifier [0x0131B232+1658114]
	GetHandleVerifier [0x013D312C+2411516]
	GetHandleVerifier [0x0120F261+560433]
	GetHandleVerifier [0x0120E366+556598]
	Ordinal0 [0x0111286B+2173035]
	Ordinal0 [0x011175F8+2192888]
	Ordinal0 [0x011176E5+2193125]
	Ordinal0 [0x011211FC+2232828]
	BaseThreadInitThunk [0x7594FA29+25]
	RtlGetAppContainerNamedObjectPath [0x77987A7E+286]
	RtlGetAppContainerNamedObjectPath [0x77987A4E+238]
</msg>
<status status="FAIL" starttime="20220316 12:06:48.067" endtime="20220316 12:06:49.441"/>
</kw>
<kw name="Sleep" library="BuiltIn">
<arg>5s</arg>
<doc>Pauses the test executed for the given time.</doc>
<status status="NOT RUN" starttime="20220316 12:06:49.442" endtime="20220316 12:06:49.442"/>
</kw>
<kw name="Input Text" library="SeleniumLibrary">
<arg>xpath=//input[@data-placeholder="Year"]</arg>
<arg>1998</arg>
<doc>Types the given ``text`` into the text field identified by ``locator``.</doc>
<status status="NOT RUN" starttime="20220316 12:06:49.442" endtime="20220316 12:06:49.442"/>
</kw>
<kw name="Close Browser" library="SeleniumLibrary" type="TEARDOWN">
<doc>Closes the current browser.</doc>
<status status="PASS" starttime="20220316 12:06:49.443" endtime="20220316 12:06:52.025"/>
</kw>
<status status="FAIL" starttime="20220316 12:06:26.051" endtime="20220316 12:06:52.025">ElementClickInterceptedException: Message: element click intercepted: Element &lt;span class="mat-option-text"&gt;...&lt;/span&gt; is not clickable at point (649, 602). Other element would receive the click: &lt;div class="cdk-overlay-backdrop cdk-overlay-transparent-backdrop cdk-overlay-backdrop-showing"&gt;&lt;/div&gt;
  (Session info: chrome=99.0.4844.51)
Stacktrace:
Backtrace:
	Ordinal0 [0x01179943+2595139]
	Ordinal0 [0x0110C9F1+2148849]
	Ordinal0 [0x01004528+1066280]
	Ordinal0 [0x01037621+1275425]
	Ordinal0 [0x01035657+1267287]
	Ordinal0 [0x0103333B+1258299]
	Ordinal0 [0x0103207D+1253501]
	Ordinal0 [0x01027AB3+1211059]
	Ordinal0 [0x0104B9EC+1358316]
	Ordinal0 [0x01027474+1209460]
	Ordinal0 [0x0104BC04+1358852]
	Ordinal0 [0x0105BAF2+1424114]
	Ordinal0 [0x0104B806+1357830]
	Ordinal0 [0x01026086+1204358]
	Ordinal0 [0x01026F96+1208214]
	GetHandleVerifier [0x0131B232+1658114]
	GetHandleVerifier [0x013D312C+2411516]
	GetHandleVerifier [0x0120F261+560433]
	GetHandleVerifier [0x0120E366+556598]
	Ordinal0 [0x0111286B+2173035]
	Ordinal0 [0x011175F8+2192888]
	Ordinal0 [0x011176E5+2193125]
	Ordinal0 [0x011211FC+2232828]
	BaseThreadInitThunk [0x7594FA29+25]
	RtlGetAppContainerNamedObjectPath [0x77987A7E+286]
	RtlGetAppContainerNamedObjectPath [0x77987A4E+238]
</status>
</test>
<status status="FAIL" starttime="20220316 12:06:25.029" endtime="20220316 12:06:52.032"/>
</suite>
<statistics>
<total>
<stat pass="0" fail="1" skip="0">All Tests</stat>
</total>
<tag>
</tag>
<suite>
<stat pass="0" fail="1" skip="0" id="s1" name="Demo9 Royal Suite">Demo9 Royal Suite</stat>
</suite>
</statistics>
<errors>
</errors>
</robot>
