<?xml version="1.0" encoding="UTF-8"?>
<robot generator="Robot 4.1.3 (Python 3.10.2 on win32)" generated="20220319 09:44:01.031" rpa="false" schemaversion="2">
<suite id="s1" name="Demo14 Dynamicpage Suite" source="D:\ROBOT\Robot_Project\selenium_suite\demo14_dynamicpage_suite.robot">
<test id="s1-t1" name="TC1">
<kw name="Open Browser" library="SeleniumLibrary">
<arg>browser=chrome</arg>
<arg>executable_path=${EXECDIR}${/}driver${/}chromedriver.exe</arg>
<doc>Opens a new browser instance to the optional ``url``.</doc>
<msg timestamp="20220319 09:44:03.091" level="INFO">Opening browser 'chrome' to base url 'None'.</msg>
<status status="PASS" starttime="20220319 09:44:03.090" endtime="20220319 09:44:21.851"/>
</kw>
<kw name="Maximize Browser Window" library="SeleniumLibrary">
<doc>Maximizes current browser window.</doc>
<status status="PASS" starttime="20220319 09:44:21.852" endtime="20220319 09:44:22.121"/>
</kw>
<kw name="Set Selenium Implicit Wait" library="SeleniumLibrary">
<arg>20s</arg>
<doc>Sets the implicit wait value used by Selenium.</doc>
<status status="PASS" starttime="20220319 09:44:22.122" endtime="20220319 09:44:22.170"/>
</kw>
<kw name="Go To" library="SeleniumLibrary">
<arg>url=https://phptravels.net/hotels</arg>
<doc>Navigates the current browser window to the provided ``url``.</doc>
<msg timestamp="20220319 09:44:22.171" level="INFO">Opening url 'https://phptravels.net/hotels'</msg>
<status status="PASS" starttime="20220319 09:44:22.170" endtime="20220319 09:44:29.323"/>
</kw>
<kw name="Click Element" library="SeleniumLibrary">
<arg>id=select2-hotels_city-container</arg>
<doc>Click the element identified by ``locator``.</doc>
<msg timestamp="20220319 09:44:29.358" level="INFO">Clicking element 'id=select2-hotels_city-container'.</msg>
<status status="PASS" starttime="20220319 09:44:29.357" endtime="20220319 09:44:29.839"/>
</kw>
<kw name="Input Text" library="SeleniumLibrary">
<arg>xpath=//input[@role='searchbox']</arg>
<arg>chennai</arg>
<doc>Types the given ``text`` into the text field identified by ``locator``.</doc>
<msg timestamp="20220319 09:44:29.841" level="INFO">Typing text 'chennai' into text field 'xpath=//input[@role='searchbox']'.</msg>
<status status="PASS" starttime="20220319 09:44:29.840" endtime="20220319 09:44:30.619"/>
</kw>
<kw name="Sleep" library="BuiltIn">
<arg>1s</arg>
<doc>Pauses the test executed for the given time.</doc>
<msg timestamp="20220319 09:44:31.632" level="INFO">Slept 1 second</msg>
<status status="PASS" starttime="20220319 09:44:30.620" endtime="20220319 09:44:31.634"/>
</kw>
<kw name="Click Element" library="SeleniumLibrary">
<arg>xpath=//li[text()='Chennai,India']</arg>
<doc>Click the element identified by ``locator``.</doc>
<msg timestamp="20220319 09:44:31.741" level="INFO">Clicking element 'xpath=//li[text()='Chennai,India']'.</msg>
<status status="PASS" starttime="20220319 09:44:31.736" endtime="20220319 09:44:38.121"/>
</kw>
<kw name="Execute Javascript" library="SeleniumLibrary">
<arg>document.querySelector('#checkin').value='25-03-2022'</arg>
<doc>Executes the given JavaScript code with possible arguments.</doc>
<msg timestamp="20220319 09:44:38.152" level="INFO">Executing JavaScript:
document.querySelector('#checkin').value='25-03-2022'
Without any arguments.</msg>
<status status="PASS" starttime="20220319 09:44:38.150" endtime="20220319 09:44:38.239"/>
</kw>
<kw name="Execute Javascript" library="SeleniumLibrary">
<arg>document.querySelector('[id=checkout]').value='28-03-2022'</arg>
<doc>Executes the given JavaScript code with possible arguments.</doc>
<msg timestamp="20220319 09:44:38.243" level="INFO">Executing JavaScript:
document.querySelector('[id=checkout]').value='28-03-2022'
Without any arguments.</msg>
<status status="PASS" starttime="20220319 09:44:38.241" endtime="20220319 09:44:38.341"/>
</kw>
<kw name="Click Element" library="SeleniumLibrary">
<arg>xpath=//p[contains(text(),'Travellers')]</arg>
<doc>Click the element identified by ``locator``.</doc>
<msg timestamp="20220319 09:44:38.360" level="INFO">Clicking element 'xpath=//p[contains(text(),'Travellers')]'.</msg>
<status status="PASS" starttime="20220319 09:44:38.360" endtime="20220319 09:44:38.828"/>
</kw>
<kw name="Click Element" library="SeleniumLibrary">
<arg>xpath=//i[@class='la la-plus']</arg>
<doc>Click the element identified by ``locator``.</doc>
<msg timestamp="20220319 09:44:38.834" level="INFO">Clicking element 'xpath=//i[@class='la la-plus']'.</msg>
<status status="PASS" starttime="20220319 09:44:38.834" endtime="20220319 09:44:39.009"/>
</kw>
<kw name="Click Element" library="SeleniumLibrary">
<arg>xpath=(//i[@class='la la-plus'])[3]</arg>
<doc>Click the element identified by ``locator``.</doc>
<msg timestamp="20220319 09:44:39.012" level="INFO">Clicking element 'xpath=(//i[@class='la la-plus'])[3]'.</msg>
<status status="PASS" starttime="20220319 09:44:39.011" endtime="20220319 09:44:39.358"/>
</kw>
<kw name="Click Element" library="SeleniumLibrary">
<arg>xpath=(//i[@class='la la-plus'])[3]</arg>
<doc>Click the element identified by ``locator``.</doc>
<msg timestamp="20220319 09:44:39.360" level="INFO">Clicking element 'xpath=(//i[@class='la la-plus'])[3]'.</msg>
<status status="PASS" starttime="20220319 09:44:39.359" endtime="20220319 09:44:39.559"/>
</kw>
<kw name="Select From List By Label" library="SeleniumLibrary">
<arg>id=nationality</arg>
<arg>India</arg>
<doc>Selects options from selection list ``locator`` by ``labels``.</doc>
<msg timestamp="20220319 09:44:39.561" level="INFO">Selecting options from selection list 'id=nationality' by label India.</msg>
<status status="PASS" starttime="20220319 09:44:39.560" endtime="20220319 09:44:39.989"/>
</kw>
<kw name="Click Element" library="SeleniumLibrary">
<arg>xpath=//span[contains(text(),'Search')]</arg>
<doc>Click the element identified by ``locator``.</doc>
<msg timestamp="20220319 09:44:39.992" level="INFO">Clicking element 'xpath=//span[contains(text(),'Search')]'.</msg>
<status status="PASS" starttime="20220319 09:44:39.991" endtime="20220319 09:44:44.863"/>
</kw>
<kw name="Get Text" library="SeleniumLibrary">
<var>${inner_text}</var>
<arg>xpath=//div[@class='breadcrumb-content']</arg>
<doc>Returns the text value of the element identified by ``locator``.</doc>
<msg timestamp="20220319 09:44:45.305" level="INFO">${inner_text} = Search Hotels In Chennai
3 Nights ( 25-03-2022 - 28-03-2022 )
4 Adults 0 Childs 2 Rooms</msg>
<status status="PASS" starttime="20220319 09:44:44.867" endtime="20220319 09:44:45.305"/>
</kw>
<kw name="Log To Console" library="BuiltIn">
<arg>${inner_text}</arg>
<doc>Logs the given message to the console.</doc>
<status status="PASS" starttime="20220319 09:44:45.328" endtime="20220319 09:44:45.330"/>
</kw>
<kw name="Element Should Contain" library="SeleniumLibrary">
<arg>xpath=//div[@class='breadcrumb-content']</arg>
<arg>Chennai</arg>
<doc>Verifies that element ``locator`` contains text ``expected``.</doc>
<msg timestamp="20220319 09:44:45.458" level="INFO">Element 'xpath=//div[@class='breadcrumb-content']' contains text 'Chennai'.</msg>
<status status="PASS" starttime="20220319 09:44:45.341" endtime="20220319 09:44:45.459"/>
</kw>
<kw name="Element Should Contain" library="SeleniumLibrary">
<arg>xpath=//div[@class='breadcrumb-content']</arg>
<arg>25-03-2022</arg>
<doc>Verifies that element ``locator`` contains text ``expected``.</doc>
<msg timestamp="20220319 09:44:45.558" level="INFO">Element 'xpath=//div[@class='breadcrumb-content']' contains text '25-03-2022'.</msg>
<status status="PASS" starttime="20220319 09:44:45.460" endtime="20220319 09:44:45.559"/>
</kw>
<kw name="Element Should Contain" library="SeleniumLibrary">
<arg>xpath=//div[@class='breadcrumb-content']</arg>
<arg>28-03-2022</arg>
<doc>Verifies that element ``locator`` contains text ``expected``.</doc>
<msg timestamp="20220319 09:44:45.657" level="INFO">Element 'xpath=//div[@class='breadcrumb-content']' contains text '28-03-2022'.</msg>
<status status="PASS" starttime="20220319 09:44:45.559" endtime="20220319 09:44:45.657"/>
</kw>
<status status="PASS" starttime="20220319 09:44:03.089" endtime="20220319 09:44:45.659"/>
</test>
<status status="PASS" starttime="20220319 09:44:01.037" endtime="20220319 09:44:45.678"/>
</suite>
<statistics>
<total>
<stat pass="1" fail="0" skip="0">All Tests</stat>
</total>
<tag>
</tag>
<suite>
<stat pass="1" fail="0" skip="0" id="s1" name="Demo14 Dynamicpage Suite">Demo14 Dynamicpage Suite</stat>
</suite>
</statistics>
<errors>
</errors>
</robot>
