<?xml version="1.0" encoding="UTF-8"?>
<robot generator="Robot 4.1.3 (Python 3.10.2 on win32)" generated="20220321 12:35:02.254" rpa="false" schemaversion="2">
<suite id="s1" name="Demo6 Suite" source="D:\ROBOT\Robot_Project\robot_suite\demo6_suite.robot">
<test id="s1-t1" name="TC1">
<kw name="Log To Console" library="BuiltIn">
<arg>${PERSONAL_DETAIL}</arg>
<doc>Logs the given message to the console.</doc>
<status status="PASS" starttime="20220321 12:35:02.348" endtime="20220321 12:35:02.348"/>
</kw>
<kw name="Log To Console" library="BuiltIn">
<arg>${PERSONAL_DETAIL}[firstname]</arg>
<doc>Logs the given message to the console.</doc>
<status status="PASS" starttime="20220321 12:35:02.348" endtime="20220321 12:35:02.348"/>
</kw>
<kw name="Log To Console" library="BuiltIn">
<arg>${PERSONAL_DETAIL}[lastname]</arg>
<doc>Logs the given message to the console.</doc>
<status status="PASS" starttime="20220321 12:35:02.348" endtime="20220321 12:35:02.348"/>
</kw>
<status status="PASS" starttime="20220321 12:35:02.348" endtime="20220321 12:35:02.348"/>
</test>
<test id="s1-t2" name="TC2">
<kw name="Log To Console" library="BuiltIn">
<arg>${PERSONAL_DETAIL}</arg>
<doc>Logs the given message to the console.</doc>
<status status="PASS" starttime="20220321 12:35:02.364" endtime="20220321 12:35:02.364"/>
</kw>
<kw name="Log To Console" library="BuiltIn">
<arg>${PERSONAL_DETAIL}[firstname]</arg>
<doc>Logs the given message to the console.</doc>
<status status="PASS" starttime="20220321 12:35:02.364" endtime="20220321 12:35:02.364"/>
</kw>
<kw name="Log To Console" library="BuiltIn">
<arg>${PERSONAL_DETAIL}[lastname]</arg>
<doc>Logs the given message to the console.</doc>
<status status="PASS" starttime="20220321 12:35:02.364" endtime="20220321 12:35:02.364"/>
</kw>
<status status="PASS" starttime="20220321 12:35:02.348" endtime="20220321 12:35:02.364"/>
</test>
<test id="s1-t3" name="TC3">
<kw name="Create Dictionary" library="BuiltIn">
<var>&amp;{emp_dic}</var>
<arg>empname=Anupriya</arg>
<arg>companyname=XXX</arg>
<doc>Creates and returns a dictionary based on the given ``items``.</doc>
<msg timestamp="20220321 12:35:02.364" level="INFO">&amp;{emp_dic} = { empname=Anupriya | companyname=XXX }</msg>
<status status="PASS" starttime="20220321 12:35:02.364" endtime="20220321 12:35:02.364"/>
</kw>
<kw name="Log To Console" library="BuiltIn">
<arg>${emp_dic}</arg>
<doc>Logs the given message to the console.</doc>
<status status="PASS" starttime="20220321 12:35:02.364" endtime="20220321 12:35:02.364"/>
</kw>
<kw name="Log To Console" library="BuiltIn">
<arg>${emp_dic}[empname]</arg>
<doc>Logs the given message to the console.</doc>
<status status="PASS" starttime="20220321 12:35:02.364" endtime="20220321 12:35:02.364"/>
</kw>
<kw name="Log To Console" library="BuiltIn">
<arg>hello</arg>
<doc>Logs the given message to the console.</doc>
<status status="PASS" starttime="20220321 12:35:02.364" endtime="20220321 12:35:02.364"/>
</kw>
<status status="PASS" starttime="20220321 12:35:02.364" endtime="20220321 12:35:02.364"/>
</test>
<status status="PASS" starttime="20220321 12:35:02.254" endtime="20220321 12:35:02.379"/>
</suite>
<statistics>
<total>
<stat pass="3" fail="0" skip="0">All Tests</stat>
</total>
<tag>
</tag>
<suite>
<stat pass="3" fail="0" skip="0" id="s1" name="Demo6 Suite">Demo6 Suite</stat>
</suite>
</statistics>
<errors>
</errors>
</robot>
