<?xml version="1.0" encoding="UTF-8"?>
<robot generator="Robot 4.1.3 (Python 3.10.2 on win32)" generated="20220316 17:17:35.560" rpa="false" schemaversion="2">
<suite id="s1" name="Demo5 Suite" source="D:\ROBOT\Robot_Project\robot_suite\demo5_suite.robot">
<test id="s1-t1" name="TC1">
<kw name="Set Local Variable" library="BuiltIn">
<arg>${name}</arg>
<arg>AnupriyaS</arg>
<doc>Makes a variable available everywhere within the local scope.</doc>
<msg timestamp="20220316 17:17:36.185" level="INFO">${name} = AnupriyaS</msg>
<status status="PASS" starttime="20220316 17:17:36.183" endtime="20220316 17:17:36.185"/>
</kw>
<kw name="Log To Console" library="BuiltIn">
<arg>${name}</arg>
<doc>Logs the given message to the console.</doc>
<status status="PASS" starttime="20220316 17:17:36.185" endtime="20220316 17:17:36.186"/>
</kw>
<kw name="Set Variable" library="BuiltIn">
<var>${val}</var>
<arg>Anu</arg>
<doc>Returns the given values which can then be assigned to a variables.</doc>
<msg timestamp="20220316 17:17:36.187" level="INFO">${val} = Anu</msg>
<status status="PASS" starttime="20220316 17:17:36.187" endtime="20220316 17:17:36.188"/>
</kw>
<kw name="Log To Console" library="BuiltIn">
<arg>${name}</arg>
<doc>Logs the given message to the console.</doc>
<status status="PASS" starttime="20220316 17:17:36.188" endtime="20220316 17:17:36.189"/>
</kw>
<kw name="Log To Console" library="BuiltIn">
<arg>${MY_NAME}</arg>
<doc>Logs the given message to the console.</doc>
<status status="PASS" starttime="20220316 17:17:36.190" endtime="20220316 17:17:36.191"/>
</kw>
<status status="PASS" starttime="20220316 17:17:36.182" endtime="20220316 17:17:36.191"/>
</test>
<test id="s1-t2" name="TC2">
<kw name="Log To Console" library="BuiltIn">
<arg>${MY_NAME}</arg>
<doc>Logs the given message to the console.</doc>
<status status="PASS" starttime="20220316 17:17:36.194" endtime="20220316 17:17:36.195"/>
</kw>
<status status="PASS" starttime="20220316 17:17:36.193" endtime="20220316 17:17:36.196"/>
</test>
<test id="s1-t3" name="TC3">
<kw name="Log To Console" library="BuiltIn">
<arg>${COLORS}</arg>
<doc>Logs the given message to the console.</doc>
<status status="PASS" starttime="20220316 17:17:36.204" endtime="20220316 17:17:36.205"/>
</kw>
<kw name="Log To Console" library="BuiltIn">
<arg>${COLORS}[0]</arg>
<doc>Logs the given message to the console.</doc>
<status status="PASS" starttime="20220316 17:17:36.206" endtime="20220316 17:17:36.207"/>
</kw>
<kw name="Get Length" library="BuiltIn">
<var>${count}</var>
<arg>${COLORS}</arg>
<doc>Returns and logs the length of the given item as an integer.</doc>
<msg timestamp="20220316 17:17:36.208" level="INFO">Length is 4</msg>
<msg timestamp="20220316 17:17:36.209" level="INFO">${count} = 4</msg>
<status status="PASS" starttime="20220316 17:17:36.208" endtime="20220316 17:17:36.209"/>
</kw>
<kw name="Log To Console" library="BuiltIn">
<arg>${count}</arg>
<doc>Logs the given message to the console.</doc>
<status status="PASS" starttime="20220316 17:17:36.210" endtime="20220316 17:17:36.212"/>
</kw>
<status status="PASS" starttime="20220316 17:17:36.202" endtime="20220316 17:17:36.212"/>
</test>
<test id="s1-t4" name="TC4">
<kw name="Create List" library="BuiltIn">
<var>@{fruits}</var>
<arg>apple</arg>
<arg>banana</arg>
<arg>mango</arg>
<arg>pineapple</arg>
<doc>Returns a list containing given items.</doc>
<msg timestamp="20220316 17:17:36.215" level="INFO">@{fruits} = [ apple | banana | mango | pineapple ]</msg>
<status status="PASS" starttime="20220316 17:17:36.214" endtime="20220316 17:17:36.215"/>
</kw>
<kw name="Log To Console" library="BuiltIn">
<arg>${fruits}</arg>
<doc>Logs the given message to the console.</doc>
<status status="PASS" starttime="20220316 17:17:36.215" endtime="20220316 17:17:36.216"/>
</kw>
<kw name="Log To Console" library="BuiltIn">
<arg>${fruits}[2]</arg>
<doc>Logs the given message to the console.</doc>
<status status="PASS" starttime="20220316 17:17:36.216" endtime="20220316 17:17:36.217"/>
</kw>
<kw name="Remove Values From List" library="Collections">
<arg>${fruits}</arg>
<arg>mango</arg>
<doc>Removes all occurrences of given ``values`` from ``list``.</doc>
<status status="PASS" starttime="20220316 17:17:36.218" endtime="20220316 17:17:36.220"/>
</kw>
<kw name="Log To Console" library="BuiltIn">
<arg>${fruits}</arg>
<doc>Logs the given message to the console.</doc>
<status status="PASS" starttime="20220316 17:17:36.221" endtime="20220316 17:17:36.222"/>
</kw>
<kw name="Append To List" library="Collections">
<arg>${fruits}</arg>
<arg>orange</arg>
<doc>Adds ``values`` to the end of ``list``.</doc>
<status status="PASS" starttime="20220316 17:17:36.222" endtime="20220316 17:17:36.223"/>
</kw>
<kw name="Log To Console" library="BuiltIn">
<arg>${fruits}</arg>
<doc>Logs the given message to the console.</doc>
<status status="PASS" starttime="20220316 17:17:36.223" endtime="20220316 17:17:36.224"/>
</kw>
<kw name="Insert Into List" library="Collections">
<arg>${fruits}</arg>
<arg>2</arg>
<arg>Jackfruit</arg>
<doc>Inserts ``value`` into ``list`` to the position specified with ``index``.</doc>
<status status="PASS" starttime="20220316 17:17:36.225" endtime="20220316 17:17:36.226"/>
</kw>
<kw name="Log To Console" library="BuiltIn">
<arg>${fruits}</arg>
<doc>Logs the given message to the console.</doc>
<status status="PASS" starttime="20220316 17:17:36.227" endtime="20220316 17:17:36.228"/>
</kw>
<status status="PASS" starttime="20220316 17:17:36.213" endtime="20220316 17:17:36.230"/>
</test>
<status status="PASS" starttime="20220316 17:17:35.563" endtime="20220316 17:17:36.232"/>
</suite>
<statistics>
<total>
<stat pass="4" fail="0" skip="0">All Tests</stat>
</total>
<tag>
</tag>
<suite>
<stat pass="4" fail="0" skip="0" id="s1" name="Demo5 Suite">Demo5 Suite</stat>
</suite>
</statistics>
<errors>
</errors>
</robot>
