<?xml version="1.0" encoding="UTF-8"?>
<robot generator="Robot 4.1.3 (Python 3.10.2 on win32)" generated="20220318 16:20:50.041" rpa="false" schemaversion="2">
<suite id="s1" name="Demo12 Autoit Suite" source="D:\ROBOT\Robot_Project\selenium_suite\demo12_autoit_suite.robot">
<test id="s1-t1" name="TC1">
<kw name="Open Browser" library="SeleniumLibrary">
<arg>browser=chrome</arg>
<arg>executable_path=${EXECDIR}${/}driver${/}chromedriver.exe</arg>
<doc>Opens a new browser instance to the optional ``url``.</doc>
<msg timestamp="20220318 16:20:52.036" level="INFO">Opening browser 'chrome' to base url 'None'.</msg>
<status status="PASS" starttime="20220318 16:20:52.034" endtime="20220318 16:20:59.354"/>
</kw>
<kw name="Maximize Browser Window" library="SeleniumLibrary">
<doc>Maximizes current browser window.</doc>
<status status="PASS" starttime="20220318 16:20:59.355" endtime="20220318 16:20:59.602"/>
</kw>
<kw name="Set Selenium Implicit Wait" library="SeleniumLibrary">
<arg>20s</arg>
<doc>Sets the implicit wait value used by Selenium.</doc>
<status status="PASS" starttime="20220318 16:20:59.603" endtime="20220318 16:20:59.694"/>
</kw>
<kw name="Go To" library="SeleniumLibrary">
<arg>url=https://www.ilovepdf.com/pdf_to_word</arg>
<doc>Navigates the current browser window to the provided ``url``.</doc>
<msg timestamp="20220318 16:20:59.695" level="INFO">Opening url 'https://www.ilovepdf.com/pdf_to_word'</msg>
<status status="PASS" starttime="20220318 16:20:59.695" endtime="20220318 16:21:05.121"/>
</kw>
<kw name="Click Element" library="SeleniumLibrary">
<arg>xpath=//span[text()='Select PDF file']</arg>
<doc>Click the element identified by ``locator``.</doc>
<msg timestamp="20220318 16:21:05.132" level="INFO">Clicking element 'xpath=//span[text()='Select PDF file']'.</msg>
<status status="PASS" starttime="20220318 16:21:05.130" endtime="20220318 16:21:05.292"/>
</kw>
<kw name="Sleep" library="BuiltIn">
<arg>1s</arg>
<doc>Pauses the test executed for the given time.</doc>
<msg timestamp="20220318 16:21:06.326" level="INFO">Slept 1 second</msg>
<status status="PASS" starttime="20220318 16:21:05.310" endtime="20220318 16:21:06.326"/>
</kw>
<kw name="Control Focus" library="AutoItLibrary">
<arg>Open</arg>
<arg>${EMPTY}</arg>
<arg>Edit1</arg>
<doc>method ControlFocus</doc>
<status status="PASS" starttime="20220318 16:21:06.328" endtime="20220318 16:21:06.923"/>
</kw>
<kw name="Sleep" library="BuiltIn">
<arg>1s</arg>
<doc>Pauses the test executed for the given time.</doc>
<msg timestamp="20220318 16:21:07.940" level="INFO">Slept 1 second</msg>
<status status="PASS" starttime="20220318 16:21:06.924" endtime="20220318 16:21:07.940"/>
</kw>
<kw name="Control Set Text" library="AutoItLibrary">
<arg>Open</arg>
<arg>${EMPTY}</arg>
<arg>Edit1</arg>
<arg>D:${/}NASSCOM _ The trade association of Indian IT BPM industry.pdf</arg>
<doc>method ControlSetText</doc>
<status status="PASS" starttime="20220318 16:21:07.941" endtime="20220318 16:21:08.299"/>
</kw>
<kw name="Sleep" library="BuiltIn">
<arg>1s</arg>
<doc>Pauses the test executed for the given time.</doc>
<msg timestamp="20220318 16:21:09.303" level="INFO">Slept 1 second</msg>
<status status="PASS" starttime="20220318 16:21:08.301" endtime="20220318 16:21:09.303"/>
</kw>
<kw name="Control Click" library="AutoItLibrary">
<arg>Open</arg>
<arg>${EMPTY}</arg>
<arg>Button1</arg>
<doc>method ControlClick</doc>
<status status="PASS" starttime="20220318 16:21:09.304" endtime="20220318 16:21:09.318"/>
</kw>
<kw name="Element Text Should Be" library="SeleniumLibrary">
<arg>xpath=//span[@class='file__info__name']</arg>
<arg>NASSCOM _ The trade association of Indian IT BPM industry.pdf</arg>
<doc>Verifies that element ``locator`` contains exact the text ``expected``.</doc>
<msg timestamp="20220318 16:21:09.319" level="INFO">Verifying element 'xpath=//span[@class='file__info__name']' contains exact text 'NASSCOM _ The trade association of Indian IT BPM industry.pdf'.</msg>
<status status="PASS" starttime="20220318 16:21:09.318" endtime="20220318 16:21:11.071"/>
</kw>
<status status="PASS" starttime="20220318 16:20:52.032" endtime="20220318 16:21:11.073"/>
</test>
<status status="PASS" starttime="20220318 16:20:50.045" endtime="20220318 16:21:11.076"/>
</suite>
<statistics>
<total>
<stat pass="1" fail="0" skip="0">All Tests</stat>
</total>
<tag>
</tag>
<suite>
<stat pass="1" fail="0" skip="0" id="s1" name="Demo12 Autoit Suite">Demo12 Autoit Suite</stat>
</suite>
</statistics>
<errors>
</errors>
</robot>
