<?xml version="1.0" encoding="UTF-8"?>
<robot generator="Robot 4.1.3 (Python 3.10.2 on win32)" generated="20220315 12:14:59.738" rpa="false" schemaversion="2">
<suite id="s1" name="Demo2 Medibuddy Tabs Suite" source="D:\ROBOT\Robot_Project\selenium_suite\demo2_medibuddy_tabs_suite.robot">
<test id="s1-t1" name="TC1">
<kw name="Open Browser" library="SeleniumLibrary">
<arg>browser=chrome</arg>
<arg>executable_path=${EXECDIR}${/}driver${/}chromedriver.exe</arg>
<doc>Opens a new browser instance to the optional ``url``.</doc>
<msg timestamp="20220315 12:15:00.478" level="INFO">Opening browser 'chrome' to base url 'None'.</msg>
<status status="PASS" starttime="20220315 12:15:00.477" endtime="20220315 12:15:06.688"/>
</kw>
<kw name="Maximize Browser Window" library="SeleniumLibrary">
<doc>Maximizes current browser window.</doc>
<status status="PASS" starttime="20220315 12:15:06.690" endtime="20220315 12:15:06.910"/>
</kw>
<kw name="Set Selenium Implicit Wait" library="SeleniumLibrary">
<arg>30s</arg>
<doc>Sets the implicit wait value used by Selenium.</doc>
<status status="PASS" starttime="20220315 12:15:06.911" endtime="20220315 12:15:06.913"/>
</kw>
<kw name="Go To" library="SeleniumLibrary">
<arg>url=https://www.medibuddy.in/</arg>
<doc>Navigates the current browser window to the provided ``url``.</doc>
<msg timestamp="20220315 12:15:06.915" level="INFO">Opening url 'https://www.medibuddy.in/'</msg>
<status status="PASS" starttime="20220315 12:15:06.914" endtime="20220315 12:15:11.794"/>
</kw>
<kw name="Click Element" library="SeleniumLibrary">
<arg>xpath=//button[text()="Not Now"]</arg>
<doc>Click the element identified by ``locator``.</doc>
<msg timestamp="20220315 12:15:11.798" level="INFO">Clicking element 'xpath=//button[text()="Not Now"]'.</msg>
<status status="PASS" starttime="20220315 12:15:11.797" endtime="20220315 12:15:21.975"/>
</kw>
<kw name="Click Element" library="SeleniumLibrary">
<arg>link=For Employer</arg>
<doc>Click the element identified by ``locator``.</doc>
<msg timestamp="20220315 12:15:21.977" level="INFO">Clicking element 'link=For Employer'.</msg>
<status status="PASS" starttime="20220315 12:15:21.977" endtime="20220315 12:15:22.240"/>
</kw>
<kw name="Switch Window" library="SeleniumLibrary">
<arg>MediBuddy LaunchPad</arg>
<doc>Switches to browser window matching ``locator``.</doc>
<status status="PASS" starttime="20220315 12:15:22.240" endtime="20220315 12:15:32.955"/>
</kw>
<kw name="Input Text" library="SeleniumLibrary">
<arg>id=getInTouchName</arg>
<arg>Anupriya</arg>
<doc>Types the given ``text`` into the text field identified by ``locator``.</doc>
<msg timestamp="20220315 12:15:32.957" level="INFO">Typing text 'Anupriya' into text field 'id=getInTouchName'.</msg>
<status status="PASS" starttime="20220315 12:15:32.956" endtime="20220315 12:15:33.262"/>
</kw>
<kw name="Input Text" library="SeleniumLibrary">
<arg>id=getInTouchEmail</arg>
<arg>anupriya@gmail.com</arg>
<doc>Types the given ``text`` into the text field identified by ``locator``.</doc>
<msg timestamp="20220315 12:15:33.262" level="INFO">Typing text 'anupriya@gmail.com' into text field 'id=getInTouchEmail'.</msg>
<status status="PASS" starttime="20220315 12:15:33.262" endtime="20220315 12:15:33.586"/>
</kw>
<kw name="Input Text" library="SeleniumLibrary">
<arg>id=getInTouchMobile</arg>
<arg>696969</arg>
<doc>Types the given ``text`` into the text field identified by ``locator``.</doc>
<msg timestamp="20220315 12:15:33.587" level="INFO">Typing text '696969' into text field 'id=getInTouchMobile'.</msg>
<status status="PASS" starttime="20220315 12:15:33.587" endtime="20220315 12:15:33.830"/>
</kw>
<kw name="Input Text" library="SeleniumLibrary">
<arg>id=getInTouchDesignation</arg>
<arg>xxx</arg>
<doc>Types the given ``text`` into the text field identified by ``locator``.</doc>
<msg timestamp="20220315 12:15:33.832" level="INFO">Typing text 'xxx' into text field 'id=getInTouchDesignation'.</msg>
<status status="PASS" starttime="20220315 12:15:33.831" endtime="20220315 12:15:34.026"/>
</kw>
<kw name="Input Text" library="SeleniumLibrary">
<arg>id=getInTouchEmpCount</arg>
<arg>1</arg>
<doc>Types the given ``text`` into the text field identified by ``locator``.</doc>
<msg timestamp="20220315 12:15:34.028" level="INFO">Typing text '1' into text field 'id=getInTouchEmpCount'.</msg>
<status status="PASS" starttime="20220315 12:15:34.027" endtime="20220315 12:15:34.204"/>
</kw>
<kw name="Click Element" library="SeleniumLibrary">
<arg>xpath=//button[text()="Get In Touch"]</arg>
<doc>Click the element identified by ``locator``.</doc>
<msg timestamp="20220315 12:15:34.206" level="INFO">Clicking element 'xpath=//button[text()="Get In Touch"]'.</msg>
<msg timestamp="20220315 12:16:04.750" level="INFO" html="true">&lt;/td&gt;&lt;/tr&gt;&lt;tr&gt;&lt;td colspan="3"&gt;&lt;a href="selenium-screenshot-6.png"&gt;&lt;img src="selenium-screenshot-6.png" width="800px"&gt;&lt;/a&gt;</msg>
<msg timestamp="20220315 12:16:04.864" level="FAIL">Element with locator 'xpath=//button[text()="Get In Touch"]' not found.</msg>
<status status="FAIL" starttime="20220315 12:15:34.205" endtime="20220315 12:16:04.864"/>
</kw>
<kw name="Close Window" library="SeleniumLibrary">
<doc>Closes currently opened and selected browser window/tab.</doc>
<status status="NOT RUN" starttime="20220315 12:16:04.866" endtime="20220315 12:16:04.866"/>
</kw>
<status status="FAIL" starttime="20220315 12:15:00.475" endtime="20220315 12:16:04.866">Element with locator 'xpath=//button[text()="Get In Touch"]' not found.</status>
</test>
<status status="FAIL" starttime="20220315 12:14:59.741" endtime="20220315 12:16:04.872"/>
</suite>
<statistics>
<total>
<stat pass="0" fail="1" skip="0">All Tests</stat>
</total>
<tag>
</tag>
<suite>
<stat pass="0" fail="1" skip="0" id="s1" name="Demo2 Medibuddy Tabs Suite">Demo2 Medibuddy Tabs Suite</stat>
</suite>
</statistics>
<errors>
</errors>
</robot>
