<?xml version="1.0" encoding="UTF-8"?>
<robot generator="Robot 4.1.3 (Python 3.10.2 on win32)" generated="20220321 11:52:40.131" rpa="false" schemaversion="2">
<suite id="s1" name="Demo3 Login Suite" source="D:\ROBOT\Robot_Project\appium_suite\demo3_login_suite.robot">
<test id="s1-t1" name="TC1">
<kw name="Open Application" library="AppiumLibrary">
<arg>remote_url=http://hub-cloud.browserstack.com/wd/hub</arg>
<arg>browserstack.user=anupriyas_WVpBtl</arg>
<arg>browserstack.key=yCZbbsxYqzodMsqBppGA</arg>
<arg>app=bs://4fe8b9a263c1dac4a33cbdba5266ad74ac43fd58</arg>
<arg>device=Google Pixel 3</arg>
<arg>os_version=9.0</arg>
<arg>project=LT5 Appium Concept</arg>
<arg>build=LT5 Appium Build</arg>
<arg>name=khan academy Login</arg>
<doc>Opens a new application to given Appium server.
Capabilities of appium server, Android and iOS,
Please check https://github.com/appium/appium/blob/master/docs/en/writing-running-appium/server-args.md
| *Option*            | *Man.* | *Description*     |
| remote_url          | Yes    | Appium server url |
| alias               | no     | alias             |</doc>
<status status="PASS" starttime="20220321 11:52:40.658" endtime="20220321 11:53:07.984"/>
</kw>
<kw name="Wait Until Page Contains Element" library="AppiumLibrary">
<arg>xpath=//*[@text='Dismiss']</arg>
<arg>timeout=50s</arg>
<doc>Waits until element specified with `locator` appears on current page.</doc>
<status status="PASS" starttime="20220321 11:53:07.984" endtime="20220321 11:53:10.955"/>
</kw>
<kw name="Click Element" library="AppiumLibrary">
<arg>xpath=//*[@text='Dismiss']</arg>
<doc>Click element identified by `locator`.</doc>
<msg timestamp="20220321 11:53:10.955" level="INFO">Clicking element 'xpath=//*[@text='Dismiss']'.</msg>
<status status="PASS" starttime="20220321 11:53:10.955" endtime="20220321 11:53:12.126"/>
</kw>
<kw name="Wait Until Page Contains Element" library="AppiumLibrary">
<arg>xpath=//*[@content-desc='Settings']</arg>
<arg>timeout=50s</arg>
<doc>Waits until element specified with `locator` appears on current page.</doc>
<status status="PASS" starttime="20220321 11:53:12.126" endtime="20220321 11:53:12.907"/>
</kw>
<kw name="Click Element" library="AppiumLibrary">
<arg>xpath=//*[@content-desc='Settings']</arg>
<doc>Click element identified by `locator`.</doc>
<msg timestamp="20220321 11:53:12.907" level="INFO">Clicking element 'xpath=//*[@content-desc='Settings']'.</msg>
<status status="PASS" starttime="20220321 11:53:12.907" endtime="20220321 11:53:13.939"/>
</kw>
<kw name="Wait Until Page Contains Element" library="AppiumLibrary">
<arg>xpath=//*[@text='Sign in']</arg>
<arg>timeout=50s</arg>
<doc>Waits until element specified with `locator` appears on current page.</doc>
<status status="PASS" starttime="20220321 11:53:13.939" endtime="20220321 11:53:14.849"/>
</kw>
<kw name="Click Element" library="AppiumLibrary">
<arg>xpath=//*[@text='Sign in']</arg>
<doc>Click element identified by `locator`.</doc>
<msg timestamp="20220321 11:53:14.849" level="INFO">Clicking element 'xpath=//*[@text='Sign in']'.</msg>
<status status="PASS" starttime="20220321 11:53:14.849" endtime="20220321 11:53:16.021"/>
</kw>
<kw name="Wait Until Page Contains Element" library="AppiumLibrary">
<arg>xpath=//*[@text='Sign in']</arg>
<arg>timeout=50s</arg>
<doc>Waits until element specified with `locator` appears on current page.</doc>
<status status="PASS" starttime="20220321 11:53:16.021" endtime="20220321 11:53:16.895"/>
</kw>
<kw name="Click Element" library="AppiumLibrary">
<arg>xpath=//*[@text='Sign in']</arg>
<doc>Click element identified by `locator`.</doc>
<msg timestamp="20220321 11:53:16.895" level="INFO">Clicking element 'xpath=//*[@text='Sign in']'.</msg>
<status status="PASS" starttime="20220321 11:53:16.895" endtime="20220321 11:53:17.895"/>
</kw>
<kw name="Wait Until Page Contains Element" library="AppiumLibrary">
<arg>xpath=//*[@text='Sign in']</arg>
<arg>timeout=50s</arg>
<doc>Waits until element specified with `locator` appears on current page.</doc>
<status status="PASS" starttime="20220321 11:53:17.895" endtime="20220321 11:53:18.817"/>
</kw>
<kw name="Click Element" library="AppiumLibrary">
<arg>xpath=//*[@text='Sign in']</arg>
<doc>Click element identified by `locator`.</doc>
<msg timestamp="20220321 11:53:18.817" level="INFO">Clicking element 'xpath=//*[@text='Sign in']'.</msg>
<status status="PASS" starttime="20220321 11:53:18.817" endtime="20220321 11:53:19.723"/>
</kw>
<kw name="Wait Until Page Contains Element" library="AppiumLibrary">
<arg>xpath=//*[contains(@text,'e-mail address')]</arg>
<arg>timeout=50s</arg>
<doc>Waits until element specified with `locator` appears on current page.</doc>
<status status="PASS" starttime="20220321 11:53:19.723" endtime="20220321 11:53:20.238"/>
</kw>
<kw name="Input Text" library="AppiumLibrary">
<arg>xpath=//*[contains(@text,'e-mail address')]</arg>
<arg>anupriya@gmail.com</arg>
<doc>Types the given `text` into text field identified by `locator`.</doc>
<msg timestamp="20220321 11:53:20.238" level="INFO">Typing text 'anupriya@gmail.com' into text field 'xpath=//*[contains(@text,'e-mail address')]'</msg>
<status status="PASS" starttime="20220321 11:53:20.238" endtime="20220321 11:53:21.207"/>
</kw>
<kw name="Wait Until Page Contains Element" library="AppiumLibrary">
<arg>xpath=//*[@text='Password']</arg>
<arg>timeout=50s</arg>
<doc>Waits until element specified with `locator` appears on current page.</doc>
<status status="PASS" starttime="20220321 11:53:21.223" endtime="20220321 11:53:22.019"/>
</kw>
<kw name="Input Text" library="AppiumLibrary">
<arg>xpath=//*[@text='Password']</arg>
<arg>anupriya123</arg>
<doc>Types the given `text` into text field identified by `locator`.</doc>
<msg timestamp="20220321 11:53:22.019" level="INFO">Typing text 'anupriya123' into text field 'xpath=//*[@text='Password']'</msg>
<status status="PASS" starttime="20220321 11:53:22.019" endtime="20220321 11:53:23.475"/>
</kw>
<kw name="Sleep" library="BuiltIn">
<arg>2s</arg>
<doc>Pauses the test executed for the given time.</doc>
<msg timestamp="20220321 11:53:25.490" level="INFO">Slept 2 seconds</msg>
<status status="PASS" starttime="20220321 11:53:23.475" endtime="20220321 11:53:25.490"/>
</kw>
<kw name="Wait Until Page Contains Element" library="AppiumLibrary">
<arg>xpath=(//*[@text='Sign in'])[2]</arg>
<arg>timeout=50s</arg>
<doc>Waits until element specified with `locator` appears on current page.</doc>
<status status="PASS" starttime="20220321 11:53:25.490" endtime="20220321 11:53:25.974"/>
</kw>
<kw name="Click Element" library="AppiumLibrary">
<arg>xpath=(//*[@text='Sign in'])[2]</arg>
<doc>Click element identified by `locator`.</doc>
<msg timestamp="20220321 11:53:25.974" level="INFO">Clicking element 'xpath=(//*[@text='Sign in'])[2]'.</msg>
<status status="PASS" starttime="20220321 11:53:25.974" endtime="20220321 11:53:26.974"/>
</kw>
<kw name="Sleep" library="BuiltIn">
<arg>2s</arg>
<doc>Pauses the test executed for the given time.</doc>
<msg timestamp="20220321 11:53:28.976" level="INFO">Slept 2 seconds</msg>
<status status="PASS" starttime="20220321 11:53:26.974" endtime="20220321 11:53:28.976"/>
</kw>
<kw name="Page Should Contain Text" library="AppiumLibrary">
<arg>There was an issue signing in</arg>
<doc>Verifies that current page contains `text`.</doc>
<msg timestamp="20220321 11:53:29.991" level="INFO">Current page contains text 'There was an issue signing in'.</msg>
<status status="PASS" starttime="20220321 11:53:28.976" endtime="20220321 11:53:29.991"/>
</kw>
<kw name="Element Text Should Be" library="AppiumLibrary">
<arg>//*[contains(@text,'issue')]</arg>
<arg>There was an issue signing in</arg>
<doc>Verifies element identified by ``locator`` exactly contains text ``expected``.</doc>
<msg timestamp="20220321 11:53:29.991" level="INFO">Verifying element '//*[contains(@text,'issue')]' contains exactly text 'There was an issue signing in'.</msg>
<status status="PASS" starttime="20220321 11:53:29.991" endtime="20220321 11:53:30.929"/>
</kw>
<kw name="Capture Page Screenshot" library="AppiumLibrary">
<doc>Takes a screenshot of the current page and embeds it into the log.</doc>
<msg timestamp="20220321 11:53:33.350" level="INFO" html="true">&lt;/td&gt;&lt;/tr&gt;&lt;tr&gt;&lt;td colspan="3"&gt;&lt;a href="appium-screenshot-1.png"&gt;&lt;img src="appium-screenshot-1.png" width="800px"&gt;&lt;/a&gt;</msg>
<status status="PASS" starttime="20220321 11:53:30.929" endtime="20220321 11:53:33.350"/>
</kw>
<kw name="Close Application" library="AppiumLibrary" type="TEARDOWN">
<doc>Closes the current application and also close webdriver session.</doc>
<status status="PASS" starttime="20220321 11:53:33.350" endtime="20220321 11:53:34.709"/>
</kw>
<status status="PASS" starttime="20220321 11:52:40.656" endtime="20220321 11:53:34.709"/>
</test>
<status status="PASS" starttime="20220321 11:52:40.135" endtime="20220321 11:53:34.709"/>
</suite>
<statistics>
<total>
<stat pass="1" fail="0" skip="0">All Tests</stat>
</total>
<tag>
</tag>
<suite>
<stat pass="1" fail="0" skip="0" id="s1" name="Demo3 Login Suite">Demo3 Login Suite</stat>
</suite>
</statistics>
<errors>
</errors>
</robot>
