<?xml version="1.0" encoding="UTF-8"?>
<robot generator="Robot 4.1.3 (Python 3.10.2 on win32)" generated="20220321 12:32:45.313" rpa="false" schemaversion="2">
<suite id="s1" name="Demo5 Suite" source="D:\ROBOT\Robot_Project\robot_suite\demo5_suite.robot">
<test id="s1-t1" name="TC5">
<kw name="Get Length" library="BuiltIn">
<var>${count}</var>
<arg>${COLORS}</arg>
<doc>Returns and logs the length of the given item as an integer.</doc>
<msg timestamp="20220321 12:32:46.000" level="INFO">Length is 4</msg>
<msg timestamp="20220321 12:32:46.000" level="INFO">${count} = 4</msg>
<status status="PASS" starttime="20220321 12:32:46.000" endtime="20220321 12:32:46.000"/>
</kw>
<kw name="Log To Console" library="BuiltIn">
<arg>${count}</arg>
<doc>Logs the given message to the console.</doc>
<status status="PASS" starttime="20220321 12:32:46.000" endtime="20220321 12:32:46.000"/>
</kw>
<for flavor="IN RANGE">
<var>${i}</var>
<value>0</value>
<value>${count}</value>
<value>1</value>
<iter>
<var name="${i}">0</var>
<kw name="Log To Console" library="BuiltIn">
<arg>${COLORS}[${i}]</arg>
<doc>Logs the given message to the console.</doc>
<status status="PASS" starttime="20220321 12:32:46.000" endtime="20220321 12:32:46.000"/>
</kw>
<status status="PASS" starttime="20220321 12:32:46.000" endtime="20220321 12:32:46.000"/>
</iter>
<iter>
<var name="${i}">1</var>
<kw name="Log To Console" library="BuiltIn">
<arg>${COLORS}[${i}]</arg>
<doc>Logs the given message to the console.</doc>
<status status="PASS" starttime="20220321 12:32:46.000" endtime="20220321 12:32:46.000"/>
</kw>
<status status="PASS" starttime="20220321 12:32:46.000" endtime="20220321 12:32:46.000"/>
</iter>
<iter>
<var name="${i}">2</var>
<kw name="Log To Console" library="BuiltIn">
<arg>${COLORS}[${i}]</arg>
<doc>Logs the given message to the console.</doc>
<status status="PASS" starttime="20220321 12:32:46.000" endtime="20220321 12:32:46.016"/>
</kw>
<status status="PASS" starttime="20220321 12:32:46.000" endtime="20220321 12:32:46.016"/>
</iter>
<iter>
<var name="${i}">3</var>
<kw name="Log To Console" library="BuiltIn">
<arg>${COLORS}[${i}]</arg>
<doc>Logs the given message to the console.</doc>
<status status="PASS" starttime="20220321 12:32:46.016" endtime="20220321 12:32:46.016"/>
</kw>
<status status="PASS" starttime="20220321 12:32:46.016" endtime="20220321 12:32:46.016"/>
</iter>
<status status="PASS" starttime="20220321 12:32:46.000" endtime="20220321 12:32:46.016"/>
</for>
<status status="PASS" starttime="20220321 12:32:46.000" endtime="20220321 12:32:46.016"/>
</test>
<test id="s1-t2" name="TC6">
<for flavor="IN">
<var>${color}</var>
<value>@{COLORS}</value>
<iter>
<var name="${color}">red</var>
<kw name="Log To Console" library="BuiltIn">
<arg>${color}</arg>
<doc>Logs the given message to the console.</doc>
<status status="PASS" starttime="20220321 12:32:46.016" endtime="20220321 12:32:46.016"/>
</kw>
<status status="PASS" starttime="20220321 12:32:46.016" endtime="20220321 12:32:46.016"/>
</iter>
<iter>
<var name="${color}">green</var>
<kw name="Log To Console" library="BuiltIn">
<arg>${color}</arg>
<doc>Logs the given message to the console.</doc>
<status status="PASS" starttime="20220321 12:32:46.016" endtime="20220321 12:32:46.016"/>
</kw>
<status status="PASS" starttime="20220321 12:32:46.016" endtime="20220321 12:32:46.016"/>
</iter>
<iter>
<var name="${color}">yellow</var>
<kw name="Log To Console" library="BuiltIn">
<arg>${color}</arg>
<doc>Logs the given message to the console.</doc>
<status status="PASS" starttime="20220321 12:32:46.016" endtime="20220321 12:32:46.016"/>
</kw>
<status status="PASS" starttime="20220321 12:32:46.016" endtime="20220321 12:32:46.016"/>
</iter>
<iter>
<var name="${color}">pink</var>
<kw name="Log To Console" library="BuiltIn">
<arg>${color}</arg>
<doc>Logs the given message to the console.</doc>
<status status="PASS" starttime="20220321 12:32:46.016" endtime="20220321 12:32:46.016"/>
</kw>
<status status="PASS" starttime="20220321 12:32:46.016" endtime="20220321 12:32:46.016"/>
</iter>
<status status="PASS" starttime="20220321 12:32:46.016" endtime="20220321 12:32:46.016"/>
</for>
<status status="PASS" starttime="20220321 12:32:46.016" endtime="20220321 12:32:46.016"/>
</test>
<test id="s1-t3" name="TC1">
<kw name="Set Local Variable" library="BuiltIn">
<arg>${name}</arg>
<arg>AnupriyaS</arg>
<doc>Makes a variable available everywhere within the local scope.</doc>
<msg timestamp="20220321 12:32:46.031" level="INFO">${name} = AnupriyaS</msg>
<status status="PASS" starttime="20220321 12:32:46.031" endtime="20220321 12:32:46.031"/>
</kw>
<kw name="Log To Console" library="BuiltIn">
<arg>${name}</arg>
<doc>Logs the given message to the console.</doc>
<status status="PASS" starttime="20220321 12:32:46.031" endtime="20220321 12:32:46.031"/>
</kw>
<kw name="Set Variable" library="BuiltIn">
<var>${val}</var>
<arg>Anu</arg>
<doc>Returns the given values which can then be assigned to a variables.</doc>
<msg timestamp="20220321 12:32:46.031" level="INFO">${val} = Anu</msg>
<status status="PASS" starttime="20220321 12:32:46.031" endtime="20220321 12:32:46.031"/>
</kw>
<kw name="Log To Console" library="BuiltIn">
<arg>${name}</arg>
<doc>Logs the given message to the console.</doc>
<status status="PASS" starttime="20220321 12:32:46.031" endtime="20220321 12:32:46.031"/>
</kw>
<kw name="Log To Console" library="BuiltIn">
<arg>${MY_NAME}</arg>
<doc>Logs the given message to the console.</doc>
<status status="PASS" starttime="20220321 12:32:46.031" endtime="20220321 12:32:46.031"/>
</kw>
<status status="PASS" starttime="20220321 12:32:46.016" endtime="20220321 12:32:46.031"/>
</test>
<test id="s1-t4" name="TC2">
<kw name="Log To Console" library="BuiltIn">
<arg>${MY_NAME}</arg>
<doc>Logs the given message to the console.</doc>
<status status="PASS" starttime="20220321 12:32:46.031" endtime="20220321 12:32:46.047"/>
</kw>
<status status="PASS" starttime="20220321 12:32:46.031" endtime="20220321 12:32:46.047"/>
</test>
<test id="s1-t5" name="TC3">
<kw name="Log To Console" library="BuiltIn">
<arg>${COLORS}</arg>
<doc>Logs the given message to the console.</doc>
<status status="PASS" starttime="20220321 12:32:46.047" endtime="20220321 12:32:46.047"/>
</kw>
<kw name="Log To Console" library="BuiltIn">
<arg>${COLORS}[0]</arg>
<doc>Logs the given message to the console.</doc>
<status status="PASS" starttime="20220321 12:32:46.047" endtime="20220321 12:32:46.047"/>
</kw>
<kw name="Get Length" library="BuiltIn">
<var>${count}</var>
<arg>${COLORS}</arg>
<doc>Returns and logs the length of the given item as an integer.</doc>
<msg timestamp="20220321 12:32:46.047" level="INFO">Length is 4</msg>
<msg timestamp="20220321 12:32:46.047" level="INFO">${count} = 4</msg>
<status status="PASS" starttime="20220321 12:32:46.047" endtime="20220321 12:32:46.047"/>
</kw>
<kw name="Log To Console" library="BuiltIn">
<arg>${count}</arg>
<doc>Logs the given message to the console.</doc>
<status status="PASS" starttime="20220321 12:32:46.047" endtime="20220321 12:32:46.047"/>
</kw>
<status status="PASS" starttime="20220321 12:32:46.047" endtime="20220321 12:32:46.047"/>
</test>
<test id="s1-t6" name="TC4">
<kw name="Create List" library="BuiltIn">
<var>@{fruits}</var>
<arg>apple</arg>
<arg>banana</arg>
<arg>mango</arg>
<arg>pineapple</arg>
<doc>Returns a list containing given items.</doc>
<msg timestamp="20220321 12:32:46.047" level="INFO">@{fruits} = [ apple | banana | mango | pineapple ]</msg>
<status status="PASS" starttime="20220321 12:32:46.047" endtime="20220321 12:32:46.047"/>
</kw>
<kw name="Log To Console" library="BuiltIn">
<arg>${fruits}</arg>
<doc>Logs the given message to the console.</doc>
<status status="PASS" starttime="20220321 12:32:46.063" endtime="20220321 12:32:46.063"/>
</kw>
<kw name="Log To Console" library="BuiltIn">
<arg>${fruits}[2]</arg>
<doc>Logs the given message to the console.</doc>
<status status="PASS" starttime="20220321 12:32:46.063" endtime="20220321 12:32:46.063"/>
</kw>
<kw name="Remove Values From List" library="Collections">
<arg>${fruits}</arg>
<arg>mango</arg>
<doc>Removes all occurrences of given ``values`` from ``list``.</doc>
<status status="PASS" starttime="20220321 12:32:46.063" endtime="20220321 12:32:46.063"/>
</kw>
<kw name="Log To Console" library="BuiltIn">
<arg>${fruits}</arg>
<doc>Logs the given message to the console.</doc>
<status status="PASS" starttime="20220321 12:32:46.063" endtime="20220321 12:32:46.063"/>
</kw>
<kw name="Append To List" library="Collections">
<arg>${fruits}</arg>
<arg>orange</arg>
<doc>Adds ``values`` to the end of ``list``.</doc>
<status status="PASS" starttime="20220321 12:32:46.063" endtime="20220321 12:32:46.063"/>
</kw>
<kw name="Log To Console" library="BuiltIn">
<arg>${fruits}</arg>
<doc>Logs the given message to the console.</doc>
<status status="PASS" starttime="20220321 12:32:46.063" endtime="20220321 12:32:46.063"/>
</kw>
<kw name="Insert Into List" library="Collections">
<arg>${fruits}</arg>
<arg>2</arg>
<arg>Jackfruit</arg>
<doc>Inserts ``value`` into ``list`` to the position specified with ``index``.</doc>
<status status="PASS" starttime="20220321 12:32:46.063" endtime="20220321 12:32:46.063"/>
</kw>
<kw name="Log To Console" library="BuiltIn">
<arg>${fruits}</arg>
<doc>Logs the given message to the console.</doc>
<status status="PASS" starttime="20220321 12:32:46.063" endtime="20220321 12:32:46.063"/>
</kw>
<kw name="Log List" library="Collections">
<arg>${fruits}</arg>
<doc>Logs the length and contents of the ``list`` using given ``level``.</doc>
<msg timestamp="20220321 12:32:46.063" level="INFO">List length is 5 and it contains following items:
0: apple
1: banana
2: Jackfruit
3: pineapple
4: orange</msg>
<status status="PASS" starttime="20220321 12:32:46.063" endtime="20220321 12:32:46.063"/>
</kw>
<status status="PASS" starttime="20220321 12:32:46.047" endtime="20220321 12:32:46.063"/>
</test>
<status status="PASS" starttime="20220321 12:32:45.313" endtime="20220321 12:32:46.063"/>
</suite>
<statistics>
<total>
<stat pass="6" fail="0" skip="0">All Tests</stat>
</total>
<tag>
</tag>
<suite>
<stat pass="6" fail="0" skip="0" id="s1" name="Demo5 Suite">Demo5 Suite</stat>
</suite>
</statistics>
<errors>
</errors>
</robot>
