<?xml version="1.0" encoding="UTF-8"?>
<robot generator="Robot 4.1.3 (Python 3.10.2 on win32)" generated="20220318 15:34:36.485" rpa="false" schemaversion="2">
<suite id="s1" name="Demo11 Autoit Suite" source="D:\ROBOT\Robot_Project\selenium_suite\demo11_autoit_suite.robot">
<test id="s1-t1" name="TC1">
<kw name="Open Browser" library="SeleniumLibrary">
<arg>browser=chrome</arg>
<arg>executable_path=${EXECDIR}${/}driver${/}chromedriver.exe</arg>
<doc>Opens a new browser instance to the optional ``url``.</doc>
<msg timestamp="20220318 15:34:38.853" level="INFO">Opening browser 'chrome' to base url 'None'.</msg>
<status status="PASS" starttime="20220318 15:34:38.851" endtime="20220318 15:34:49.483"/>
</kw>
<kw name="Maximize Browser Window" library="SeleniumLibrary">
<doc>Maximizes current browser window.</doc>
<status status="PASS" starttime="20220318 15:34:49.484" endtime="20220318 15:34:50.036"/>
</kw>
<kw name="Set Selenium Implicit Wait" library="SeleniumLibrary">
<arg>20s</arg>
<doc>Sets the implicit wait value used by Selenium.</doc>
<status status="PASS" starttime="20220318 15:34:50.037" endtime="20220318 15:34:50.066"/>
</kw>
<kw name="Go To" library="SeleniumLibrary">
<arg>url=https://john:john123@softwaretesting.com</arg>
<doc>Navigates the current browser window to the provided ``url``.</doc>
<msg timestamp="20220318 15:34:50.067" level="INFO">Opening url 'https://john:john123@softwaretesting.com'</msg>
<status status="PASS" starttime="20220318 15:34:50.067" endtime="20220318 15:34:52.621"/>
</kw>
<status status="PASS" starttime="20220318 15:34:38.849" endtime="20220318 15:34:52.634"/>
</test>
<test id="s1-t2" name="TC2">
<kw name="Open Browser" library="SeleniumLibrary">
<arg>browser=chrome</arg>
<arg>executable_path=${EXECDIR}${/}driver${/}chromedriver.exe</arg>
<doc>Opens a new browser instance to the optional ``url``.</doc>
<msg timestamp="20220318 15:34:52.642" level="INFO">Opening browser 'chrome' to base url 'None'.</msg>
<status status="PASS" starttime="20220318 15:34:52.640" endtime="20220318 15:34:56.353"/>
</kw>
<kw name="Maximize Browser Window" library="SeleniumLibrary">
<doc>Maximizes current browser window.</doc>
<status status="PASS" starttime="20220318 15:34:56.354" endtime="20220318 15:34:56.505"/>
</kw>
<kw name="Set Selenium Implicit Wait" library="SeleniumLibrary">
<arg>20s</arg>
<doc>Sets the implicit wait value used by Selenium.</doc>
<status status="PASS" starttime="20220318 15:34:56.524" endtime="20220318 15:34:56.554"/>
</kw>
<kw name="Go To" library="SeleniumLibrary">
<arg>url=https://softwaretesting.com/</arg>
<doc>Navigates the current browser window to the provided ``url``.</doc>
<msg timestamp="20220318 15:34:56.570" level="INFO">Opening url 'https://softwaretesting.com/'</msg>
<status status="PASS" starttime="20220318 15:34:56.570" endtime="20220318 15:35:01.753"/>
</kw>
<kw name="Sleep" library="BuiltIn">
<arg>5s</arg>
<doc>Pauses the test executed for the given time.</doc>
<msg timestamp="20220318 15:35:06.791" level="INFO">Slept 5 seconds</msg>
<status status="PASS" starttime="20220318 15:35:01.777" endtime="20220318 15:35:06.792"/>
</kw>
<kw name="Send" library="AutoItLibrary">
<arg>Anupriya</arg>
<doc>method Send</doc>
<status status="PASS" starttime="20220318 15:35:06.792" endtime="20220318 15:35:07.014"/>
</kw>
<kw name="Send" library="AutoItLibrary">
<arg>{TAB}</arg>
<doc>method Send</doc>
<status status="PASS" starttime="20220318 15:35:07.016" endtime="20220318 15:35:07.053"/>
</kw>
<kw name="Send" library="AutoItLibrary">
<arg>pass123</arg>
<doc>method Send</doc>
<status status="PASS" starttime="20220318 15:35:07.054" endtime="20220318 15:35:07.150"/>
</kw>
<kw name="Send" library="AutoItLibrary">
<arg>{ENTER}</arg>
<doc>method Send</doc>
<status status="PASS" starttime="20220318 15:35:07.152" endtime="20220318 15:35:07.208"/>
</kw>
<status status="PASS" starttime="20220318 15:34:52.638" endtime="20220318 15:35:07.268"/>
</test>
<status status="PASS" starttime="20220318 15:34:36.506" endtime="20220318 15:35:07.290"/>
</suite>
<statistics>
<total>
<stat pass="2" fail="0" skip="0">All Tests</stat>
</total>
<tag>
</tag>
<suite>
<stat pass="2" fail="0" skip="0" id="s1" name="Demo11 Autoit Suite">Demo11 Autoit Suite</stat>
</suite>
</statistics>
<errors>
</errors>
</robot>
