<?xml version="1.0" encoding="UTF-8"?>
<robot generator="Robot 4.1.3 (Python 3.10.2 on win32)" generated="20220316 13:10:26.729" rpa="false" schemaversion="2">
<suite id="s1" name="Demo9 Royal Suite" source="D:\ROBOT\Robot_Project\selenium_suite\demo9_royal_suite.robot">
<test id="s1-t1" name="TC1 Sign Up">
<kw name="Open Browser" library="SeleniumLibrary">
<arg>browser=chrome</arg>
<arg>executable_path=${EXECDIR}${/}driver${/}chromedriver.exe</arg>
<doc>Opens a new browser instance to the optional ``url``.</doc>
<msg timestamp="20220316 13:10:27.292" level="INFO">Opening browser 'chrome' to base url 'None'.</msg>
<status status="PASS" starttime="20220316 13:10:27.291" endtime="20220316 13:10:30.425"/>
</kw>
<kw name="Maximize Browser Window" library="SeleniumLibrary">
<doc>Maximizes current browser window.</doc>
<status status="PASS" starttime="20220316 13:10:30.427" endtime="20220316 13:10:30.814"/>
</kw>
<kw name="Set Selenium Implicit Wait" library="SeleniumLibrary">
<arg>20s</arg>
<doc>Sets the implicit wait value used by Selenium.</doc>
<status status="PASS" starttime="20220316 13:10:30.840" endtime="20220316 13:10:30.842"/>
</kw>
<kw name="Set Selenium Speed" library="SeleniumLibrary">
<arg>1s</arg>
<doc>Sets the delay that is waited after each Selenium command.</doc>
<status status="PASS" starttime="20220316 13:10:30.844" endtime="20220316 13:10:30.844"/>
</kw>
<kw name="Go To" library="SeleniumLibrary">
<arg>url=https://www.royalcaribbean.com/account/</arg>
<doc>Navigates the current browser window to the provided ``url``.</doc>
<msg timestamp="20220316 13:10:30.845" level="INFO">Opening url 'https://www.royalcaribbean.com/account/'</msg>
<status status="PASS" starttime="20220316 13:10:30.845" endtime="20220316 13:10:36.587"/>
</kw>
<kw name="Click Element" library="SeleniumLibrary">
<arg>link=Create an account</arg>
<doc>Click the element identified by ``locator``.</doc>
<msg timestamp="20220316 13:10:36.589" level="INFO">Clicking element 'link=Create an account'.</msg>
<status status="PASS" starttime="20220316 13:10:36.588" endtime="20220316 13:10:42.771"/>
</kw>
<kw name="Input Text" library="SeleniumLibrary">
<arg>xpath=//input[@data-placeholder="First name/Given name"]</arg>
<arg>Anupriya</arg>
<doc>Types the given ``text`` into the text field identified by ``locator``.</doc>
<msg timestamp="20220316 13:10:42.776" level="INFO">Typing text 'Anupriya' into text field 'xpath=//input[@data-placeholder="First name/Given name"]'.</msg>
<status status="PASS" starttime="20220316 13:10:42.775" endtime="20220316 13:10:47.137"/>
</kw>
<kw name="Input Text" library="SeleniumLibrary">
<arg>xpath=//input[@data-placeholder="Last name/Surname"]</arg>
<arg>Saa</arg>
<doc>Types the given ``text`` into the text field identified by ``locator``.</doc>
<msg timestamp="20220316 13:10:47.139" level="INFO">Typing text 'Saa' into text field 'xpath=//input[@data-placeholder="Last name/Surname"]'.</msg>
<status status="PASS" starttime="20220316 13:10:47.138" endtime="20220316 13:10:50.728"/>
</kw>
<kw name="Click Element" library="SeleniumLibrary">
<arg>xpath=//span[text()='Month']</arg>
<doc>Click the element identified by ``locator``.</doc>
<msg timestamp="20220316 13:10:50.731" level="INFO">Clicking element 'xpath=//span[text()='Month']'.</msg>
<status status="PASS" starttime="20220316 13:10:50.730" endtime="20220316 13:10:53.008"/>
</kw>
<kw name="Click Element" library="SeleniumLibrary">
<arg>xpath=//span[contains(text(),'April')]</arg>
<doc>Click the element identified by ``locator``.</doc>
<msg timestamp="20220316 13:10:53.009" level="INFO">Clicking element 'xpath=//span[contains(text(),'April')]'.</msg>
<status status="PASS" starttime="20220316 13:10:53.009" endtime="20220316 13:10:55.217"/>
</kw>
<kw name="Click Element" library="SeleniumLibrary">
<arg>xpath=//span[text()='Day']</arg>
<doc>Click the element identified by ``locator``.</doc>
<msg timestamp="20220316 13:10:55.218" level="INFO">Clicking element 'xpath=//span[text()='Day']'.</msg>
<status status="PASS" starttime="20220316 13:10:55.218" endtime="20220316 13:10:57.425"/>
</kw>
<kw name="Click Element" library="SeleniumLibrary">
<arg>xpath=//span[contains(text(),'4')]</arg>
<doc>Click the element identified by ``locator``.</doc>
<msg timestamp="20220316 13:10:57.427" level="INFO">Clicking element 'xpath=//span[contains(text(),'4')]'.</msg>
<status status="PASS" starttime="20220316 13:10:57.427" endtime="20220316 13:10:59.576"/>
</kw>
<kw name="Input Text" library="SeleniumLibrary">
<arg>xpath=//input[@data-placeholder="Year"]</arg>
<arg>1992</arg>
<doc>Types the given ``text`` into the text field identified by ``locator``.</doc>
<msg timestamp="20220316 13:10:59.577" level="INFO">Typing text '1992' into text field 'xpath=//input[@data-placeholder="Year"]'.</msg>
<status status="PASS" starttime="20220316 13:10:59.577" endtime="20220316 13:11:02.935"/>
</kw>
<kw name="Click Element" library="SeleniumLibrary">
<arg>xpath=//span[text()='Country/Region of residence']</arg>
<doc>Click the element identified by ``locator``.</doc>
<msg timestamp="20220316 13:11:02.936" level="INFO">Clicking element 'xpath=//span[text()='Country/Region of residence']'.</msg>
<status status="PASS" starttime="20220316 13:11:02.936" endtime="20220316 13:11:05.236"/>
</kw>
<kw name="Click Element" library="SeleniumLibrary">
<arg>xpath=//span[contains(text(),'India')]</arg>
<doc>Click the element identified by ``locator``.</doc>
<msg timestamp="20220316 13:11:05.237" level="INFO">Clicking element 'xpath=//span[contains(text(),'India')]'.</msg>
<status status="PASS" starttime="20220316 13:11:05.236" endtime="20220316 13:11:07.500"/>
</kw>
<kw name="Input Text" library="SeleniumLibrary">
<arg>xpath=//input[@data-placeholder="Email address"]</arg>
<arg>lt@gmail.com</arg>
<doc>Types the given ``text`` into the text field identified by ``locator``.</doc>
<msg timestamp="20220316 13:11:07.501" level="INFO">Typing text 'lt@gmail.com' into text field 'xpath=//input[@data-placeholder="Email address"]'.</msg>
<status status="PASS" starttime="20220316 13:11:07.501" endtime="20220316 13:11:11.018"/>
</kw>
<kw name="Click Element" library="SeleniumLibrary">
<arg>xpath=//span[text()='Select one security question']</arg>
<doc>Click the element identified by ``locator``.</doc>
<msg timestamp="20220316 13:11:11.019" level="INFO">Clicking element 'xpath=//span[text()='Select one security question']'.</msg>
<status status="PASS" starttime="20220316 13:11:11.018" endtime="20220316 13:11:13.497"/>
</kw>
<kw name="Click Element" library="SeleniumLibrary">
<arg>xpath=//span[contains(text(),'What elementary school did you go to?')]</arg>
<doc>Click the element identified by ``locator``.</doc>
<msg timestamp="20220316 13:11:13.499" level="INFO">Clicking element 'xpath=//span[contains(text(),'What elementary school did you go to?')]'.</msg>
<status status="PASS" starttime="20220316 13:11:13.498" endtime="20220316 13:11:15.645"/>
</kw>
<kw name="Input Text" library="SeleniumLibrary">
<arg>xpath=//input[@data-placeholder="Answer"]</arg>
<arg>Xxxx</arg>
<doc>Types the given ``text`` into the text field identified by ``locator``.</doc>
<msg timestamp="20220316 13:11:15.646" level="INFO">Typing text 'Xxxx' into text field 'xpath=//input[@data-placeholder="Answer"]'.</msg>
<status status="PASS" starttime="20220316 13:11:15.646" endtime="20220316 13:11:18.933"/>
</kw>
<kw name="Click Element" library="SeleniumLibrary">
<arg>xpath=//span[@class='mat-checkbox-inner-container mat-checkbox-inner-container-no-side-margin']</arg>
<doc>Click the element identified by ``locator``.</doc>
<msg timestamp="20220316 13:11:18.937" level="INFO">Clicking element 'xpath=//span[@class='mat-checkbox-inner-container mat-checkbox-inner-container-no-side-margin']'.</msg>
<status status="PASS" starttime="20220316 13:11:18.936" endtime="20220316 13:11:21.154"/>
</kw>
<kw name="Click Element" library="SeleniumLibrary">
<arg>xpath=//button[contains(text(),' Done ')]</arg>
<doc>Click the element identified by ``locator``.</doc>
<msg timestamp="20220316 13:11:21.157" level="INFO">Clicking element 'xpath=//button[contains(text(),' Done ')]'.</msg>
<status status="PASS" starttime="20220316 13:11:21.156" endtime="20220316 13:11:23.336"/>
</kw>
<kw name="Sleep" library="BuiltIn">
<arg>5s</arg>
<doc>Pauses the test executed for the given time.</doc>
<msg timestamp="20220316 13:11:28.338" level="INFO">Slept 5 seconds</msg>
<status status="PASS" starttime="20220316 13:11:23.337" endtime="20220316 13:11:28.338"/>
</kw>
<kw name="Close Browser" library="SeleniumLibrary" type="TEARDOWN">
<doc>Closes the current browser.</doc>
<status status="PASS" starttime="20220316 13:11:28.339" endtime="20220316 13:11:31.858"/>
</kw>
<status status="PASS" starttime="20220316 13:10:27.289" endtime="20220316 13:11:31.859"/>
</test>
<status status="PASS" starttime="20220316 13:10:26.732" endtime="20220316 13:11:31.882"/>
</suite>
<statistics>
<total>
<stat pass="1" fail="0" skip="0">All Tests</stat>
</total>
<tag>
</tag>
<suite>
<stat pass="1" fail="0" skip="0" id="s1" name="Demo9 Royal Suite">Demo9 Royal Suite</stat>
</suite>
</statistics>
<errors>
</errors>
</robot>
