<?xml version="1.0" encoding="UTF-8"?>
<robot generator="Robot 4.1.3 (Python 3.10.2 on win32)" generated="20220318 12:53:51.633" rpa="false" schemaversion="2">
<suite id="s1" name="Demo1 Suite" source="D:\ROBOT\Robot_Project\db_suite\demo1_suite.robot">
<kw name="Connect To Database" library="DatabaseLibrary" type="SETUP">
<arg>dbapiModuleName=pymysql</arg>
<arg>dbName=dbfree_db</arg>
<arg>dbUsername=dbfree_db</arg>
<arg>dbPassword=12345678</arg>
<arg>dbHost=db4free.net</arg>
<arg>dbPort=3306</arg>
<doc>Loads the DB API 2.0 module given `dbapiModuleName` then uses it to
connect to the database using `dbName`, `dbUsername`, and `dbPassword`.</doc>
<msg timestamp="20220318 12:53:51.853" level="INFO">Connecting using : pymysql.connect(db=dbfree_db, user=dbfree_db, passwd=12345678, host=db4free.net, port=3306, charset=None) </msg>
<status status="PASS" starttime="20220318 12:53:51.735" endtime="20220318 12:53:57.967"/>
</kw>
<test id="s1-t1" name="TC1">
<kw name="Table Must Exist" library="DatabaseLibrary">
<arg>Products</arg>
<doc>Check if the table given exists in the database. Set optional input `sansTran` to True to run command without an
explicit transaction commit or rollback.</doc>
<msg timestamp="20220318 12:53:57.968" level="INFO">Executing : Table Must Exist  |  Products </msg>
<msg timestamp="20220318 12:53:57.968" level="INFO">Executing : Row Count  |  SELECT * FROM information_schema.tables WHERE table_name='Products' </msg>
<status status="PASS" starttime="20220318 12:53:57.967" endtime="20220318 12:54:00.726"/>
</kw>
<kw name="Row Count" library="DatabaseLibrary">
<var>${count}</var>
<arg>select * from Products</arg>
<doc>Uses the input `selectStatement` to query the database and returns the number of rows from the query. Set
optional input `sansTran` to True to run command without an explicit transaction commit or rollback.</doc>
<msg timestamp="20220318 12:54:00.727" level="INFO">Executing : Row Count  |  select * from Products </msg>
<msg timestamp="20220318 12:54:01.303" level="INFO">${count} = 57</msg>
<status status="PASS" starttime="20220318 12:54:00.726" endtime="20220318 12:54:01.303"/>
</kw>
<kw name="Log To Console" library="BuiltIn">
<arg>${count}</arg>
<doc>Logs the given message to the console.</doc>
<status status="PASS" starttime="20220318 12:54:01.304" endtime="20220318 12:54:01.305"/>
</kw>
<status status="PASS" starttime="20220318 12:53:57.967" endtime="20220318 12:54:01.305"/>
</test>
<test id="s1-t2" name="TC2">
<kw name="Row Count Is Equal To X" library="DatabaseLibrary">
<arg>select * from Products where product_id=10</arg>
<arg>1</arg>
<doc>Check if the number of rows returned from `selectStatement` is equal to the value submitted. If not, then this
will throw an AssertionError. Set optional input `sansTran` to True to run command without an explicit
transaction commit or rollback.</doc>
<msg timestamp="20220318 12:54:01.308" level="INFO">Executing : Row Count Is Equal To X  |  select * from Products where product_id=10  |  1 </msg>
<msg timestamp="20220318 12:54:01.308" level="INFO">Executing : Row Count  |  select * from Products where product_id=10 </msg>
<status status="PASS" starttime="20220318 12:54:01.307" endtime="20220318 12:54:01.940"/>
</kw>
<status status="PASS" starttime="20220318 12:54:01.307" endtime="20220318 12:54:01.941"/>
</test>
<test id="s1-t3" name="TC3">
<kw name="Execute Sql String" library="DatabaseLibrary">
<arg>Insert into Products (product_id,productname,description) values (1020,'Anupriya','name')</arg>
<doc>Executes the sqlString as SQL commands. Useful to pass arguments to your sql. Set optional input `sansTran` to
True to run command without an explicit transaction commit or rollback.</doc>
<msg timestamp="20220318 12:54:01.944" level="INFO">Executing : Execute SQL String  |  Insert into Products (product_id,productname,description) values (1020,'Anupriya','name') </msg>
<status status="PASS" starttime="20220318 12:54:01.944" endtime="20220318 12:54:02.892"/>
</kw>
<kw name="Row Count Is Equal To X" library="DatabaseLibrary">
<arg>select * from Products where product_id=1020</arg>
<arg>1</arg>
<doc>Check if the number of rows returned from `selectStatement` is equal to the value submitted. If not, then this
will throw an AssertionError. Set optional input `sansTran` to True to run command without an explicit
transaction commit or rollback.</doc>
<msg timestamp="20220318 12:54:02.895" level="INFO">Executing : Row Count Is Equal To X  |  select * from Products where product_id=1020  |  1 </msg>
<msg timestamp="20220318 12:54:02.895" level="INFO">Executing : Row Count  |  select * from Products where product_id=1020 </msg>
<status status="PASS" starttime="20220318 12:54:02.894" endtime="20220318 12:54:03.446"/>
</kw>
<status status="PASS" starttime="20220318 12:54:01.943" endtime="20220318 12:54:03.447"/>
</test>
<kw name="Disconnect From Database" library="DatabaseLibrary" type="TEARDOWN">
<doc>Disconnects from the database.</doc>
<msg timestamp="20220318 12:54:03.449" level="INFO">Executing : Disconnect From Database</msg>
<status status="PASS" starttime="20220318 12:54:03.449" endtime="20220318 12:54:03.450"/>
</kw>
<status status="PASS" starttime="20220318 12:53:51.637" endtime="20220318 12:54:03.450"/>
</suite>
<statistics>
<total>
<stat pass="3" fail="0" skip="0">All Tests</stat>
</total>
<tag>
</tag>
<suite>
<stat pass="3" fail="0" skip="0" id="s1" name="Demo1 Suite">Demo1 Suite</stat>
</suite>
</statistics>
<errors>
</errors>
</robot>
