<?xml version="1.0" encoding="UTF-8"?>
<robot generator="Robot 4.1.3 (Python 3.10.2 on win32)" generated="20220316 10:36:10.700" rpa="false" schemaversion="2">
<suite id="s1" name="Demo8 Hdfc Suite" source="D:\ROBOT\Robot_Project\selenium_suite\demo8_hdfc_suite.robot">
<test id="s1-t1" name="TC1">
<kw name="Open Browser" library="SeleniumLibrary">
<arg>browser=chrome</arg>
<arg>executable_path=${EXECDIR}${/}driver${/}chromedriver.exe</arg>
<doc>Opens a new browser instance to the optional ``url``.</doc>
<msg timestamp="20220316 10:36:11.876" level="INFO">Opening browser 'chrome' to base url 'None'.</msg>
<status status="PASS" starttime="20220316 10:36:11.875" endtime="20220316 10:36:15.692"/>
</kw>
<kw name="Maximize Browser Window" library="SeleniumLibrary">
<doc>Maximizes current browser window.</doc>
<status status="PASS" starttime="20220316 10:36:15.694" endtime="20220316 10:36:15.845"/>
</kw>
<kw name="Set Selenium Implicit Wait" library="SeleniumLibrary">
<arg>20s</arg>
<doc>Sets the implicit wait value used by Selenium.</doc>
<status status="PASS" starttime="20220316 10:36:15.846" endtime="20220316 10:36:15.850"/>
</kw>
<kw name="Go To" library="SeleniumLibrary">
<arg>url=https://netbanking.hdfcbank.com/netbanking/IpinResetUsingOTP.htm</arg>
<doc>Navigates the current browser window to the provided ``url``.</doc>
<msg timestamp="20220316 10:36:15.854" level="INFO">Opening url 'https://netbanking.hdfcbank.com/netbanking/IpinResetUsingOTP.htm'</msg>
<status status="PASS" starttime="20220316 10:36:15.852" endtime="20220316 10:36:18.614"/>
</kw>
<kw name="Click Element" library="SeleniumLibrary">
<arg>xpath=//img[@alt='Go']</arg>
<doc>Click the element identified by ``locator``.</doc>
<msg timestamp="20220316 10:36:18.617" level="INFO">Clicking element 'xpath=//img[@alt='Go']'.</msg>
<status status="PASS" starttime="20220316 10:36:18.616" endtime="20220316 10:36:18.745"/>
</kw>
<kw name="Handle Alert" library="SeleniumLibrary">
<var>${alert_text}</var>
<arg>action=ACCEPT</arg>
<arg>timeout=50s</arg>
<doc>Handles the current alert and returns its message.</doc>
<msg timestamp="20220316 10:36:18.751" level="INFO">HANDLE::&lt;class 'datetime.timedelta'&gt;::0:00:50</msg>
<msg timestamp="20220316 10:36:18.761" level="INFO">${alert_text} = Customer ID  cannot be left blank.</msg>
<status status="PASS" starttime="20220316 10:36:18.750" endtime="20220316 10:36:18.761"/>
</kw>
<kw name="Log To Console" library="BuiltIn">
<arg>${alert_text}</arg>
<doc>Logs the given message to the console.</doc>
<status status="PASS" starttime="20220316 10:36:18.768" endtime="20220316 10:36:18.770"/>
</kw>
<kw name="Close Browser" library="SeleniumLibrary" type="TEARDOWN">
<doc>Closes the current browser.</doc>
<status status="PASS" starttime="20220316 10:36:18.781" endtime="20220316 10:36:21.716"/>
</kw>
<status status="PASS" starttime="20220316 10:36:11.873" endtime="20220316 10:36:21.717"/>
</test>
<test id="s1-t2" name="TC2">
<kw name="Open Browser" library="SeleniumLibrary">
<arg>browser=chrome</arg>
<arg>executable_path=${EXECDIR}${/}driver${/}chromedriver.exe</arg>
<doc>Opens a new browser instance to the optional ``url``.</doc>
<msg timestamp="20220316 10:36:21.722" level="INFO">Opening browser 'chrome' to base url 'None'.</msg>
<status status="PASS" starttime="20220316 10:36:21.721" endtime="20220316 10:36:24.616"/>
</kw>
<kw name="Maximize Browser Window" library="SeleniumLibrary">
<doc>Maximizes current browser window.</doc>
<status status="PASS" starttime="20220316 10:36:24.628" endtime="20220316 10:36:24.780"/>
</kw>
<kw name="Set Selenium Implicit Wait" library="SeleniumLibrary">
<arg>20s</arg>
<doc>Sets the implicit wait value used by Selenium.</doc>
<status status="PASS" starttime="20220316 10:36:24.781" endtime="20220316 10:36:24.785"/>
</kw>
<kw name="Go To" library="SeleniumLibrary">
<arg>url=https://nasscom.in/nasscom-membership</arg>
<doc>Navigates the current browser window to the provided ``url``.</doc>
<msg timestamp="20220316 10:36:24.787" level="INFO">Opening url 'https://nasscom.in/nasscom-membership'</msg>
<status status="PASS" starttime="20220316 10:36:24.786" endtime="20220316 10:36:30.356"/>
</kw>
<kw name="Click Element" library="SeleniumLibrary">
<arg>xpath=//a['id=edit-submitted-contact-person-for-nasscom-email-id-cp']</arg>
<doc>Click the element identified by ``locator``.</doc>
<msg timestamp="20220316 10:36:30.360" level="INFO">Clicking element 'xpath=//a['id=edit-submitted-contact-person-for-nasscom-email-id-cp']'.</msg>
<msg timestamp="20220316 10:36:31.884" level="INFO" html="true">&lt;/td&gt;&lt;/tr&gt;&lt;tr&gt;&lt;td colspan="3"&gt;&lt;a href="selenium-screenshot-10.png"&gt;&lt;img src="selenium-screenshot-10.png" width="800px"&gt;&lt;/a&gt;</msg>
<msg timestamp="20220316 10:36:32.057" level="FAIL">ElementClickInterceptedException: Message: element click intercepted: Element &lt;a href="#main-menu" class="element-invisible element-focusable"&gt;...&lt;/a&gt; is not clickable at point (674, 2). Other element would receive the click: &lt;div class="header-top"&gt;...&lt;/div&gt;
  (Session info: chrome=99.0.4844.51)
Stacktrace:
Backtrace:
	Ordinal0 [0x011E9943+2595139]
	Ordinal0 [0x0117C9F1+2148849]
	Ordinal0 [0x01074528+1066280]
	Ordinal0 [0x010A7621+1275425]
	Ordinal0 [0x010A5657+1267287]
	Ordinal0 [0x010A333B+1258299]
	Ordinal0 [0x010A207D+1253501]
	Ordinal0 [0x01097AB3+1211059]
	Ordinal0 [0x010BB9EC+1358316]
	Ordinal0 [0x01097474+1209460]
	Ordinal0 [0x010BBC04+1358852]
	Ordinal0 [0x010CBAF2+1424114]
	Ordinal0 [0x010BB806+1357830]
	Ordinal0 [0x01096086+1204358]
	Ordinal0 [0x01096F96+1208214]
	GetHandleVerifier [0x0138B232+1658114]
	GetHandleVerifier [0x0144312C+2411516]
	GetHandleVerifier [0x0127F261+560433]
	GetHandleVerifier [0x0127E366+556598]
	Ordinal0 [0x0118286B+2173035]
	Ordinal0 [0x011875F8+2192888]
	Ordinal0 [0x011876E5+2193125]
	Ordinal0 [0x011911FC+2232828]
	BaseThreadInitThunk [0x7594FA29+25]
	RtlGetAppContainerNamedObjectPath [0x77987A7E+286]
	RtlGetAppContainerNamedObjectPath [0x77987A4E+238]
</msg>
<status status="FAIL" starttime="20220316 10:36:30.359" endtime="20220316 10:36:32.057"/>
</kw>
<kw name="Handle Alert" library="SeleniumLibrary">
<var>${alert_text}</var>
<arg>action=ACCEPT</arg>
<arg>timeout=50s</arg>
<doc>Handles the current alert and returns its message.</doc>
<status status="NOT RUN" starttime="20220316 10:36:32.058" endtime="20220316 10:36:32.058"/>
</kw>
<kw name="Log To Console" library="BuiltIn">
<arg>${alert_text}</arg>
<doc>Logs the given message to the console.</doc>
<status status="NOT RUN" starttime="20220316 10:36:32.059" endtime="20220316 10:36:32.059"/>
</kw>
<kw name="Close Browser" library="SeleniumLibrary" type="TEARDOWN">
<doc>Closes the current browser.</doc>
<status status="PASS" starttime="20220316 10:36:32.060" endtime="20220316 10:36:34.494"/>
</kw>
<status status="FAIL" starttime="20220316 10:36:21.719" endtime="20220316 10:36:34.495">ElementClickInterceptedException: Message: element click intercepted: Element &lt;a href="#main-menu" class="element-invisible element-focusable"&gt;...&lt;/a&gt; is not clickable at point (674, 2). Other element would receive the click: &lt;div class="header-top"&gt;...&lt;/div&gt;
  (Session info: chrome=99.0.4844.51)
Stacktrace:
Backtrace:
	Ordinal0 [0x011E9943+2595139]
	Ordinal0 [0x0117C9F1+2148849]
	Ordinal0 [0x01074528+1066280]
	Ordinal0 [0x010A7621+1275425]
	Ordinal0 [0x010A5657+1267287]
	Ordinal0 [0x010A333B+1258299]
	Ordinal0 [0x010A207D+1253501]
	Ordinal0 [0x01097AB3+1211059]
	Ordinal0 [0x010BB9EC+1358316]
	Ordinal0 [0x01097474+1209460]
	Ordinal0 [0x010BBC04+1358852]
	Ordinal0 [0x010CBAF2+1424114]
	Ordinal0 [0x010BB806+1357830]
	Ordinal0 [0x01096086+1204358]
	Ordinal0 [0x01096F96+1208214]
	GetHandleVerifier [0x0138B232+1658114]
	GetHandleVerifier [0x0144312C+2411516]
	GetHandleVerifier [0x0127F261+560433]
	GetHandleVerifier [0x0127E366+556598]
	Ordinal0 [0x0118286B+2173035]
	Ordinal0 [0x011875F8+2192888]
	Ordinal0 [0x011876E5+2193125]
	Ordinal0 [0x011911FC+2232828]
	BaseThreadInitThunk [0x7594FA29+25]
	RtlGetAppContainerNamedObjectPath [0x77987A7E+286]
	RtlGetAppContainerNamedObjectPath [0x77987A4E+238]
</status>
</test>
<status status="FAIL" starttime="20220316 10:36:10.707" endtime="20220316 10:36:34.503"/>
</suite>
<statistics>
<total>
<stat pass="1" fail="1" skip="0">All Tests</stat>
</total>
<tag>
</tag>
<suite>
<stat pass="1" fail="1" skip="0" id="s1" name="Demo8 Hdfc Suite">Demo8 Hdfc Suite</stat>
</suite>
</statistics>
<errors>
</errors>
</robot>
