<?xml version="1.0" encoding="UTF-8"?>
<robot generator="Robot 4.1.3 (Python 3.10.2 on win32)" generated="20220318 15:15:20.971" rpa="false" schemaversion="2">
<suite id="s1" name="Demo11 Selenium Suite" source="D:\ROBOT\Robot_Project\selenium_suite\demo11_selenium_suite.robot">
<test id="s1-t1" name="TC1">
<kw name="Open Browser" library="SeleniumLibrary">
<arg>browser=chrome</arg>
<arg>executable_path=${EXECDIR}${/}driver${/}chromedriver.exe</arg>
<doc>Opens a new browser instance to the optional ``url``.</doc>
<msg timestamp="20220318 15:15:22.852" level="INFO">Opening browser 'chrome' to base url 'None'.</msg>
<status status="PASS" starttime="20220318 15:15:22.851" endtime="20220318 15:15:39.533"/>
</kw>
<kw name="Maximize Browser Window" library="SeleniumLibrary">
<doc>Maximizes current browser window.</doc>
<status status="PASS" starttime="20220318 15:15:39.534" endtime="20220318 15:15:39.788"/>
</kw>
<kw name="Set Selenium Implicit Wait" library="SeleniumLibrary">
<arg>20s</arg>
<doc>Sets the implicit wait value used by Selenium.</doc>
<status status="PASS" starttime="20220318 15:15:39.789" endtime="20220318 15:15:39.809"/>
</kw>
<kw name="Go To" library="SeleniumLibrary">
<arg>url=https://john:john123@softwaretesting.com</arg>
<doc>Navigates the current browser window to the provided ``url``.</doc>
<msg timestamp="20220318 15:15:39.810" level="INFO">Opening url 'https://john:john123@softwaretesting.com'</msg>
<status status="PASS" starttime="20220318 15:15:39.810" endtime="20220318 15:15:42.797"/>
</kw>
<status status="PASS" starttime="20220318 15:15:22.850" endtime="20220318 15:15:42.798"/>
</test>
<test id="s1-t2" name="TC2">
<kw name="Open Browser" library="SeleniumLibrary">
<arg>browser=chrome</arg>
<arg>executable_path=${EXECDIR}${/}driver${/}chromedriver.exe</arg>
<doc>Opens a new browser instance to the optional ``url``.</doc>
<msg timestamp="20220318 15:15:42.804" level="INFO">Opening browser 'chrome' to base url 'None'.</msg>
<status status="PASS" starttime="20220318 15:15:42.802" endtime="20220318 15:15:47.123"/>
</kw>
<kw name="Maximize Browser Window" library="SeleniumLibrary">
<doc>Maximizes current browser window.</doc>
<status status="PASS" starttime="20220318 15:15:47.124" endtime="20220318 15:15:47.285"/>
</kw>
<kw name="Set Selenium Implicit Wait" library="SeleniumLibrary">
<arg>20s</arg>
<doc>Sets the implicit wait value used by Selenium.</doc>
<status status="PASS" starttime="20220318 15:15:47.286" endtime="20220318 15:15:47.290"/>
</kw>
<kw name="Go To" library="SeleniumLibrary">
<arg>url=https://softwaretesting.com/</arg>
<doc>Navigates the current browser window to the provided ``url``.</doc>
<msg timestamp="20220318 15:15:47.292" level="INFO">Opening url 'https://softwaretesting.com/'</msg>
<status status="PASS" starttime="20220318 15:15:47.292" endtime="20220318 15:15:50.173"/>
</kw>
<kw name="Sleep" library="BuiltIn">
<arg>5s</arg>
<doc>Pauses the test executed for the given time.</doc>
<msg timestamp="20220318 15:15:55.176" level="INFO">Slept 5 seconds</msg>
<status status="PASS" starttime="20220318 15:15:50.174" endtime="20220318 15:15:55.176"/>
</kw>
<kw name="Send" library="AutoItLibrary">
<arg>Anupriya</arg>
<doc>method Send</doc>
<status status="PASS" starttime="20220318 15:15:55.177" endtime="20220318 15:15:55.357"/>
</kw>
<kw name="Send" library="AutoItLibrary">
<arg>{TAB}</arg>
<doc>method Send</doc>
<status status="PASS" starttime="20220318 15:15:55.358" endtime="20220318 15:15:55.403"/>
</kw>
<kw name="Send" library="AutoItLibrary">
<arg>pass123</arg>
<doc>method Send</doc>
<status status="PASS" starttime="20220318 15:15:55.404" endtime="20220318 15:15:55.500"/>
</kw>
<kw name="Send" library="AutoItLibrary">
<arg>{ENTER}</arg>
<doc>method Send</doc>
<status status="PASS" starttime="20220318 15:15:55.502" endtime="20220318 15:15:55.535"/>
</kw>
<status status="PASS" starttime="20220318 15:15:42.801" endtime="20220318 15:15:55.540"/>
</test>
<status status="PASS" starttime="20220318 15:15:20.992" endtime="20220318 15:15:55.551"/>
</suite>
<statistics>
<total>
<stat pass="2" fail="0" skip="0">All Tests</stat>
</total>
<tag>
</tag>
<suite>
<stat pass="2" fail="0" skip="0" id="s1" name="Demo11 Selenium Suite">Demo11 Selenium Suite</stat>
</suite>
</statistics>
<errors>
</errors>
</robot>
