<?xml version="1.0" encoding="UTF-8"?>
<robot generator="Robot 4.1.3 (Python 3.10.2 on win32)" generated="20220321 12:43:05.863" rpa="false" schemaversion="2">
<suite id="s1" name="Demo16 Webelements Suite" source="D:\ROBOT\Robot_Project\selenium_suite\demo16_webelements_suite.robot">
<test id="s1-t1" name="TC1">
<kw name="Open Browser" library="SeleniumLibrary">
<arg>browser=chrome</arg>
<arg>executable_path=${EXECDIR}${/}driver${/}chromedriver.exe</arg>
<doc>Opens a new browser instance to the optional ``url``.</doc>
<msg timestamp="20220321 12:43:06.347" level="INFO">Opening browser 'chrome' to base url 'None'.</msg>
<status status="PASS" starttime="20220321 12:43:06.347" endtime="20220321 12:43:09.470"/>
</kw>
<kw name="Maximize Browser Window" library="SeleniumLibrary">
<doc>Maximizes current browser window.</doc>
<status status="PASS" starttime="20220321 12:43:09.473" endtime="20220321 12:43:09.606"/>
</kw>
<kw name="Set Selenium Implicit Wait" library="SeleniumLibrary">
<arg>20s</arg>
<doc>Sets the implicit wait value used by Selenium.</doc>
<status status="PASS" starttime="20220321 12:43:09.606" endtime="20220321 12:43:09.606"/>
</kw>
<kw name="Go To" library="SeleniumLibrary">
<arg>url=http://google.com/</arg>
<doc>Navigates the current browser window to the provided ``url``.</doc>
<msg timestamp="20220321 12:43:09.606" level="INFO">Opening url 'http://google.com/'</msg>
<status status="PASS" starttime="20220321 12:43:09.606" endtime="20220321 12:43:21.007"/>
</kw>
<kw name="Get Element Count" library="SeleniumLibrary">
<var>${link_count}</var>
<arg>tag=a</arg>
<doc>Returns the number of elements matching ``locator``.</doc>
<msg timestamp="20220321 12:43:21.034" level="INFO">${link_count} = 25</msg>
<status status="PASS" starttime="20220321 12:43:21.008" endtime="20220321 12:43:21.034"/>
</kw>
<kw name="Log To Console" library="BuiltIn">
<arg>${link_count}</arg>
<doc>Logs the given message to the console.</doc>
<status status="PASS" starttime="20220321 12:43:21.035" endtime="20220321 12:43:21.035"/>
</kw>
<kw name="Get WebElements" library="SeleniumLibrary">
<var>@{elements}</var>
<arg>tag=a</arg>
<doc>Returns a list of WebElement objects matching the ``locator``.</doc>
<msg timestamp="20220321 12:43:21.049" level="INFO">@{elements} = [ &lt;selenium.webdriver.remote.webelement.WebElement (session="eb992daf1357e6193a259396f9e92e48", element="6875d892-f011-4c29-bc9d-192a7c12ef8a")&gt; | &lt;selenium.webdriver.remote.webelement.WebElement (ses...</msg>
<status status="PASS" starttime="20220321 12:43:21.036" endtime="20220321 12:43:21.049"/>
</kw>
<kw name="Log To Console" library="BuiltIn">
<arg>${elements}</arg>
<doc>Logs the given message to the console.</doc>
<status status="PASS" starttime="20220321 12:43:21.049" endtime="20220321 12:43:21.054"/>
</kw>
<kw name="Get Text" library="SeleniumLibrary">
<var>${text}</var>
<arg>${elements}[0]</arg>
<doc>Returns the text value of the element identified by ``locator``.</doc>
<msg timestamp="20220321 12:43:21.074" level="INFO">${text} = Gmail</msg>
<status status="PASS" starttime="20220321 12:43:21.055" endtime="20220321 12:43:21.074"/>
</kw>
<kw name="Log To Console" library="BuiltIn">
<arg>${text}</arg>
<doc>Logs the given message to the console.</doc>
<status status="PASS" starttime="20220321 12:43:21.074" endtime="20220321 12:43:21.074"/>
</kw>
<for flavor="IN RANGE">
<var>${i}</var>
<value>0</value>
<value>25</value>
<value>1</value>
<iter>
<var name="${i}">0</var>
<kw name="Get Text" library="SeleniumLibrary">
<var>${text}</var>
<arg>${elements}[${i}]</arg>
<doc>Returns the text value of the element identified by ``locator``.</doc>
<msg timestamp="20220321 12:43:21.090" level="INFO">${text} = Gmail</msg>
<status status="PASS" starttime="20220321 12:43:21.074" endtime="20220321 12:43:21.090"/>
</kw>
<kw name="Log To Console" library="BuiltIn">
<arg>${text}</arg>
<doc>Logs the given message to the console.</doc>
<status status="PASS" starttime="20220321 12:43:21.090" endtime="20220321 12:43:21.090"/>
</kw>
<status status="PASS" starttime="20220321 12:43:21.074" endtime="20220321 12:43:21.090"/>
</iter>
<iter>
<var name="${i}">1</var>
<kw name="Get Text" library="SeleniumLibrary">
<var>${text}</var>
<arg>${elements}[${i}]</arg>
<doc>Returns the text value of the element identified by ``locator``.</doc>
<msg timestamp="20220321 12:43:21.105" level="INFO">${text} = Images</msg>
<status status="PASS" starttime="20220321 12:43:21.090" endtime="20220321 12:43:21.105"/>
</kw>
<kw name="Log To Console" library="BuiltIn">
<arg>${text}</arg>
<doc>Logs the given message to the console.</doc>
<status status="PASS" starttime="20220321 12:43:21.105" endtime="20220321 12:43:21.105"/>
</kw>
<status status="PASS" starttime="20220321 12:43:21.090" endtime="20220321 12:43:21.105"/>
</iter>
<iter>
<var name="${i}">2</var>
<kw name="Get Text" library="SeleniumLibrary">
<var>${text}</var>
<arg>${elements}[${i}]</arg>
<doc>Returns the text value of the element identified by ``locator``.</doc>
<msg timestamp="20220321 12:43:21.121" level="INFO">${text} = </msg>
<status status="PASS" starttime="20220321 12:43:21.105" endtime="20220321 12:43:21.121"/>
</kw>
<kw name="Log To Console" library="BuiltIn">
<arg>${text}</arg>
<doc>Logs the given message to the console.</doc>
<status status="PASS" starttime="20220321 12:43:21.121" endtime="20220321 12:43:21.137"/>
</kw>
<status status="PASS" starttime="20220321 12:43:21.105" endtime="20220321 12:43:21.137"/>
</iter>
<iter>
<var name="${i}">3</var>
<kw name="Get Text" library="SeleniumLibrary">
<var>${text}</var>
<arg>${elements}[${i}]</arg>
<doc>Returns the text value of the element identified by ``locator``.</doc>
<msg timestamp="20220321 12:43:21.152" level="INFO">${text} = Sign in</msg>
<status status="PASS" starttime="20220321 12:43:21.137" endtime="20220321 12:43:21.152"/>
</kw>
<kw name="Log To Console" library="BuiltIn">
<arg>${text}</arg>
<doc>Logs the given message to the console.</doc>
<status status="PASS" starttime="20220321 12:43:21.152" endtime="20220321 12:43:21.152"/>
</kw>
<status status="PASS" starttime="20220321 12:43:21.137" endtime="20220321 12:43:21.152"/>
</iter>
<iter>
<var name="${i}">4</var>
<kw name="Get Text" library="SeleniumLibrary">
<var>${text}</var>
<arg>${elements}[${i}]</arg>
<doc>Returns the text value of the element identified by ``locator``.</doc>
<msg timestamp="20220321 12:43:21.168" level="INFO">${text} = </msg>
<status status="PASS" starttime="20220321 12:43:21.152" endtime="20220321 12:43:21.168"/>
</kw>
<kw name="Log To Console" library="BuiltIn">
<arg>${text}</arg>
<doc>Logs the given message to the console.</doc>
<status status="PASS" starttime="20220321 12:43:21.168" endtime="20220321 12:43:21.168"/>
</kw>
<status status="PASS" starttime="20220321 12:43:21.152" endtime="20220321 12:43:21.168"/>
</iter>
<iter>
<var name="${i}">5</var>
<kw name="Get Text" library="SeleniumLibrary">
<var>${text}</var>
<arg>${elements}[${i}]</arg>
<doc>Returns the text value of the element identified by ``locator``.</doc>
<msg timestamp="20220321 12:43:21.237" level="INFO">${text} = हिन्दी</msg>
<status status="PASS" starttime="20220321 12:43:21.168" endtime="20220321 12:43:21.252"/>
</kw>
<kw name="Log To Console" library="BuiltIn">
<arg>${text}</arg>
<doc>Logs the given message to the console.</doc>
<status status="PASS" starttime="20220321 12:43:21.252" endtime="20220321 12:43:21.252"/>
</kw>
<status status="PASS" starttime="20220321 12:43:21.168" endtime="20220321 12:43:21.252"/>
</iter>
<iter>
<var name="${i}">6</var>
<kw name="Get Text" library="SeleniumLibrary">
<var>${text}</var>
<arg>${elements}[${i}]</arg>
<doc>Returns the text value of the element identified by ``locator``.</doc>
<msg timestamp="20220321 12:43:21.324" level="INFO">${text} = বাংলা</msg>
<status status="PASS" starttime="20220321 12:43:21.252" endtime="20220321 12:43:21.324"/>
</kw>
<kw name="Log To Console" library="BuiltIn">
<arg>${text}</arg>
<doc>Logs the given message to the console.</doc>
<status status="PASS" starttime="20220321 12:43:21.339" endtime="20220321 12:43:21.339"/>
</kw>
<status status="PASS" starttime="20220321 12:43:21.252" endtime="20220321 12:43:21.339"/>
</iter>
<iter>
<var name="${i}">7</var>
<kw name="Get Text" library="SeleniumLibrary">
<var>${text}</var>
<arg>${elements}[${i}]</arg>
<doc>Returns the text value of the element identified by ``locator``.</doc>
<msg timestamp="20220321 12:43:21.355" level="INFO">${text} = తెలుగు</msg>
<status status="PASS" starttime="20220321 12:43:21.339" endtime="20220321 12:43:21.355"/>
</kw>
<kw name="Log To Console" library="BuiltIn">
<arg>${text}</arg>
<doc>Logs the given message to the console.</doc>
<status status="PASS" starttime="20220321 12:43:21.355" endtime="20220321 12:43:21.355"/>
</kw>
<status status="PASS" starttime="20220321 12:43:21.339" endtime="20220321 12:43:21.355"/>
</iter>
<iter>
<var name="${i}">8</var>
<kw name="Get Text" library="SeleniumLibrary">
<var>${text}</var>
<arg>${elements}[${i}]</arg>
<doc>Returns the text value of the element identified by ``locator``.</doc>
<msg timestamp="20220321 12:43:21.371" level="INFO">${text} = मराठी</msg>
<status status="PASS" starttime="20220321 12:43:21.355" endtime="20220321 12:43:21.371"/>
</kw>
<kw name="Log To Console" library="BuiltIn">
<arg>${text}</arg>
<doc>Logs the given message to the console.</doc>
<status status="PASS" starttime="20220321 12:43:21.371" endtime="20220321 12:43:21.371"/>
</kw>
<status status="PASS" starttime="20220321 12:43:21.355" endtime="20220321 12:43:21.371"/>
</iter>
<iter>
<var name="${i}">9</var>
<kw name="Get Text" library="SeleniumLibrary">
<var>${text}</var>
<arg>${elements}[${i}]</arg>
<doc>Returns the text value of the element identified by ``locator``.</doc>
<msg timestamp="20220321 12:43:21.386" level="INFO">${text} = தமிழ்</msg>
<status status="PASS" starttime="20220321 12:43:21.371" endtime="20220321 12:43:21.386"/>
</kw>
<kw name="Log To Console" library="BuiltIn">
<arg>${text}</arg>
<doc>Logs the given message to the console.</doc>
<status status="PASS" starttime="20220321 12:43:21.386" endtime="20220321 12:43:21.386"/>
</kw>
<status status="PASS" starttime="20220321 12:43:21.371" endtime="20220321 12:43:21.386"/>
</iter>
<iter>
<var name="${i}">10</var>
<kw name="Get Text" library="SeleniumLibrary">
<var>${text}</var>
<arg>${elements}[${i}]</arg>
<doc>Returns the text value of the element identified by ``locator``.</doc>
<msg timestamp="20220321 12:43:21.417" level="INFO">${text} = ગુજરાતી</msg>
<status status="PASS" starttime="20220321 12:43:21.386" endtime="20220321 12:43:21.417"/>
</kw>
<kw name="Log To Console" library="BuiltIn">
<arg>${text}</arg>
<doc>Logs the given message to the console.</doc>
<status status="PASS" starttime="20220321 12:43:21.417" endtime="20220321 12:43:21.417"/>
</kw>
<status status="PASS" starttime="20220321 12:43:21.386" endtime="20220321 12:43:21.417"/>
</iter>
<iter>
<var name="${i}">11</var>
<kw name="Get Text" library="SeleniumLibrary">
<var>${text}</var>
<arg>${elements}[${i}]</arg>
<doc>Returns the text value of the element identified by ``locator``.</doc>
<msg timestamp="20220321 12:43:21.441" level="INFO">${text} = ಕನ್ನಡ</msg>
<status status="PASS" starttime="20220321 12:43:21.417" endtime="20220321 12:43:21.441"/>
</kw>
<kw name="Log To Console" library="BuiltIn">
<arg>${text}</arg>
<doc>Logs the given message to the console.</doc>
<status status="PASS" starttime="20220321 12:43:21.441" endtime="20220321 12:43:21.441"/>
</kw>
<status status="PASS" starttime="20220321 12:43:21.417" endtime="20220321 12:43:21.442"/>
</iter>
<iter>
<var name="${i}">12</var>
<kw name="Get Text" library="SeleniumLibrary">
<var>${text}</var>
<arg>${elements}[${i}]</arg>
<doc>Returns the text value of the element identified by ``locator``.</doc>
<msg timestamp="20220321 12:43:21.457" level="INFO">${text} = മലയാളം</msg>
<status status="PASS" starttime="20220321 12:43:21.442" endtime="20220321 12:43:21.457"/>
</kw>
<kw name="Log To Console" library="BuiltIn">
<arg>${text}</arg>
<doc>Logs the given message to the console.</doc>
<status status="PASS" starttime="20220321 12:43:21.457" endtime="20220321 12:43:21.457"/>
</kw>
<status status="PASS" starttime="20220321 12:43:21.442" endtime="20220321 12:43:21.457"/>
</iter>
<iter>
<var name="${i}">13</var>
<kw name="Get Text" library="SeleniumLibrary">
<var>${text}</var>
<arg>${elements}[${i}]</arg>
<doc>Returns the text value of the element identified by ``locator``.</doc>
<msg timestamp="20220321 12:43:21.473" level="INFO">${text} = ਪੰਜਾਬੀ</msg>
<status status="PASS" starttime="20220321 12:43:21.457" endtime="20220321 12:43:21.473"/>
</kw>
<kw name="Log To Console" library="BuiltIn">
<arg>${text}</arg>
<doc>Logs the given message to the console.</doc>
<status status="PASS" starttime="20220321 12:43:21.473" endtime="20220321 12:43:21.473"/>
</kw>
<status status="PASS" starttime="20220321 12:43:21.457" endtime="20220321 12:43:21.473"/>
</iter>
<iter>
<var name="${i}">14</var>
<kw name="Get Text" library="SeleniumLibrary">
<var>${text}</var>
<arg>${elements}[${i}]</arg>
<doc>Returns the text value of the element identified by ``locator``.</doc>
<msg timestamp="20220321 12:43:21.489" level="INFO">${text} = About</msg>
<status status="PASS" starttime="20220321 12:43:21.473" endtime="20220321 12:43:21.489"/>
</kw>
<kw name="Log To Console" library="BuiltIn">
<arg>${text}</arg>
<doc>Logs the given message to the console.</doc>
<status status="PASS" starttime="20220321 12:43:21.489" endtime="20220321 12:43:21.489"/>
</kw>
<status status="PASS" starttime="20220321 12:43:21.473" endtime="20220321 12:43:21.489"/>
</iter>
<iter>
<var name="${i}">15</var>
<kw name="Get Text" library="SeleniumLibrary">
<var>${text}</var>
<arg>${elements}[${i}]</arg>
<doc>Returns the text value of the element identified by ``locator``.</doc>
<msg timestamp="20220321 12:43:21.520" level="INFO">${text} = Advertising</msg>
<status status="PASS" starttime="20220321 12:43:21.489" endtime="20220321 12:43:21.520"/>
</kw>
<kw name="Log To Console" library="BuiltIn">
<arg>${text}</arg>
<doc>Logs the given message to the console.</doc>
<status status="PASS" starttime="20220321 12:43:21.527" endtime="20220321 12:43:21.529"/>
</kw>
<status status="PASS" starttime="20220321 12:43:21.489" endtime="20220321 12:43:21.529"/>
</iter>
<iter>
<var name="${i}">16</var>
<kw name="Get Text" library="SeleniumLibrary">
<var>${text}</var>
<arg>${elements}[${i}]</arg>
<doc>Returns the text value of the element identified by ``locator``.</doc>
<msg timestamp="20220321 12:43:21.555" level="INFO">${text} = Business</msg>
<status status="PASS" starttime="20220321 12:43:21.530" endtime="20220321 12:43:21.555"/>
</kw>
<kw name="Log To Console" library="BuiltIn">
<arg>${text}</arg>
<doc>Logs the given message to the console.</doc>
<status status="PASS" starttime="20220321 12:43:21.555" endtime="20220321 12:43:21.557"/>
</kw>
<status status="PASS" starttime="20220321 12:43:21.529" endtime="20220321 12:43:21.557"/>
</iter>
<iter>
<var name="${i}">17</var>
<kw name="Get Text" library="SeleniumLibrary">
<var>${text}</var>
<arg>${elements}[${i}]</arg>
<doc>Returns the text value of the element identified by ``locator``.</doc>
<msg timestamp="20220321 12:43:21.580" level="INFO">${text} = How Search works</msg>
<status status="PASS" starttime="20220321 12:43:21.557" endtime="20220321 12:43:21.580"/>
</kw>
<kw name="Log To Console" library="BuiltIn">
<arg>${text}</arg>
<doc>Logs the given message to the console.</doc>
<status status="PASS" starttime="20220321 12:43:21.580" endtime="20220321 12:43:21.581"/>
</kw>
<status status="PASS" starttime="20220321 12:43:21.557" endtime="20220321 12:43:21.581"/>
</iter>
<iter>
<var name="${i}">18</var>
<kw name="Get Text" library="SeleniumLibrary">
<var>${text}</var>
<arg>${elements}[${i}]</arg>
<doc>Returns the text value of the element identified by ``locator``.</doc>
<msg timestamp="20220321 12:43:21.591" level="INFO">${text} = Privacy</msg>
<status status="PASS" starttime="20220321 12:43:21.581" endtime="20220321 12:43:21.591"/>
</kw>
<kw name="Log To Console" library="BuiltIn">
<arg>${text}</arg>
<doc>Logs the given message to the console.</doc>
<status status="PASS" starttime="20220321 12:43:21.591" endtime="20220321 12:43:21.591"/>
</kw>
<status status="PASS" starttime="20220321 12:43:21.581" endtime="20220321 12:43:21.591"/>
</iter>
<iter>
<var name="${i}">19</var>
<kw name="Get Text" library="SeleniumLibrary">
<var>${text}</var>
<arg>${elements}[${i}]</arg>
<doc>Returns the text value of the element identified by ``locator``.</doc>
<msg timestamp="20220321 12:43:21.623" level="INFO">${text} = Terms</msg>
<status status="PASS" starttime="20220321 12:43:21.591" endtime="20220321 12:43:21.623"/>
</kw>
<kw name="Log To Console" library="BuiltIn">
<arg>${text}</arg>
<doc>Logs the given message to the console.</doc>
<status status="PASS" starttime="20220321 12:43:21.623" endtime="20220321 12:43:21.623"/>
</kw>
<status status="PASS" starttime="20220321 12:43:21.591" endtime="20220321 12:43:21.623"/>
</iter>
<iter>
<var name="${i}">20</var>
<kw name="Get Text" library="SeleniumLibrary">
<var>${text}</var>
<arg>${elements}[${i}]</arg>
<doc>Returns the text value of the element identified by ``locator``.</doc>
<msg timestamp="20220321 12:43:21.638" level="INFO">${text} = </msg>
<status status="PASS" starttime="20220321 12:43:21.623" endtime="20220321 12:43:21.638"/>
</kw>
<kw name="Log To Console" library="BuiltIn">
<arg>${text}</arg>
<doc>Logs the given message to the console.</doc>
<status status="PASS" starttime="20220321 12:43:21.638" endtime="20220321 12:43:21.638"/>
</kw>
<status status="PASS" starttime="20220321 12:43:21.623" endtime="20220321 12:43:21.638"/>
</iter>
<iter>
<var name="${i}">21</var>
<kw name="Get Text" library="SeleniumLibrary">
<var>${text}</var>
<arg>${elements}[${i}]</arg>
<doc>Returns the text value of the element identified by ``locator``.</doc>
<msg timestamp="20220321 12:43:21.654" level="INFO">${text} = </msg>
<status status="PASS" starttime="20220321 12:43:21.638" endtime="20220321 12:43:21.654"/>
</kw>
<kw name="Log To Console" library="BuiltIn">
<arg>${text}</arg>
<doc>Logs the given message to the console.</doc>
<status status="PASS" starttime="20220321 12:43:21.654" endtime="20220321 12:43:21.654"/>
</kw>
<status status="PASS" starttime="20220321 12:43:21.638" endtime="20220321 12:43:21.654"/>
</iter>
<iter>
<var name="${i}">22</var>
<kw name="Get Text" library="SeleniumLibrary">
<var>${text}</var>
<arg>${elements}[${i}]</arg>
<doc>Returns the text value of the element identified by ``locator``.</doc>
<msg timestamp="20220321 12:43:21.685" level="INFO">${text} = </msg>
<status status="PASS" starttime="20220321 12:43:21.654" endtime="20220321 12:43:21.685"/>
</kw>
<kw name="Log To Console" library="BuiltIn">
<arg>${text}</arg>
<doc>Logs the given message to the console.</doc>
<status status="PASS" starttime="20220321 12:43:21.685" endtime="20220321 12:43:21.685"/>
</kw>
<status status="PASS" starttime="20220321 12:43:21.654" endtime="20220321 12:43:21.685"/>
</iter>
<iter>
<var name="${i}">23</var>
<kw name="Get Text" library="SeleniumLibrary">
<var>${text}</var>
<arg>${elements}[${i}]</arg>
<doc>Returns the text value of the element identified by ``locator``.</doc>
<msg timestamp="20220321 12:43:21.701" level="INFO">${text} = </msg>
<status status="PASS" starttime="20220321 12:43:21.685" endtime="20220321 12:43:21.701"/>
</kw>
<kw name="Log To Console" library="BuiltIn">
<arg>${text}</arg>
<doc>Logs the given message to the console.</doc>
<status status="PASS" starttime="20220321 12:43:21.701" endtime="20220321 12:43:21.701"/>
</kw>
<status status="PASS" starttime="20220321 12:43:21.685" endtime="20220321 12:43:21.701"/>
</iter>
<iter>
<var name="${i}">24</var>
<kw name="Get Text" library="SeleniumLibrary">
<var>${text}</var>
<arg>${elements}[${i}]</arg>
<doc>Returns the text value of the element identified by ``locator``.</doc>
<msg timestamp="20220321 12:43:21.716" level="INFO">${text} = </msg>
<status status="PASS" starttime="20220321 12:43:21.701" endtime="20220321 12:43:21.716"/>
</kw>
<kw name="Log To Console" library="BuiltIn">
<arg>${text}</arg>
<doc>Logs the given message to the console.</doc>
<status status="PASS" starttime="20220321 12:43:21.716" endtime="20220321 12:43:21.716"/>
</kw>
<status status="PASS" starttime="20220321 12:43:21.701" endtime="20220321 12:43:21.716"/>
</iter>
<status status="PASS" starttime="20220321 12:43:21.074" endtime="20220321 12:43:21.716"/>
</for>
<for flavor="IN">
<var>${element}</var>
<value>@{elements}</value>
<iter>
<var name="${element}">&lt;selenium.webdriver.remote.webelement.WebElement (session="eb992daf1357e6193a259396f9e92e48", element="6875d892-f011-4c29-bc9d-192a7c12ef8a")&gt;</var>
<kw name="Get Text" library="SeleniumLibrary">
<var>${text}</var>
<arg>${element}</arg>
<doc>Returns the text value of the element identified by ``locator``.</doc>
<msg timestamp="20220321 12:43:21.732" level="INFO">${text} = Gmail</msg>
<status status="PASS" starttime="20220321 12:43:21.716" endtime="20220321 12:43:21.732"/>
</kw>
<kw name="Log To Console" library="BuiltIn">
<arg>${text}</arg>
<doc>Logs the given message to the console.</doc>
<status status="PASS" starttime="20220321 12:43:21.732" endtime="20220321 12:43:21.732"/>
</kw>
<kw name="Run Keyword If" library="BuiltIn">
<arg>'${text}'=='Images'</arg>
<arg>Click Element</arg>
<arg>${element}</arg>
<doc>Runs the given keyword with the given arguments, if ``condition`` is true.</doc>
<status status="PASS" starttime="20220321 12:43:21.732" endtime="20220321 12:43:21.732"/>
</kw>
<kw name="Exit For Loop If" library="BuiltIn">
<arg>'${text}'=='Images'</arg>
<doc>Stops executing the enclosing for loop if the ``condition`` is true.</doc>
<status status="PASS" starttime="20220321 12:43:21.732" endtime="20220321 12:43:21.732"/>
</kw>
<status status="PASS" starttime="20220321 12:43:21.716" endtime="20220321 12:43:21.732"/>
</iter>
<iter>
<var name="${element}">&lt;selenium.webdriver.remote.webelement.WebElement (session="eb992daf1357e6193a259396f9e92e48", element="9238d796-801d-4fc1-a72f-e674cc8d4faf")&gt;</var>
<kw name="Get Text" library="SeleniumLibrary">
<var>${text}</var>
<arg>${element}</arg>
<doc>Returns the text value of the element identified by ``locator``.</doc>
<msg timestamp="20220321 12:43:21.748" level="INFO">${text} = Images</msg>
<status status="PASS" starttime="20220321 12:43:21.732" endtime="20220321 12:43:21.748"/>
</kw>
<kw name="Log To Console" library="BuiltIn">
<arg>${text}</arg>
<doc>Logs the given message to the console.</doc>
<status status="PASS" starttime="20220321 12:43:21.748" endtime="20220321 12:43:21.748"/>
</kw>
<kw name="Run Keyword If" library="BuiltIn">
<arg>'${text}'=='Images'</arg>
<arg>Click Element</arg>
<arg>${element}</arg>
<doc>Runs the given keyword with the given arguments, if ``condition`` is true.</doc>
<kw name="Click Element" library="SeleniumLibrary">
<arg>${element}</arg>
<doc>Click the element identified by ``locator``.</doc>
<msg timestamp="20220321 12:43:21.748" level="INFO">Clicking element '&lt;selenium.webdriver.remote.webelement.WebElement (session="eb992daf1357e6193a259396f9e92e48", element="9238d796-801d-4fc1-a72f-e674cc8d4faf")&gt;'.</msg>
<status status="PASS" starttime="20220321 12:43:21.748" endtime="20220321 12:43:24.509"/>
</kw>
<status status="PASS" starttime="20220321 12:43:21.748" endtime="20220321 12:43:24.510"/>
</kw>
<kw name="Exit For Loop If" library="BuiltIn">
<arg>'${text}'=='Images'</arg>
<doc>Stops executing the enclosing for loop if the ``condition`` is true.</doc>
<msg timestamp="20220321 12:43:24.512" level="INFO">Exiting for loop altogether.</msg>
<status status="PASS" starttime="20220321 12:43:24.510" endtime="20220321 12:43:24.513"/>
</kw>
<status status="PASS" starttime="20220321 12:43:21.732" endtime="20220321 12:43:24.513"/>
</iter>
<status status="PASS" starttime="20220321 12:43:21.716" endtime="20220321 12:43:24.514"/>
</for>
<kw name="Close Browser" library="SeleniumLibrary" type="TEARDOWN">
<doc>Closes the current browser.</doc>
<status status="PASS" starttime="20220321 12:43:24.515" endtime="20220321 12:43:26.853"/>
</kw>
<status status="PASS" starttime="20220321 12:43:06.347" endtime="20220321 12:43:26.853"/>
</test>
<status status="PASS" starttime="20220321 12:43:05.863" endtime="20220321 12:43:26.853"/>
</suite>
<statistics>
<total>
<stat pass="1" fail="0" skip="0">All Tests</stat>
</total>
<tag>
</tag>
<suite>
<stat pass="1" fail="0" skip="0" id="s1" name="Demo16 Webelements Suite">Demo16 Webelements Suite</stat>
</suite>
</statistics>
<errors>
</errors>
</robot>
